[startup] Adding worker processes...
[startup] Workers: 20
[startup] Loading modules on all workers...
[startup] Loading main-process packages...
[startup] All packages loaded.
[setup] Building 4-port geometry...
[setup] Geometry built. Nx=500 Ny=500
[setup] Calibrating straight waveguide...
[setup] Calibration done.
[setup] Design region: 300×300 = 90000 parameters
[init] s₁=[2.1, 2.861], s₂=[1.662, 2.496], s₃=[2.428, 2.625]
[optim] Building density filter (R=5.0)...
[optim] Filter: 7185936 nonzeros
[optim] β schedule: double at iters [200, 400, 600, 800, 1000, 1200, 1400, 1600] (β: 1.0 → 256.0)
[optim] n_iters=2000  lr_geom=0.001  lr_s=0.01  N_steps=3  n_episodes=20
[optim] Interactive control file: /home/zlin/BFIMGaussian/checkpoints_dopt/control.toml
  [dopt] FDFD forward...
  [dopt] D-optimal gradients (20 episodes, 3 steps)...
  [dopt] FDFD backward...
  [dopt] Done. -logdet(J_N)=-86.7146
iter 1/2000  149.6s  -logdet=-86.7146  |grad_ε| avg=0.00455 max=0.0332  |grad_s| [0.273, 0.781, 0.612]  s=(2.09,2.851) (1.672,2.486) (2.418,2.615)  β=1.0
  [dopt] FDFD forward...
  [dopt] D-optimal gradients (20 episodes, 3 steps)...
  [dopt] FDFD backward...
  [dopt] Done. -logdet(J_N)=-87.1528
iter 2/2000  61.8s  -logdet=-87.1528  |grad_ε| avg=0.00467 max=0.0338  |grad_s| [0.385, 0.692, 0.554]  s=(2.081,2.841) (1.682,2.476) (2.408,2.605)  β=1.0
  [dopt] FDFD forward...
  [dopt] D-optimal gradients (20 episodes, 3 steps)...
  [dopt] FDFD backward...
  [dopt] Done. -logdet(J_N)=-87.585
iter 3/2000  60.0s  -logdet=-87.585  |grad_ε| avg=0.00462 max=0.033  |grad_s| [0.44, 0.599, 0.487]  s=(2.075,2.831) (1.692,2.466) (2.397,2.595)  β=1.0
  [dopt] FDFD forward...
  [dopt] D-optimal gradients (20 episodes, 3 steps)...
  [dopt] FDFD backward...
  [dopt] Done. -logdet(J_N)=-88.0011
iter 4/2000  60.1s  -logdet=-88.0011  |grad_ε| avg=0.00448 max=0.0317  |grad_s| [0.461, 0.515, 0.423]  s=(2.072,2.821) (1.702,2.456) (2.387,2.585)  β=1.0
  [dopt] FDFD forward...
  [dopt] D-optimal gradients (20 episodes, 3 steps)...
  [dopt] FDFD backward...
  [dopt] Done. -logdet(J_N)=-88.3986
iter 5/2000  60.5s  -logdet=-88.3986  |grad_ε| avg=0.00431 max=0.0302  |grad_s| [0.456, 0.435, 0.364]  s=(2.073,2.811) (1.712,2.447) (2.377,2.575)  β=1.0
  [dopt] FDFD forward...
  [dopt] D-optimal gradients (20 episodes, 3 steps)...
  [dopt] FDFD backward...
  [dopt] Done. -logdet(J_N)=-88.7838
iter 6/2000  60.5s  -logdet=-88.7838  |grad_ε| avg=0.00414 max=0.0288  |grad_s| [0.442, 0.365, 0.315]  s=(2.075,2.801) (1.721,2.437) (2.367,2.566)  β=1.0
  [dopt] FDFD forward...
  [dopt] D-optimal gradients (20 episodes, 3 steps)...
  [dopt] FDFD backward...
  [dopt] Done. -logdet(J_N)=-89.142
iter 7/2000  61.0s  -logdet=-89.142  |grad_ε| avg=0.00398 max=0.0275  |grad_s| [0.419, 0.305, 0.275]  s=(2.079,2.791) (1.731,2.429) (2.357,2.557)  β=1.0
  [dopt] FDFD forward...
  [dopt] D-optimal gradients (20 episodes, 3 steps)...
  [dopt] FDFD backward...
  [dopt] Done. -logdet(J_N)=-89.4826
iter 8/2000  60.8s  -logdet=-89.4826  |grad_ε| avg=0.00384 max=0.0283  |grad_s| [0.392, 0.251, 0.243]  s=(2.082,2.781) (1.74,2.42) (2.347,2.549)  β=1.0
  [dopt] FDFD forward...
  [dopt] D-optimal gradients (20 episodes, 3 steps)...
  [dopt] FDFD backward...
  [dopt] Done. -logdet(J_N)=-89.8015
iter 9/2000  60.4s  -logdet=-89.8015  |grad_ε| avg=0.00372 max=0.0291  |grad_s| [0.367, 0.206, 0.22]  s=(2.086,2.771) (1.75,2.412) (2.336,2.541)  β=1.0
  [dopt] FDFD forward...
  [dopt] D-optimal gradients (20 episodes, 3 steps)...
  [dopt] FDFD backward...
  [dopt] Done. -logdet(J_N)=-90.1164
iter 10/2000  61.2s  -logdet=-90.1164  |grad_ε| avg=0.00361 max=0.0295  |grad_s| [0.342, 0.165, 0.202]  s=(2.088,2.761) (1.759,2.404) (2.326,2.533)  β=1.0
  saved → /home/zlin/BFIMGaussian/checkpoints_dopt/dopt_step_00010.jls
  [dopt] FDFD forward...
  [dopt] D-optimal gradients (20 episodes, 3 steps)...
  [dopt] FDFD backward...
  [dopt] Done. -logdet(J_N)=-90.4165
iter 11/2000  61.0s  -logdet=-90.4165  |grad_ε| avg=0.00351 max=0.0296  |grad_s| [0.319, 0.13, 0.19]  s=(2.087,2.751) (1.767,2.397) (2.316,2.526)  β=1.0
  [dopt] FDFD forward...
  [dopt] D-optimal gradients (20 episodes, 3 steps)...
  [dopt] FDFD backward...
  [dopt] Done. -logdet(J_N)=-90.6973
iter 12/2000  60.7s  -logdet=-90.6973  |grad_ε| avg=0.00341 max=0.0295  |grad_s| [0.301, 0.102, 0.183]  s=(2.085,2.742) (1.776,2.39) (2.306,2.519)  β=1.0
  [dopt] FDFD forward...
  [dopt] D-optimal gradients (20 episodes, 3 steps)...
  [dopt] FDFD backward...
  [dopt] Done. -logdet(J_N)=-90.9722
iter 13/2000  60.8s  -logdet=-90.9722  |grad_ε| avg=0.00333 max=0.0294  |grad_s| [0.282, 0.0754, 0.178]  s=(2.081,2.732) (1.784,2.383) (2.295,2.513)  β=1.0
  [dopt] FDFD forward...
  [dopt] D-optimal gradients (20 episodes, 3 steps)...
  [dopt] FDFD backward...
  [dopt] Done. -logdet(J_N)=-91.243
iter 14/2000  60.9s  -logdet=-91.243  |grad_ε| avg=0.00324 max=0.0289  |grad_s| [0.268, 0.0543, 0.174]  s=(2.076,2.723) (1.791,2.377) (2.285,2.507)  β=1.0
  [dopt] FDFD forward...
  [dopt] D-optimal gradients (20 episodes, 3 steps)...
  [dopt] FDFD backward...
  [dopt] Done. -logdet(J_N)=-91.5019
iter 15/2000  61.4s  -logdet=-91.5019  |grad_ε| avg=0.00316 max=0.0284  |grad_s| [0.255, 0.0358, 0.172]  s=(2.069,2.714) (1.798,2.372) (2.274,2.502)  β=1.0
  [dopt] FDFD forward...
  [dopt] D-optimal gradients (20 episodes, 3 steps)...
  [dopt] FDFD backward...
  [dopt] Done. -logdet(J_N)=-91.7562
iter 16/2000  60.6s  -logdet=-91.7562  |grad_ε| avg=0.00308 max=0.0278  |grad_s| [0.244, 0.0203, 0.17]  s=(2.062,2.705) (1.805,2.367) (2.264,2.497)  β=1.0
  [dopt] FDFD forward...
  [dopt] D-optimal gradients (20 episodes, 3 steps)...
  [dopt] FDFD backward...
  [dopt] Done. -logdet(J_N)=-91.9993
iter 17/2000  60.5s  -logdet=-91.9993  |grad_ε| avg=0.00301 max=0.0272  |grad_s| [0.236, 0.00847, 0.168]  s=(2.054,2.696) (1.811,2.362) (2.254,2.493)  β=1.0
  [dopt] FDFD forward...
  [dopt] D-optimal gradients (20 episodes, 3 steps)...
  [dopt] FDFD backward...
  [dopt] Done. -logdet(J_N)=-92.2403
iter 18/2000  61.2s  -logdet=-92.2403  |grad_ε| avg=0.00293 max=0.0264  |grad_s| [0.229, 0.00291, 0.165]  s=(2.045,2.687) (1.817,2.358) (2.243,2.489)  β=1.0
  [dopt] FDFD forward...
  [dopt] D-optimal gradients (20 episodes, 3 steps)...
  [dopt] FDFD backward...
  [dopt] Done. -logdet(J_N)=-92.4693
iter 19/2000  61.1s  -logdet=-92.4693  |grad_ε| avg=0.00286 max=0.0258  |grad_s| [0.224, 0.00965, 0.163]  s=(2.036,2.679) (1.822,2.354) (2.233,2.485)  β=1.0
  [dopt] FDFD forward...
  [dopt] D-optimal gradients (20 episodes, 3 steps)...
  [dopt] FDFD backward...
  [dopt] Done. -logdet(J_N)=-92.6959
iter 20/2000  61.4s  -logdet=-92.6959  |grad_ε| avg=0.00279 max=0.025  |grad_s| [0.219, 0.0159, 0.16]  s=(2.027,2.67) (1.826,2.351) (2.223,2.482)  β=1.0
  saved → /home/zlin/BFIMGaussian/checkpoints_dopt/dopt_step_00020.jls
  [dopt] FDFD forward...
  [dopt] D-optimal gradients (20 episodes, 3 steps)...
  [dopt] FDFD backward...
  [dopt] Done. -logdet(J_N)=-92.9113
iter 21/2000  60.6s  -logdet=-92.9113  |grad_ε| avg=0.00272 max=0.0248  |grad_s| [0.218, 0.0181, 0.155]  s=(2.018,2.662) (1.83,2.348) (2.213,2.479)  β=1.0
  [dopt] FDFD forward...
  [dopt] D-optimal gradients (20 episodes, 3 steps)...
  [dopt] FDFD backward...
  [dopt] Done. -logdet(J_N)=-93.1263
iter 22/2000  60.7s  -logdet=-93.1263  |grad_ε| avg=0.00266 max=0.0247  |grad_s| [0.215, 0.0205, 0.15]  s=(2.009,2.653) (1.834,2.345) (2.202,2.477)  β=1.0
  [dopt] FDFD forward...
  [dopt] D-optimal gradients (20 episodes, 3 steps)...
  [dopt] FDFD backward...
  [dopt] Done. -logdet(J_N)=-93.3307
iter 23/2000  61.2s  -logdet=-93.3307  |grad_ε| avg=0.0026 max=0.0245  |grad_s| [0.212, 0.0235, 0.146]  s=(2.0,2.645) (1.837,2.343) (2.192,2.474)  β=1.0
  [dopt] FDFD forward...
  [dopt] D-optimal gradients (20 episodes, 3 steps)...
  [dopt] FDFD backward...
  [dopt] Done. -logdet(J_N)=-93.5317
iter 24/2000  60.8s  -logdet=-93.5317  |grad_ε| avg=0.00254 max=0.0244  |grad_s| [0.21, 0.0235, 0.141]  s=(1.992,2.637) (1.839,2.34) (2.182,2.472)  β=1.0
  [dopt] FDFD forward...
  [dopt] D-optimal gradients (20 episodes, 3 steps)...
  [dopt] FDFD backward...
  [dopt] Done. -logdet(J_N)=-93.723
iter 25/2000  60.8s  -logdet=-93.723  |grad_ε| avg=0.00248 max=0.0241  |grad_s| [0.208, 0.0239, 0.136]  s=(1.985,2.629) (1.841,2.339) (2.172,2.47)  β=1.0
  [dopt] FDFD forward...
  [dopt] D-optimal gradients (20 episodes, 3 steps)...
  [dopt] FDFD backward...
  [dopt] Done. -logdet(J_N)=-93.9122
iter 26/2000  61.2s  -logdet=-93.9122  |grad_ε| avg=0.00243 max=0.0239  |grad_s| [0.206, 0.0229, 0.13]  s=(1.978,2.621) (1.843,2.337) (2.163,2.468)  β=1.0
  [dopt] FDFD forward...
  [dopt] D-optimal gradients (20 episodes, 3 steps)...
  [dopt] FDFD backward...
  [dopt] Done. -logdet(J_N)=-94.0931
iter 27/2000  61.0s  -logdet=-94.0931  |grad_ε| avg=0.00238 max=0.0236  |grad_s| [0.203, 0.0218, 0.125]  s=(1.972,2.613) (1.844,2.336) (2.153,2.467)  β=1.0
  [dopt] FDFD forward...
  [dopt] D-optimal gradients (20 episodes, 3 steps)...
  [dopt] FDFD backward...
  [dopt] Done. -logdet(J_N)=-94.2707
iter 28/2000  61.1s  -logdet=-94.2707  |grad_ε| avg=0.00233 max=0.0234  |grad_s| [0.202, 0.0187, 0.119]  s=(1.968,2.605) (1.845,2.335) (2.143,2.465)  β=1.0
  [dopt] FDFD forward...
  [dopt] D-optimal gradients (20 episodes, 3 steps)...
  [dopt] FDFD backward...
  [dopt] Done. -logdet(J_N)=-94.4414
iter 29/2000  60.6s  -logdet=-94.4414  |grad_ε| avg=0.00229 max=0.023  |grad_s| [0.198, 0.0178, 0.114]  s=(1.965,2.598) (1.846,2.334) (2.134,2.463)  β=1.0
  [dopt] FDFD forward...
  [dopt] D-optimal gradients (20 episodes, 3 steps)...
  [dopt] FDFD backward...
  [dopt] Done. -logdet(J_N)=-94.6115
iter 30/2000  61.8s  -logdet=-94.6115  |grad_ε| avg=0.00225 max=0.0226  |grad_s| [0.193, 0.0166, 0.108]  s=(1.964,2.59) (1.847,2.333) (2.125,2.462)  β=1.0
  saved → /home/zlin/BFIMGaussian/checkpoints_dopt/dopt_step_00030.jls
  [dopt] FDFD forward...
  [dopt] D-optimal gradients (20 episodes, 3 steps)...
  [dopt] FDFD backward...
  [dopt] Done. -logdet(J_N)=-94.7761
iter 31/2000  60.4s  -logdet=-94.7761  |grad_ε| avg=0.00222 max=0.0221  |grad_s| [0.187, 0.0167, 0.102]  s=(1.963,2.582) (1.847,2.332) (2.116,2.46)  β=1.0
  [dopt] FDFD forward...
  [dopt] D-optimal gradients (20 episodes, 3 steps)...
  [dopt] FDFD backward...
  [dopt] Done. -logdet(J_N)=-94.9407
iter 32/2000  61.3s  -logdet=-94.9407  |grad_ε| avg=0.00219 max=0.0216  |grad_s| [0.181, 0.0162, 0.0955]  s=(1.964,2.575) (1.848,2.331) (2.107,2.459)  β=1.0
  [dopt] FDFD forward...
  [dopt] D-optimal gradients (20 episodes, 3 steps)...
  [dopt] FDFD backward...
  [dopt] Done. -logdet(J_N)=-95.0933
iter 33/2000  61.1s  -logdet=-95.0933  |grad_ε| avg=0.00216 max=0.0211  |grad_s| [0.175, 0.0155, 0.0901]  s=(1.966,2.567) (1.848,2.331) (2.098,2.457)  β=1.0
  [dopt] FDFD forward...
  [dopt] D-optimal gradients (20 episodes, 3 steps)...
  [dopt] FDFD backward...
  [dopt] Done. -logdet(J_N)=-95.2505
iter 34/2000  60.8s  -logdet=-95.2505  |grad_ε| avg=0.00214 max=0.0206  |grad_s| [0.168, 0.0173, 0.0832]  s=(1.97,2.56) (1.849,2.33) (2.09,2.456)  β=1.0
  [dopt] FDFD forward...
  [dopt] D-optimal gradients (20 episodes, 3 steps)...
  [dopt] FDFD backward...
  [dopt] Done. -logdet(J_N)=-95.406
iter 35/2000  61.5s  -logdet=-95.406  |grad_ε| avg=0.00213 max=0.0202  |grad_s| [0.159, 0.0204, 0.0761]  s=(1.974,2.553) (1.85,2.33) (2.082,2.454)  β=1.0
  [dopt] FDFD forward...
  [dopt] D-optimal gradients (20 episodes, 3 steps)...
  [dopt] FDFD backward...
  [dopt] Done. -logdet(J_N)=-95.5576
iter 36/2000  60.9s  -logdet=-95.5576  |grad_ε| avg=0.00212 max=0.0201  |grad_s| [0.151, 0.0239, 0.069]  s=(1.979,2.546) (1.851,2.33) (2.074,2.452)  β=1.0
  [dopt] FDFD forward...
  [dopt] D-optimal gradients (20 episodes, 3 steps)...
  [dopt] FDFD backward...
  [dopt] Done. -logdet(J_N)=-95.7061
iter 37/2000  61.6s  -logdet=-95.7061  |grad_ε| avg=0.00212 max=0.0201  |grad_s| [0.144, 0.0278, 0.0618]  s=(1.985,2.539) (1.852,2.33) (2.067,2.451)  β=1.0
  [dopt] FDFD forward...
  [dopt] D-optimal gradients (20 episodes, 3 steps)...
  [dopt] FDFD backward...
  [dopt] Done. -logdet(J_N)=-95.8569
iter 38/2000  61.0s  -logdet=-95.8569  |grad_ε| avg=0.00212 max=0.0201  |grad_s| [0.133, 0.0329, 0.0546]  s=(1.992,2.532) (1.854,2.33) (2.059,2.449)  β=1.0
  [dopt] FDFD forward...
  [dopt] D-optimal gradients (20 episodes, 3 steps)...
  [dopt] FDFD backward...
  [dopt] Done. -logdet(J_N)=-96.0091
iter 39/2000  61.5s  -logdet=-96.0091  |grad_ε| avg=0.00214 max=0.0202  |grad_s| [0.124, 0.039, 0.0462]  s=(1.999,2.525) (1.856,2.33) (2.053,2.448)  β=1.0
  [dopt] FDFD forward...
  [dopt] D-optimal gradients (20 episodes, 3 steps)...
  [dopt] FDFD backward...
  [dopt] Done. -logdet(J_N)=-96.1586
iter 40/2000  61.6s  -logdet=-96.1586  |grad_ε| avg=0.00216 max=0.0202  |grad_s| [0.114, 0.0443, 0.039]  s=(2.007,2.519) (1.859,2.33) (2.046,2.446)  β=1.0
  saved → /home/zlin/BFIMGaussian/checkpoints_dopt/dopt_step_00040.jls
  [dopt] FDFD forward...
  [dopt] D-optimal gradients (20 episodes, 3 steps)...
  [dopt] FDFD backward...
  [dopt] Done. -logdet(J_N)=-96.3116
iter 41/2000  60.5s  -logdet=-96.3116  |grad_ε| avg=0.0022 max=0.0203  |grad_s| [0.105, 0.051, 0.0317]  s=(2.015,2.513) (1.863,2.331) (2.04,2.444)  β=1.0
  [dopt] FDFD forward...
  [dopt] D-optimal gradients (20 episodes, 3 steps)...
  [dopt] FDFD backward...
  [dopt] Done. -logdet(J_N)=-96.4717
iter 42/2000  61.2s  -logdet=-96.4717  |grad_ε| avg=0.00224 max=0.0205  |grad_s| [0.0944, 0.0585, 0.024]  s=(2.024,2.507) (1.867,2.331) (2.035,2.443)  β=1.0
  [dopt] FDFD forward...
  [dopt] D-optimal gradients (20 episodes, 3 steps)...
  [dopt] FDFD backward...
  [dopt] Done. -logdet(J_N)=-96.6333
iter 43/2000  60.6s  -logdet=-96.6333  |grad_ε| avg=0.00229 max=0.0207  |grad_s| [0.0856, 0.0661, 0.0204]  s=(2.034,2.501) (1.872,2.332) (2.03,2.441)  β=1.0
  [dopt] FDFD forward...
  [dopt] D-optimal gradients (20 episodes, 3 steps)...
  [dopt] FDFD backward...
  [dopt] Done. -logdet(J_N)=-96.7996
iter 44/2000  61.6s  -logdet=-96.7996  |grad_ε| avg=0.00235 max=0.0208  |grad_s| [0.0742, 0.0725, 0.0189]  s=(2.044,2.495) (1.878,2.332) (2.025,2.44)  β=1.0
  [dopt] FDFD forward...
  [dopt] D-optimal gradients (20 episodes, 3 steps)...
  [dopt] FDFD backward...
  [dopt] Done. -logdet(J_N)=-96.9757
iter 45/2000  60.8s  -logdet=-96.9757  |grad_ε| avg=0.00241 max=0.021  |grad_s| [0.0627, 0.08, 0.0218]  s=(2.054,2.49) (1.884,2.333) (2.021,2.438)  β=1.0
  [dopt] FDFD forward...
  [dopt] D-optimal gradients (20 episodes, 3 steps)...
  [dopt] FDFD backward...
  [dopt] Done. -logdet(J_N)=-97.1537
iter 46/2000  61.0s  -logdet=-97.1537  |grad_ε| avg=0.00247 max=0.0212  |grad_s| [0.0524, 0.0861, 0.0278]  s=(2.065,2.485) (1.891,2.334) (2.018,2.437)  β=1.0
  [dopt] FDFD forward...
  [dopt] D-optimal gradients (20 episodes, 3 steps)...
  [dopt] FDFD backward...
  [dopt] Done. -logdet(J_N)=-97.3431
iter 47/2000  61.6s  -logdet=-97.3431  |grad_ε| avg=0.00252 max=0.0213  |grad_s| [0.0422, 0.0924, 0.0351]  s=(2.076,2.481) (1.899,2.335) (2.015,2.436)  β=1.0
  [dopt] FDFD forward...
  [dopt] D-optimal gradients (20 episodes, 3 steps)...
  [dopt] FDFD backward...
  [dopt] Done. -logdet(J_N)=-97.5357
iter 48/2000  61.6s  -logdet=-97.5357  |grad_ε| avg=0.00257 max=0.0213  |grad_s| [0.0323, 0.0967, 0.0414]  s=(2.087,2.476) (1.908,2.336) (2.013,2.434)  β=1.0
  [dopt] FDFD forward...
  [dopt] D-optimal gradients (20 episodes, 3 steps)...
  [dopt] FDFD backward...
  [dopt] Done. -logdet(J_N)=-97.7334
iter 49/2000  61.6s  -logdet=-97.7334  |grad_ε| avg=0.00261 max=0.0213  |grad_s| [0.023, 0.0996, 0.0471]  s=(2.097,2.472) (1.917,2.338) (2.012,2.433)  β=1.0
  [dopt] FDFD forward...
  [dopt] D-optimal gradients (20 episodes, 3 steps)...
  [dopt] FDFD backward...
  [dopt] Done. -logdet(J_N)=-97.9426
iter 50/2000  61.7s  -logdet=-97.9426  |grad_ε| avg=0.00264 max=0.0212  |grad_s| [0.012, 0.102, 0.0513]  s=(2.108,2.469) (1.927,2.339) (2.011,2.432)  β=1.0
  saved → /home/zlin/BFIMGaussian/checkpoints_dopt/dopt_step_00050.jls
  [dopt] FDFD forward...
  [dopt] D-optimal gradients (20 episodes, 3 steps)...
  [dopt] FDFD backward...
  [dopt] Done. -logdet(J_N)=-98.1543
iter 51/2000  62.7s  -logdet=-98.1543  |grad_ε| avg=0.00265 max=0.021  |grad_s| [0.0047, 0.104, 0.0544]  s=(2.117,2.465) (1.937,2.341) (2.01,2.432)  β=1.0
  [dopt] FDFD forward...
  [dopt] D-optimal gradients (20 episodes, 3 steps)...
  [dopt] FDFD backward...
  [dopt] Done. -logdet(J_N)=-98.3701
iter 52/2000  61.8s  -logdet=-98.3701  |grad_ε| avg=0.00266 max=0.0207  |grad_s| [0.0113, 0.104, 0.0563]  s=(2.126,2.462) (1.947,2.343) (2.01,2.431)  β=1.0
  [dopt] FDFD forward...
  [dopt] D-optimal gradients (20 episodes, 3 steps)...
  [dopt] FDFD backward...
  [dopt] Done. -logdet(J_N)=-98.5915
iter 53/2000  61.3s  -logdet=-98.5915  |grad_ε| avg=0.00265 max=0.0203  |grad_s| [0.0219, 0.105, 0.0573]  s=(2.133,2.46) (1.958,2.345) (2.011,2.43)  β=1.0
  [dopt] FDFD forward...
  [dopt] D-optimal gradients (20 episodes, 3 steps)...
  [dopt] FDFD backward...
  [dopt] Done. -logdet(J_N)=-98.807
iter 54/2000  61.2s  -logdet=-98.807  |grad_ε| avg=0.00263 max=0.0199  |grad_s| [0.0295, 0.103, 0.0576]  s=(2.138,2.457) (1.968,2.348) (2.012,2.43)  β=1.0
  [dopt] FDFD forward...
  [dopt] D-optimal gradients (20 episodes, 3 steps)...
  [dopt] FDFD backward...
  [dopt] Done. -logdet(J_N)=-99.0235
iter 55/2000  60.9s  -logdet=-99.0235  |grad_ε| avg=0.00261 max=0.0194  |grad_s| [0.037, 0.101, 0.0562]  s=(2.142,2.455) (1.979,2.35) (2.013,2.43)  β=1.0
  [dopt] FDFD forward...
  [dopt] D-optimal gradients (20 episodes, 3 steps)...
  [dopt] FDFD backward...
  [dopt] Done. -logdet(J_N)=-99.2433
iter 56/2000  61.4s  -logdet=-99.2433  |grad_ε| avg=0.00258 max=0.0189  |grad_s| [0.0442, 0.0998, 0.0546]  s=(2.144,2.454) (1.989,2.353) (2.015,2.43)  β=1.0
  [dopt] FDFD forward...
  [dopt] D-optimal gradients (20 episodes, 3 steps)...
  [dopt] FDFD backward...
  [dopt] Done. -logdet(J_N)=-99.4607
iter 57/2000  61.8s  -logdet=-99.4607  |grad_ε| avg=0.00255 max=0.0184  |grad_s| [0.0492, 0.0987, 0.0531]  s=(2.143,2.453) (2.0,2.356) (2.016,2.43)  β=1.0
  [dopt] FDFD forward...
  [dopt] D-optimal gradients (20 episodes, 3 steps)...
  [dopt] FDFD backward...
  [dopt] Done. -logdet(J_N)=-99.6755
iter 58/2000  61.1s  -logdet=-99.6755  |grad_ε| avg=0.00252 max=0.0178  |grad_s| [0.0524, 0.0967, 0.0504]  s=(2.141,2.452) (2.009,2.359) (2.019,2.43)  β=1.0
  [dopt] FDFD forward...
  [dopt] D-optimal gradients (20 episodes, 3 steps)...
  [dopt] FDFD backward...
  [dopt] Done. -logdet(J_N)=-99.8854
iter 59/2000  61.5s  -logdet=-99.8854  |grad_ε| avg=0.00249 max=0.0173  |grad_s| [0.0543, 0.0954, 0.0478]  s=(2.137,2.451) (2.019,2.362) (2.021,2.43)  β=1.0
  [dopt] FDFD forward...
  [dopt] D-optimal gradients (20 episodes, 3 steps)...
  [dopt] FDFD backward...
  [dopt] Done. -logdet(J_N)=-100.097
iter 60/2000  61.1s  -logdet=-100.097  |grad_ε| avg=0.00245 max=0.0167  |grad_s| [0.0558, 0.0953, 0.0458]  s=(2.132,2.45) (2.028,2.366) (2.023,2.431)  β=1.0
  saved → /home/zlin/BFIMGaussian/checkpoints_dopt/dopt_step_00060.jls
  [dopt] FDFD forward...
  [dopt] D-optimal gradients (20 episodes, 3 steps)...
  [dopt] FDFD backward...
  [dopt] Done. -logdet(J_N)=-100.302
iter 61/2000  61.1s  -logdet=-100.302  |grad_ε| avg=0.00242 max=0.0161  |grad_s| [0.056, 0.0946, 0.0428]  s=(2.125,2.45) (2.036,2.37) (2.026,2.432)  β=1.0
  [dopt] FDFD forward...
  [dopt] D-optimal gradients (20 episodes, 3 steps)...
  [dopt] FDFD backward...
  [dopt] Done. -logdet(J_N)=-100.503
iter 62/2000  61.2s  -logdet=-100.503  |grad_ε| avg=0.00239 max=0.0155  |grad_s| [0.0543, 0.0937, 0.0399]  s=(2.117,2.45) (2.043,2.373) (2.028,2.433)  β=1.0
  [dopt] FDFD forward...
  [dopt] D-optimal gradients (20 episodes, 3 steps)...
  [dopt] FDFD backward...
  [dopt] Done. -logdet(J_N)=-100.699
iter 63/2000  60.5s  -logdet=-100.699  |grad_ε| avg=0.00237 max=0.0149  |grad_s| [0.0494, 0.0907, 0.036]  s=(2.109,2.45) (2.05,2.377) (2.03,2.434)  β=1.0
  [dopt] FDFD forward...
  [dopt] D-optimal gradients (20 episodes, 3 steps)...
  [dopt] FDFD backward...
  [dopt] Done. -logdet(J_N)=-100.899
iter 64/2000  61.3s  -logdet=-100.899  |grad_ε| avg=0.00235 max=0.0144  |grad_s| [0.0493, 0.0928, 0.0351]  s=(2.1,2.451) (2.056,2.381) (2.033,2.435)  β=1.0
  [dopt] FDFD forward...
  [dopt] D-optimal gradients (20 episodes, 3 steps)...
  [dopt] FDFD backward...
  [dopt] Done. -logdet(J_N)=-101.092
iter 65/2000  61.0s  -logdet=-101.092  |grad_ε| avg=0.00233 max=0.0143  |grad_s| [0.046, 0.0924, 0.0328]  s=(2.09,2.451) (2.06,2.386) (2.035,2.436)  β=1.0
  [dopt] FDFD forward...
  [dopt] D-optimal gradients (20 episodes, 3 steps)...
  [dopt] FDFD backward...
  [dopt] Done. -logdet(J_N)=-101.283
iter 66/2000  60.9s  -logdet=-101.283  |grad_ε| avg=0.00232 max=0.0142  |grad_s| [0.041, 0.091, 0.0308]  s=(2.08,2.452) (2.064,2.39) (2.037,2.437)  β=1.0
  [dopt] FDFD forward...
  [dopt] D-optimal gradients (20 episodes, 3 steps)...
  [dopt] FDFD backward...
  [dopt] Done. -logdet(J_N)=-101.474
iter 67/2000  62.0s  -logdet=-101.474  |grad_ε| avg=0.00232 max=0.0142  |grad_s| [0.0375, 0.0911, 0.0303]  s=(2.07,2.452) (2.067,2.394) (2.039,2.439)  β=1.0
  [dopt] FDFD forward...
  [dopt] D-optimal gradients (20 episodes, 3 steps)...
  [dopt] FDFD backward...
  [dopt] Done. -logdet(J_N)=-101.662
iter 68/2000  61.0s  -logdet=-101.662  |grad_ε| avg=0.00233 max=0.0142  |grad_s| [0.0323, 0.0897, 0.0292]  s=(2.06,2.453) (2.069,2.398) (2.04,2.44)  β=1.0
  [dopt] FDFD forward...
  [dopt] D-optimal gradients (20 episodes, 3 steps)...
  [dopt] FDFD backward...
  [dopt] Done. -logdet(J_N)=-101.856
iter 69/2000  60.7s  -logdet=-101.856  |grad_ε| avg=0.00234 max=0.0143  |grad_s| [0.0293, 0.0905, 0.0315]  s=(2.049,2.454) (2.07,2.403) (2.042,2.442)  β=1.0
  [dopt] FDFD forward...
  [dopt] D-optimal gradients (20 episodes, 3 steps)...
  [dopt] FDFD backward...
  [dopt] Done. -logdet(J_N)=-102.048
iter 70/2000  61.4s  -logdet=-102.048  |grad_ε| avg=0.00237 max=0.0145  |grad_s| [0.0246, 0.0892, 0.0321]  s=(2.039,2.455) (2.07,2.407) (2.043,2.443)  β=1.0
  saved → /home/zlin/BFIMGaussian/checkpoints_dopt/dopt_step_00070.jls
  [dopt] FDFD forward...
  [dopt] D-optimal gradients (20 episodes, 3 steps)...
  [dopt] FDFD backward...
  [dopt] Done. -logdet(J_N)=-102.243
iter 71/2000  61.6s  -logdet=-102.243  |grad_ε| avg=0.00241 max=0.0147  |grad_s| [0.021, 0.0888, 0.0346]  s=(2.03,2.455) (2.068,2.412) (2.044,2.445)  β=1.0
  [dopt] FDFD forward...
  [dopt] D-optimal gradients (20 episodes, 3 steps)...
  [dopt] FDFD backward...
  [dopt] Done. -logdet(J_N)=-102.446
iter 72/2000  61.0s  -logdet=-102.446  |grad_ε| avg=0.00247 max=0.0156  |grad_s| [0.0166, 0.087, 0.0365]  s=(2.02,2.456) (2.066,2.416) (2.044,2.447)  β=1.0
  [dopt] FDFD forward...
  [dopt] D-optimal gradients (20 episodes, 3 steps)...
  [dopt] FDFD backward...
  [dopt] Done. -logdet(J_N)=-102.652
iter 73/2000  62.2s  -logdet=-102.652  |grad_ε| avg=0.00254 max=0.0166  |grad_s| [0.014, 0.0859, 0.0401]  s=(2.011,2.457) (2.063,2.42) (2.044,2.449)  β=1.0
  [dopt] FDFD forward...
  [dopt] D-optimal gradients (20 episodes, 3 steps)...
  [dopt] FDFD backward...
  [dopt] Done. -logdet(J_N)=-102.864
iter 74/2000  61.1s  -logdet=-102.864  |grad_ε| avg=0.00262 max=0.0178  |grad_s| [0.0113, 0.081, 0.0411]  s=(2.002,2.458) (2.059,2.424) (2.044,2.45)  β=1.0
  [dopt] FDFD forward...
  [dopt] D-optimal gradients (20 episodes, 3 steps)...
  [dopt] FDFD backward...
  [dopt] Done. -logdet(J_N)=-103.087
iter 75/2000  61.4s  -logdet=-103.087  |grad_ε| avg=0.00272 max=0.0189  |grad_s| [0.0144, 0.0794, 0.046]  s=(1.994,2.458) (2.055,2.428) (2.043,2.452)  β=1.0
  [dopt] FDFD forward...
  [dopt] D-optimal gradients (20 episodes, 3 steps)...
  [dopt] FDFD backward...
  [dopt] Done. -logdet(J_N)=-103.322
iter 76/2000  61.0s  -logdet=-103.322  |grad_ε| avg=0.00281 max=0.02  |grad_s| [0.0194, 0.0776, 0.0512]  s=(1.985,2.459) (2.049,2.432) (2.042,2.453)  β=1.0
  [dopt] FDFD forward...
  [dopt] D-optimal gradients (20 episodes, 3 steps)...
  [dopt] FDFD backward...
  [dopt] Done. -logdet(J_N)=-103.562
iter 77/2000  61.5s  -logdet=-103.562  |grad_ε| avg=0.0029 max=0.0211  |grad_s| [0.0278, 0.0736, 0.0556]  s=(1.977,2.459) (2.043,2.436) (2.041,2.455)  β=1.0
  [dopt] FDFD forward...
  [dopt] D-optimal gradients (20 episodes, 3 steps)...
  [dopt] FDFD backward...
  [dopt] Done. -logdet(J_N)=-103.821
iter 78/2000  60.9s  -logdet=-103.821  |grad_ε| avg=0.00298 max=0.0219  |grad_s| [0.0335, 0.0726, 0.0615]  s=(1.969,2.459) (2.036,2.439) (2.039,2.456)  β=1.0
  [dopt] FDFD forward...
  [dopt] D-optimal gradients (20 episodes, 3 steps)...
  [dopt] FDFD backward...
  [dopt] Done. -logdet(J_N)=-104.086
iter 79/2000  61.3s  -logdet=-104.086  |grad_ε| avg=0.00305 max=0.0224  |grad_s| [0.0413, 0.0714, 0.0674]  s=(1.961,2.459) (2.028,2.443) (2.036,2.457)  β=1.0
  [dopt] FDFD forward...
  [dopt] D-optimal gradients (20 episodes, 3 steps)...
  [dopt] FDFD backward...
  [dopt] Done. -logdet(J_N)=-104.364
iter 80/2000  61.2s  -logdet=-104.364  |grad_ε| avg=0.0031 max=0.0227  |grad_s| [0.0472, 0.0698, 0.0719]  s=(1.953,2.458) (2.02,2.446) (2.033,2.458)  β=1.0
  saved → /home/zlin/BFIMGaussian/checkpoints_dopt/dopt_step_00080.jls
  [dopt] FDFD forward...
  [dopt] D-optimal gradients (20 episodes, 3 steps)...
  [dopt] FDFD backward...
  [dopt] Done. -logdet(J_N)=-104.651
iter 81/2000  60.9s  -logdet=-104.651  |grad_ε| avg=0.00314 max=0.0226  |grad_s| [0.0506, 0.0689, 0.076]  s=(1.945,2.458) (2.011,2.448) (2.03,2.459)  β=1.0
  [dopt] FDFD forward...
  [dopt] D-optimal gradients (20 episodes, 3 steps)...
  [dopt] FDFD backward...
  [dopt] Done. -logdet(J_N)=-104.941
iter 82/2000  61.7s  -logdet=-104.941  |grad_ε| avg=0.00316 max=0.0222  |grad_s| [0.0551, 0.0669, 0.0784]  s=(1.938,2.457) (2.002,2.45) (2.026,2.459)  β=1.0
  [dopt] FDFD forward...
  [dopt] D-optimal gradients (20 episodes, 3 steps)...
  [dopt] FDFD backward...
  [dopt] Done. -logdet(J_N)=-105.242
iter 83/2000  61.3s  -logdet=-105.242  |grad_ε| avg=0.00316 max=0.0214  |grad_s| [0.0542, 0.0652, 0.0802]  s=(1.931,2.456) (1.993,2.452) (2.021,2.459)  β=1.0
  [dopt] FDFD forward...
  [dopt] D-optimal gradients (20 episodes, 3 steps)...
  [dopt] FDFD backward...
  [dopt] Done. -logdet(J_N)=-105.544
iter 84/2000  61.6s  -logdet=-105.544  |grad_ε| avg=0.00316 max=0.0206  |grad_s| [0.0526, 0.062, 0.0804]  s=(1.924,2.455) (1.983,2.454) (2.017,2.459)  β=1.0
  [dopt] FDFD forward...
  [dopt] D-optimal gradients (20 episodes, 3 steps)...
  [dopt] FDFD backward...
  [dopt] Done. -logdet(J_N)=-105.841
iter 85/2000  60.6s  -logdet=-105.841  |grad_ε| avg=0.00315 max=0.0212  |grad_s| [0.0514, 0.058, 0.0791]  s=(1.917,2.453) (1.974,2.455) (2.012,2.459)  β=1.0
  [dopt] FDFD forward...
  [dopt] D-optimal gradients (20 episodes, 3 steps)...
  [dopt] FDFD backward...
  [dopt] Done. -logdet(J_N)=-106.142
iter 86/2000  61.5s  -logdet=-106.142  |grad_ε| avg=0.00313 max=0.0216  |grad_s| [0.048, 0.0522, 0.0758]  s=(1.911,2.452) (1.964,2.456) (2.006,2.459)  β=1.0
  [dopt] FDFD forward...
  [dopt] D-optimal gradients (20 episodes, 3 steps)...
  [dopt] FDFD backward...
  [dopt] Done. -logdet(J_N)=-106.446
iter 87/2000  61.3s  -logdet=-106.446  |grad_ε| avg=0.00312 max=0.022  |grad_s| [0.0423, 0.0463, 0.0729]  s=(1.906,2.45) (1.955,2.457) (2.001,2.459)  β=1.0
  [dopt] FDFD forward...
  [dopt] D-optimal gradients (20 episodes, 3 steps)...
  [dopt] FDFD backward...
  [dopt] Done. -logdet(J_N)=-106.744
iter 88/2000  61.4s  -logdet=-106.744  |grad_ε| avg=0.0031 max=0.0222  |grad_s| [0.0375, 0.0393, 0.0678]  s=(1.901,2.448) (1.946,2.458) (1.995,2.459)  β=1.0
  [dopt] FDFD forward...
  [dopt] D-optimal gradients (20 episodes, 3 steps)...
  [dopt] FDFD backward...
  [dopt] Done. -logdet(J_N)=-107.047
iter 89/2000  61.1s  -logdet=-107.047  |grad_ε| avg=0.00308 max=0.0224  |grad_s| [0.0304, 0.0317, 0.0634]  s=(1.897,2.447) (1.937,2.458) (1.989,2.459)  β=1.0
  [dopt] FDFD forward...
  [dopt] D-optimal gradients (20 episodes, 3 steps)...
  [dopt] FDFD backward...
  [dopt] Done. -logdet(J_N)=-107.341
iter 90/2000  61.7s  -logdet=-107.341  |grad_ε| avg=0.00307 max=0.0226  |grad_s| [0.0228, 0.0252, 0.0605]  s=(1.894,2.445) (1.929,2.458) (1.984,2.458)  β=1.0
  saved → /home/zlin/BFIMGaussian/checkpoints_dopt/dopt_step_00090.jls
  [dopt] FDFD forward...
  [dopt] D-optimal gradients (20 episodes, 3 steps)...
  [dopt] FDFD backward...
  [dopt] Done. -logdet(J_N)=-107.637
iter 91/2000  61.1s  -logdet=-107.637  |grad_ε| avg=0.00306 max=0.0228  |grad_s| [0.0135, 0.017, 0.0582]  s=(1.892,2.444) (1.921,2.459) (1.978,2.459)  β=1.0
  [dopt] FDFD forward...
  [dopt] D-optimal gradients (20 episodes, 3 steps)...
  [dopt] FDFD backward...
  [dopt] Done. -logdet(J_N)=-107.932
iter 92/2000  61.8s  -logdet=-107.932  |grad_ε| avg=0.00305 max=0.0229  |grad_s| [0.00706, 0.0102, 0.0589]  s=(1.891,2.442) (1.914,2.459) (1.972,2.459)  β=1.0
  [dopt] FDFD forward...
  [dopt] D-optimal gradients (20 episodes, 3 steps)...
  [dopt] FDFD backward...
  [dopt] Done. -logdet(J_N)=-108.229
iter 93/2000  61.1s  -logdet=-108.229  |grad_ε| avg=0.00305 max=0.0229  |grad_s| [0.0154, 0.00643, 0.0609]  s=(1.89,2.441) (1.908,2.459) (1.966,2.459)  β=1.0
  [dopt] FDFD forward...
  [dopt] D-optimal gradients (20 episodes, 3 steps)...
  [dopt] FDFD backward...
  [dopt] Done. -logdet(J_N)=-108.522
iter 94/2000  61.4s  -logdet=-108.522  |grad_ε| avg=0.00305 max=0.0231  |grad_s| [0.0293, 0.0142, 0.0657]  s=(1.889,2.44) (1.902,2.459) (1.96,2.46)  β=1.0
  [dopt] FDFD forward...
  [dopt] D-optimal gradients (20 episodes, 3 steps)...
  [dopt] FDFD backward...
  [dopt] Done. -logdet(J_N)=-108.819
iter 95/2000  60.9s  -logdet=-108.819  |grad_ε| avg=0.00305 max=0.0231  |grad_s| [0.0408, 0.0213, 0.0679]  s=(1.888,2.44) (1.896,2.459) (1.954,2.461)  β=1.0
  [dopt] FDFD forward...
  [dopt] D-optimal gradients (20 episodes, 3 steps)...
  [dopt] FDFD backward...
  [dopt] Done. -logdet(J_N)=-109.115
iter 96/2000  62.3s  -logdet=-109.115  |grad_ε| avg=0.00305 max=0.0235  |grad_s| [0.0541, 0.0311, 0.0735]  s=(1.887,2.44) (1.891,2.46) (1.949,2.463)  β=1.0
  [dopt] FDFD forward...
  [dopt] D-optimal gradients (20 episodes, 3 steps)...
  [dopt] FDFD backward...
  [dopt] Done. -logdet(J_N)=-109.414
iter 97/2000  61.3s  -logdet=-109.414  |grad_ε| avg=0.00304 max=0.0244  |grad_s| [0.0668, 0.041, 0.0779]  s=(1.886,2.44) (1.887,2.461) (1.943,2.465)  β=1.0
  [dopt] FDFD forward...
  [dopt] D-optimal gradients (20 episodes, 3 steps)...
  [dopt] FDFD backward...
  [dopt] Done. -logdet(J_N)=-109.706
iter 98/2000  61.0s  -logdet=-109.706  |grad_ε| avg=0.00304 max=0.0253  |grad_s| [0.0758, 0.0481, 0.0792]  s=(1.885,2.44) (1.883,2.462) (1.938,2.467)  β=1.0
  [dopt] FDFD forward...
  [dopt] D-optimal gradients (20 episodes, 3 steps)...
  [dopt] FDFD backward...
  [dopt] Done. -logdet(J_N)=-110.011
iter 99/2000  61.4s  -logdet=-110.011  |grad_ε| avg=0.00304 max=0.026  |grad_s| [0.0875, 0.0584, 0.0845]  s=(1.883,2.441) (1.88,2.463) (1.932,2.47)  β=1.0
  [dopt] FDFD forward...
  [dopt] D-optimal gradients (20 episodes, 3 steps)...
  [dopt] FDFD backward...
  [dopt] Done. -logdet(J_N)=-110.305
iter 100/2000  60.9s  -logdet=-110.305  |grad_ε| avg=0.00304 max=0.0267  |grad_s| [0.0955, 0.0657, 0.0864]  s=(1.882,2.443) (1.877,2.464) (1.927,2.473)  β=1.0
  saved → /home/zlin/BFIMGaussian/checkpoints_dopt/dopt_step_00100.jls
  [dopt] FDFD forward...
  [dopt] D-optimal gradients (20 episodes, 3 steps)...
  [dopt] FDFD backward...
  [dopt] Done. -logdet(J_N)=-110.611
iter 101/2000  61.4s  -logdet=-110.611  |grad_ε| avg=0.00304 max=0.0283  |grad_s| [0.105, 0.0749, 0.0919]  s=(1.88,2.445) (1.875,2.466) (1.922,2.477)  β=1.0
  [dopt] FDFD forward...
  [dopt] D-optimal gradients (20 episodes, 3 steps)...
  [dopt] FDFD backward...
  [dopt] Done. -logdet(J_N)=-110.907
iter 102/2000  61.2s  -logdet=-110.907  |grad_ε| avg=0.00304 max=0.0288  |grad_s| [0.112, 0.082, 0.0931]  s=(1.879,2.447) (1.873,2.468) (1.918,2.481)  β=1.0
  [dopt] FDFD forward...
  [dopt] D-optimal gradients (20 episodes, 3 steps)...
  [dopt] FDFD backward...
  [dopt] Done. -logdet(J_N)=-111.207
iter 103/2000  61.5s  -logdet=-111.207  |grad_ε| avg=0.00305 max=0.0298  |grad_s| [0.119, 0.0894, 0.0958]  s=(1.877,2.45) (1.872,2.471) (1.914,2.485)  β=1.0
  [dopt] FDFD forward...
  [dopt] D-optimal gradients (20 episodes, 3 steps)...
  [dopt] FDFD backward...
  [dopt] Done. -logdet(J_N)=-111.509
iter 104/2000  61.3s  -logdet=-111.509  |grad_ε| avg=0.00306 max=0.0302  |grad_s| [0.122, 0.094, 0.0955]  s=(1.876,2.454) (1.871,2.474) (1.91,2.49)  β=1.0
  [dopt] FDFD forward...
  [dopt] D-optimal gradients (20 episodes, 3 steps)...
  [dopt] FDFD backward...
  [dopt] Done. -logdet(J_N)=-111.808
iter 105/2000  61.9s  -logdet=-111.808  |grad_ε| avg=0.00307 max=0.0308  |grad_s| [0.126, 0.0989, 0.0955]  s=(1.875,2.457) (1.87,2.477) (1.906,2.495)  β=1.0
  [dopt] FDFD forward...
  [dopt] D-optimal gradients (20 episodes, 3 steps)...
  [dopt] FDFD backward...
  [dopt] Done. -logdet(J_N)=-112.112
iter 106/2000  60.8s  -logdet=-112.112  |grad_ε| avg=0.00308 max=0.0312  |grad_s| [0.128, 0.103, 0.0956]  s=(1.875,2.461) (1.871,2.481) (1.903,2.501)  β=1.0
  [dopt] FDFD forward...
  [dopt] D-optimal gradients (20 episodes, 3 steps)...
  [dopt] FDFD backward...
  [dopt] Done. -logdet(J_N)=-112.42
iter 107/2000  61.3s  -logdet=-112.42  |grad_ε| avg=0.00309 max=0.0324  |grad_s| [0.132, 0.107, 0.0963]  s=(1.876,2.466) (1.871,2.485) (1.9,2.507)  β=1.0
  [dopt] FDFD forward...
  [dopt] D-optimal gradients (20 episodes, 3 steps)...
  [dopt] FDFD backward...
  [dopt] Done. -logdet(J_N)=-112.723
iter 108/2000  61.2s  -logdet=-112.723  |grad_ε| avg=0.0031 max=0.0326  |grad_s| [0.132, 0.109, 0.0946]  s=(1.878,2.471) (1.872,2.489) (1.898,2.513)  β=1.0
  [dopt] FDFD forward...
  [dopt] D-optimal gradients (20 episodes, 3 steps)...
  [dopt] FDFD backward...
  [dopt] Done. -logdet(J_N)=-113.034
iter 109/2000  62.2s  -logdet=-113.034  |grad_ε| avg=0.00311 max=0.0334  |grad_s| [0.134, 0.112, 0.0946]  s=(1.88,2.476) (1.874,2.494) (1.896,2.519)  β=1.0
  [dopt] FDFD forward...
  [dopt] D-optimal gradients (20 episodes, 3 steps)...
  [dopt] FDFD backward...
  [dopt] Done. -logdet(J_N)=-113.349
iter 110/2000  61.8s  -logdet=-113.349  |grad_ε| avg=0.00312 max=0.0339  |grad_s| [0.136, 0.114, 0.0949]  s=(1.884,2.481) (1.876,2.499) (1.895,2.526)  β=1.0
  saved → /home/zlin/BFIMGaussian/checkpoints_dopt/dopt_step_00110.jls
  [dopt] FDFD forward...
  [dopt] D-optimal gradients (20 episodes, 3 steps)...
  [dopt] FDFD backward...
  [dopt] Done. -logdet(J_N)=-113.663
iter 111/2000  61.5s  -logdet=-113.663  |grad_ε| avg=0.00313 max=0.0345  |grad_s| [0.136, 0.115, 0.0933]  s=(1.888,2.487) (1.879,2.504) (1.895,2.532)  β=1.0
  [dopt] FDFD forward...
  [dopt] D-optimal gradients (20 episodes, 3 steps)...
  [dopt] FDFD backward...
  [dopt] Done. -logdet(J_N)=-113.981
iter 112/2000  62.1s  -logdet=-113.981  |grad_ε| avg=0.00314 max=0.0351  |grad_s| [0.137, 0.117, 0.0931]  s=(1.892,2.493) (1.882,2.509) (1.894,2.539)  β=1.0
  [dopt] FDFD forward...
  [dopt] D-optimal gradients (20 episodes, 3 steps)...
  [dopt] FDFD backward...
  [dopt] Done. -logdet(J_N)=-114.298
iter 113/2000  61.2s  -logdet=-114.298  |grad_ε| avg=0.00314 max=0.0354  |grad_s| [0.137, 0.116, 0.0914]  s=(1.898,2.499) (1.886,2.515) (1.895,2.546)  β=1.0
  [dopt] FDFD forward...
  [dopt] D-optimal gradients (20 episodes, 3 steps)...
  [dopt] FDFD backward...
  [dopt] Done. -logdet(J_N)=-114.616
iter 114/2000  61.9s  -logdet=-114.616  |grad_ε| avg=0.00315 max=0.0364  |grad_s| [0.138, 0.117, 0.0912]  s=(1.904,2.506) (1.889,2.521) (1.895,2.553)  β=1.0
  [dopt] FDFD forward...
  [dopt] D-optimal gradients (20 episodes, 3 steps)...
  [dopt] FDFD backward...
  [dopt] Done. -logdet(J_N)=-114.943
iter 115/2000  61.8s  -logdet=-114.943  |grad_ε| avg=0.00318 max=0.0384  |grad_s| [0.141, 0.119, 0.0899]  s=(1.909,2.512) (1.893,2.527) (1.896,2.56)  β=1.0
  [dopt] FDFD forward...
  [dopt] D-optimal gradients (20 episodes, 3 steps)...
  [dopt] FDFD backward...
  [dopt] Done. -logdet(J_N)=-115.267
iter 116/2000  62.3s  -logdet=-115.267  |grad_ε| avg=0.00318 max=0.0388  |grad_s| [0.142, 0.119, 0.089]  s=(1.914,2.519) (1.897,2.533) (1.897,2.567)  β=1.0
  [dopt] FDFD forward...
  [dopt] D-optimal gradients (20 episodes, 3 steps)...
  [dopt] FDFD backward...
  [dopt] Done. -logdet(J_N)=-115.597
iter 117/2000  61.3s  -logdet=-115.597  |grad_ε| avg=0.00316 max=0.0381  |grad_s| [0.143, 0.12, 0.0876]  s=(1.919,2.526) (1.901,2.54) (1.899,2.574)  β=1.0
  [dopt] FDFD forward...
  [dopt] D-optimal gradients (20 episodes, 3 steps)...
  [dopt] FDFD backward...
  [dopt] Done. -logdet(J_N)=-115.92
iter 118/2000  61.8s  -logdet=-115.92  |grad_ε| avg=0.00319 max=0.0374  |grad_s| [0.137, 0.115, 0.0825]  s=(1.923,2.533) (1.905,2.547) (1.901,2.581)  β=1.0
  [dopt] FDFD forward...
  [dopt] D-optimal gradients (20 episodes, 3 steps)...
  [dopt] FDFD backward...
  [dopt] Done. -logdet(J_N)=-116.247
iter 119/2000  61.3s  -logdet=-116.247  |grad_ε| avg=0.00319 max=0.0411  |grad_s| [0.142, 0.12, 0.084]  s=(1.927,2.541) (1.909,2.553) (1.903,2.588)  β=1.0
  [dopt] FDFD forward...
  [dopt] D-optimal gradients (20 episodes, 3 steps)...
  [dopt] FDFD backward...
  [dopt] Done. -logdet(J_N)=-116.578
iter 120/2000  61.1s  -logdet=-116.578  |grad_ε| avg=0.00323 max=0.0423  |grad_s| [0.14, 0.118, 0.0801]  s=(1.929,2.548) (1.912,2.56) (1.905,2.595)  β=1.0
  saved → /home/zlin/BFIMGaussian/checkpoints_dopt/dopt_step_00120.jls
  [dopt] FDFD forward...
  [dopt] D-optimal gradients (20 episodes, 3 steps)...
  [dopt] FDFD backward...
  [dopt] Done. -logdet(J_N)=-116.908
iter 121/2000  60.8s  -logdet=-116.908  |grad_ε| avg=0.00317 max=0.0399  |grad_s| [0.132, 0.111, 0.074]  s=(1.93,2.555) (1.916,2.567) (1.907,2.602)  β=1.0
  [dopt] FDFD forward...
  [dopt] D-optimal gradients (20 episodes, 3 steps)...
  [dopt] FDFD backward...
  [dopt] Done. -logdet(J_N)=-117.238
iter 122/2000  61.6s  -logdet=-117.238  |grad_ε| avg=0.00316 max=0.0406  |grad_s| [0.129, 0.109, 0.0713]  s=(1.931,2.563) (1.919,2.574) (1.909,2.608)  β=1.0
  [dopt] FDFD forward...
  [dopt] D-optimal gradients (20 episodes, 3 steps)...
  [dopt] FDFD backward...
  [dopt] Done. -logdet(J_N)=-117.562
iter 123/2000  61.9s  -logdet=-117.562  |grad_ε| avg=0.00315 max=0.0417  |grad_s| [0.12, 0.101, 0.0639]  s=(1.93,2.57) (1.921,2.581) (1.911,2.615)  β=1.0
  [dopt] FDFD forward...
  [dopt] D-optimal gradients (20 episodes, 3 steps)...
  [dopt] FDFD backward...
  [dopt] Done. -logdet(J_N)=-117.891
iter 124/2000  61.9s  -logdet=-117.891  |grad_ε| avg=0.00325 max=0.0441  |grad_s| [0.121, 0.104, 0.0643]  s=(1.928,2.578) (1.923,2.589) (1.913,2.622)  β=1.0
  [dopt] FDFD forward...
  [dopt] D-optimal gradients (20 episodes, 3 steps)...
  [dopt] FDFD backward...
  [dopt] Done. -logdet(J_N)=-118.211
iter 125/2000  61.6s  -logdet=-118.211  |grad_ε| avg=0.00326 max=0.0389  |grad_s| [0.103, 0.09, 0.0557]  s=(1.926,2.585) (1.925,2.596) (1.916,2.628)  β=1.0
  [dopt] FDFD forward...
  [dopt] D-optimal gradients (20 episodes, 3 steps)...
  [dopt] FDFD backward...
  [dopt] Done. -logdet(J_N)=-118.543
iter 126/2000  61.6s  -logdet=-118.543  |grad_ε| avg=0.00329 max=0.0448  |grad_s| [0.103, 0.0914, 0.0527]  s=(1.924,2.593) (1.927,2.603) (1.918,2.635)  β=1.0
  [dopt] FDFD forward...
  [dopt] D-optimal gradients (20 episodes, 3 steps)...
  [dopt] FDFD backward...
  [dopt] Done. -logdet(J_N)=-118.859
iter 127/2000  61.2s  -logdet=-118.859  |grad_ε| avg=0.00311 max=0.0398  |grad_s| [0.0878, 0.0789, 0.0454]  s=(1.921,2.6) (1.928,2.609) (1.92,2.641)  β=1.0
  [dopt] FDFD forward...
  [dopt] D-optimal gradients (20 episodes, 3 steps)...
  [dopt] FDFD backward...
  [dopt] Done. -logdet(J_N)=-119.182
iter 128/2000  62.0s  -logdet=-119.182  |grad_ε| avg=0.00306 max=0.0402  |grad_s| [0.0795, 0.0727, 0.0387]  s=(1.918,2.607) (1.929,2.616) (1.922,2.647)  β=1.0
  [dopt] FDFD forward...
  [dopt] D-optimal gradients (20 episodes, 3 steps)...
  [dopt] FDFD backward...
  [dopt] Done. -logdet(J_N)=-119.498
iter 129/2000  61.5s  -logdet=-119.498  |grad_ε| avg=0.00337 max=0.0444  |grad_s| [0.0714, 0.0669, 0.0331]  s=(1.915,2.613) (1.93,2.623) (1.924,2.652)  β=1.0
  [dopt] FDFD forward...
  [dopt] D-optimal gradients (20 episodes, 3 steps)...
  [dopt] FDFD backward...
  [dopt] Done. -logdet(J_N)=-119.805
iter 130/2000  62.2s  -logdet=-119.805  |grad_ε| avg=0.00404 max=0.0473  |grad_s| [0.0567, 0.0529, 0.0305]  s=(1.913,2.62) (1.931,2.629) (1.926,2.658)  β=1.0
  saved → /home/zlin/BFIMGaussian/checkpoints_dopt/dopt_step_00130.jls
  [dopt] FDFD forward...
  [dopt] D-optimal gradients (20 episodes, 3 steps)...
  [dopt] FDFD backward...
  [dopt] Done. -logdet(J_N)=-120.093
iter 131/2000  61.0s  -logdet=-120.093  |grad_ε| avg=0.00598 max=0.0573  |grad_s| [0.05, 0.0498, 0.0175]  s=(1.911,2.626) (1.931,2.635) (1.928,2.662)  β=1.0
  [dopt] FDFD forward...
  [dopt] D-optimal gradients (20 episodes, 3 steps)...
  [dopt] FDFD backward...
  [dopt] Done. -logdet(J_N)=-120.357
iter 132/2000  62.1s  -logdet=-120.357  |grad_ε| avg=0.00921 max=0.0967  |grad_s| [0.0522, 0.0445, 0.0521]  s=(1.912,2.631) (1.933,2.64) (1.93,2.667)  β=1.0
  [dopt] FDFD forward...
  [dopt] D-optimal gradients (20 episodes, 3 steps)...
  [dopt] FDFD backward...
  [dopt] Done. -logdet(J_N)=-120.578
iter 133/2000  60.9s  -logdet=-120.578  |grad_ε| avg=0.0149 max=0.108  |grad_s| [0.0507, 0.0567, 0.0296]  s=(1.911,2.637) (1.933,2.646) (1.932,2.671)  β=1.0
  [dopt] FDFD forward...
  [dopt] D-optimal gradients (20 episodes, 3 steps)...
  [dopt] FDFD backward...
  [dopt] Done. -logdet(J_N)=-120.792
iter 134/2000  61.7s  -logdet=-120.792  |grad_ε| avg=0.0169 max=0.16  |grad_s| [0.0748, 0.0661, 0.0809]  s=(1.915,2.642) (1.935,2.651) (1.935,2.674)  β=1.0
  [dopt] FDFD forward...
  [dopt] D-optimal gradients (20 episodes, 3 steps)...
  [dopt] FDFD backward...
  [dopt] Done. -logdet(J_N)=-121.105
iter 135/2000  61.2s  -logdet=-121.105  |grad_ε| avg=0.00812 max=0.0628  |grad_s| [0.012, 0.0113, 0.0141]  s=(1.918,2.646) (1.936,2.655) (1.937,2.677)  β=1.0
  [dopt] FDFD forward...
  [dopt] D-optimal gradients (20 episodes, 3 steps)...
  [dopt] FDFD backward...
  [dopt] Done. -logdet(J_N)=-121.318
iter 136/2000  61.3s  -logdet=-121.318  |grad_ε| avg=0.00925 max=0.0673  |grad_s| [0.00536, 0.00383, 0.0207]  s=(1.922,2.65) (1.937,2.659) (1.939,2.68)  β=1.0
  [dopt] FDFD forward...
  [dopt] D-optimal gradients (20 episodes, 3 steps)...
  [dopt] FDFD backward...
  [dopt] Done. -logdet(J_N)=-121.437
iter 137/2000  60.9s  -logdet=-121.437  |grad_ε| avg=0.0189 max=0.175  |grad_s| [0.0815, 0.0769, 0.091]  s=(1.929,2.654) (1.94,2.662) (1.943,2.682)  β=1.0
  [dopt] FDFD forward...
  [dopt] D-optimal gradients (20 episodes, 3 steps)...
  [dopt] FDFD backward...
  [dopt] Done. -logdet(J_N)=-121.681
iter 138/2000  59.8s  -logdet=-121.681  |grad_ε| avg=0.0146 max=0.104  |grad_s| [0.0148, 0.0203, 0.0353]  s=(1.935,2.657) (1.943,2.665) (1.945,2.683)  β=1.0
  [dopt] FDFD forward...
  [dopt] D-optimal gradients (20 episodes, 3 steps)...
  [dopt] FDFD backward...
  [dopt] Done. -logdet(J_N)=-121.931
iter 139/2000  60.4s  -logdet=-121.931  |grad_ε| avg=0.0029 max=0.0327  |grad_s| [0.0345, 0.0379, 0.0547]  s=(1.942,2.659) (1.945,2.668) (1.948,2.684)  β=1.0
  [dopt] FDFD forward...
  [dopt] D-optimal gradients (20 episodes, 3 steps)...
  [dopt] FDFD backward...
  [dopt] Done. -logdet(J_N)=-122.023
iter 140/2000  60.1s  -logdet=-122.023  |grad_ε| avg=0.0157 max=0.149  |grad_s| [0.0616, 0.0659, 0.0776]  s=(1.95,2.662) (1.949,2.67) (1.951,2.684)  β=1.0
  saved → /home/zlin/BFIMGaussian/checkpoints_dopt/dopt_step_00140.jls
  [dopt] FDFD forward...
  [dopt] D-optimal gradients (20 episodes, 3 steps)...
  [dopt] FDFD backward...
  [dopt] Done. -logdet(J_N)=-122.133
iter 141/2000  60.5s  -logdet=-122.133  |grad_ε| avg=0.0225 max=0.165  |grad_s| [0.0355, 0.0342, 0.0386]  s=(1.956,2.663) (1.951,2.672) (1.954,2.684)  β=1.0
  [dopt] FDFD forward...
  [dopt] D-optimal gradients (20 episodes, 3 steps)...
  [dopt] FDFD backward...
  [dopt] Done. -logdet(J_N)=-122.331
iter 142/2000  60.4s  -logdet=-122.331  |grad_ε| avg=0.0173 max=0.161  |grad_s| [0.0574, 0.0677, 0.0769]  s=(1.964,2.665) (1.955,2.673) (1.957,2.684)  β=1.0
  [dopt] FDFD forward...
  [dopt] D-optimal gradients (20 episodes, 3 steps)...
  [dopt] FDFD backward...
  [dopt] Done. -logdet(J_N)=-122.563
iter 143/2000  60.1s  -logdet=-122.563  |grad_ε| avg=0.00292 max=0.0305  |grad_s| [0.0309, 0.0451, 0.0551]  s=(1.972,2.666) (1.959,2.674) (1.96,2.683)  β=1.0
  [dopt] FDFD forward...
  [dopt] D-optimal gradients (20 episodes, 3 steps)...
  [dopt] FDFD backward...
  [dopt] Done. -logdet(J_N)=-122.639
iter 144/2000  60.6s  -logdet=-122.639  |grad_ε| avg=0.0163 max=0.115  |grad_s| [0.0384, 0.0388, 0.0445]  s=(1.977,2.667) (1.962,2.674) (1.963,2.681)  β=1.0
  [dopt] FDFD forward...
  [dopt] D-optimal gradients (20 episodes, 3 steps)...
  [dopt] FDFD backward...
  [dopt] Done. -logdet(J_N)=-122.703
iter 145/2000  59.8s  -logdet=-122.703  |grad_ε| avg=0.0223 max=0.198  |grad_s| [0.0709, 0.0878, 0.0935]  s=(1.984,2.668) (1.966,2.674) (1.966,2.68)  β=1.0
  [dopt] FDFD forward...
  [dopt] D-optimal gradients (20 episodes, 3 steps)...
  [dopt] FDFD backward...
  [dopt] Done. -logdet(J_N)=-122.923
iter 146/2000  60.3s  -logdet=-122.923  |grad_ε| avg=0.0104 max=0.0736  |grad_s| [0.0358, 0.0355, 0.0393]  s=(1.989,2.668) (1.969,2.674) (1.969,2.678)  β=1.0
  [dopt] FDFD forward...
  [dopt] D-optimal gradients (20 episodes, 3 steps)...
  [dopt] FDFD backward...
  [dopt] Done. -logdet(J_N)=-123.044
iter 147/2000  60.6s  -logdet=-123.044  |grad_ε| avg=0.0119 max=0.0846  |grad_s| [0.0386, 0.0394, 0.0421]  s=(1.992,2.669) (1.972,2.674) (1.971,2.676)  β=1.0
  [dopt] FDFD forward...
  [dopt] D-optimal gradients (20 episodes, 3 steps)...
  [dopt] FDFD backward...
  [dopt] Done. -logdet(J_N)=-123.059
iter 148/2000  59.9s  -logdet=-123.059  |grad_ε| avg=0.0244 max=0.214  |grad_s| [0.052, 0.0703, 0.0725]  s=(1.997,2.669) (1.976,2.673) (1.974,2.673)  β=1.0
  [dopt] FDFD forward...
  [dopt] D-optimal gradients (20 episodes, 3 steps)...
  [dopt] FDFD backward...
  [dopt] Done. -logdet(J_N)=-123.224
iter 149/2000  60.7s  -logdet=-123.224  |grad_ε| avg=0.0197 max=0.144  |grad_s| [0.055, 0.0502, 0.0501]  s=(1.999,2.669) (1.978,2.672) (1.976,2.671)  β=1.0
  [dopt] FDFD forward...
  [dopt] D-optimal gradients (20 episodes, 3 steps)...
  [dopt] FDFD backward...
  [dopt] Done. -logdet(J_N)=-123.397
iter 150/2000  60.0s  -logdet=-123.397  |grad_ε| avg=0.00467 max=0.0483  |grad_s| [0.0238, 0.0365, 0.0364]  s=(2.0,2.668) (1.981,2.671) (1.978,2.668)  β=1.0
  saved → /home/zlin/BFIMGaussian/checkpoints_dopt/dopt_step_00150.jls
  [dopt] FDFD forward...
  [dopt] D-optimal gradients (20 episodes, 3 steps)...
  [dopt] FDFD backward...
  [dopt] Done. -logdet(J_N)=-123.485
iter 151/2000  60.4s  -logdet=-123.485  |grad_ε| avg=0.0101 max=0.0938  |grad_s| [0.0349, 0.0499, 0.0487]  s=(2.002,2.668) (1.984,2.67) (1.981,2.666)  β=1.0
  [dopt] FDFD forward...
  [dopt] D-optimal gradients (20 episodes, 3 steps)...
  [dopt] FDFD backward...
  [dopt] Done. -logdet(J_N)=-123.54
iter 152/2000  60.2s  -logdet=-123.54  |grad_ε| avg=0.019 max=0.142  |grad_s| [0.0577, 0.0541, 0.0519]  s=(2.001,2.667) (1.986,2.668) (1.982,2.663)  β=1.0
  [dopt] FDFD forward...
  [dopt] D-optimal gradients (20 episodes, 3 steps)...
  [dopt] FDFD backward...
  [dopt] Done. -logdet(J_N)=-123.618
iter 153/2000  59.9s  -logdet=-123.618  |grad_ε| avg=0.0192 max=0.169  |grad_s| [0.0407, 0.0529, 0.0502]  s=(2.002,2.667) (1.988,2.667) (1.984,2.66)  β=1.0
  [dopt] FDFD forward...
  [dopt] D-optimal gradients (20 episodes, 3 steps)...
  [dopt] FDFD backward...
  [dopt] Done. -logdet(J_N)=-123.757
iter 154/2000  59.9s  -logdet=-123.757  |grad_ε| avg=0.00957 max=0.0684  |grad_s| [0.0468, 0.0499, 0.0451]  s=(2.002,2.666) (1.99,2.665) (1.986,2.657)  β=1.0
  [dopt] FDFD forward...
  [dopt] D-optimal gradients (20 episodes, 3 steps)...
  [dopt] FDFD backward...
  [dopt] Done. -logdet(J_N)=-123.862
iter 155/2000  60.0s  -logdet=-123.862  |grad_ε| avg=0.00727 max=0.0542  |grad_s| [0.0376, 0.0364, 0.0319]  s=(2.001,2.665) (1.991,2.663) (1.987,2.654)  β=1.0
  [dopt] FDFD forward...
  [dopt] D-optimal gradients (20 episodes, 3 steps)...
  [dopt] FDFD backward...
  [dopt] Done. -logdet(J_N)=-123.882
iter 156/2000  60.2s  -logdet=-123.882  |grad_ε| avg=0.02 max=0.175  |grad_s| [0.037, 0.042, 0.0373]  s=(2.001,2.664) (1.993,2.661) (1.988,2.651)  β=1.0
  [dopt] FDFD forward...
  [dopt] D-optimal gradients (20 episodes, 3 steps)...
  [dopt] FDFD backward...
  [dopt] Done. -logdet(J_N)=-123.948
iter 157/2000  60.3s  -logdet=-123.948  |grad_ε| avg=0.0242 max=0.186  |grad_s| [0.0604, 0.0574, 0.0552]  s=(1.998,2.663) (1.994,2.659) (1.989,2.648)  β=1.0
  [dopt] FDFD forward...
  [dopt] D-optimal gradients (20 episodes, 3 steps)...
  [dopt] FDFD backward...
  [dopt] Done. -logdet(J_N)=-124.057
iter 158/2000  60.0s  -logdet=-124.057  |grad_ε| avg=0.0181 max=0.159  |grad_s| [0.0364, 0.0365, 0.0306]  s=(1.998,2.661) (1.995,2.657) (1.99,2.646)  β=1.0
  [dopt] FDFD forward...
  [dopt] D-optimal gradients (20 episodes, 3 steps)...
  [dopt] FDFD backward...
  [dopt] Done. -logdet(J_N)=-124.191
iter 159/2000  60.2s  -logdet=-124.191  |grad_ε| avg=0.00425 max=0.0316  |grad_s| [0.0328, 0.03, 0.0214]  s=(1.997,2.66) (1.996,2.656) (1.99,2.643)  β=1.0
  [dopt] FDFD forward...
  [dopt] D-optimal gradients (20 episodes, 3 steps)...
  [dopt] FDFD backward...
  [dopt] Done. -logdet(J_N)=-124.236
iter 160/2000  61.2s  -logdet=-124.236  |grad_ε| avg=0.0102 max=0.0742  |grad_s| [0.0355, 0.0333, 0.0283]  s=(1.995,2.659) (1.997,2.654) (1.991,2.641)  β=1.0
  saved → /home/zlin/BFIMGaussian/checkpoints_dopt/dopt_step_00160.jls
  [dopt] FDFD forward...
  [dopt] D-optimal gradients (20 episodes, 3 steps)...
  [dopt] FDFD backward...
  [dopt] Done. -logdet(J_N)=-124.295
iter 161/2000  60.2s  -logdet=-124.295  |grad_ε| avg=0.0155 max=0.136  |grad_s| [0.0397, 0.0336, 0.0272]  s=(1.995,2.657) (1.998,2.652) (1.992,2.638)  β=1.0
  [dopt] FDFD forward...
  [dopt] D-optimal gradients (20 episodes, 3 steps)...
  [dopt] FDFD backward...
  [dopt] Done. -logdet(J_N)=-124.367
iter 162/2000  60.7s  -logdet=-124.367  |grad_ε| avg=0.0123 max=0.0927  |grad_s| [0.0334, 0.0342, 0.034]  s=(1.993,2.656) (1.998,2.65) (1.992,2.636)  β=1.0
  [dopt] FDFD forward...
  [dopt] D-optimal gradients (20 episodes, 3 steps)...
  [dopt] FDFD backward...
  [dopt] Done. -logdet(J_N)=-124.452
iter 163/2000  59.9s  -logdet=-124.452  |grad_ε| avg=0.00388 max=0.04  |grad_s| [0.0125, 0.00921, 0.0124]  s=(1.992,2.654) (1.998,2.648) (1.992,2.634)  β=1.0
  [dopt] FDFD forward...
  [dopt] D-optimal gradients (20 episodes, 3 steps)...
  [dopt] FDFD backward...
  [dopt] Done. -logdet(J_N)=-124.506
iter 164/2000  60.7s  -logdet=-124.506  |grad_ε| avg=0.0069 max=0.0665  |grad_s| [0.0107, 0.000236, 0.0116]  s=(1.991,2.653) (1.998,2.647) (1.992,2.633)  β=1.0
  [dopt] FDFD forward...
  [dopt] D-optimal gradients (20 episodes, 3 steps)...
  [dopt] FDFD backward...
  [dopt] Done. -logdet(J_N)=-124.559
iter 165/2000  60.4s  -logdet=-124.559  |grad_ε| avg=0.02 max=0.154  |grad_s| [0.0397, 0.0423, 0.0427]  s=(1.988,2.652) (1.997,2.645) (1.991,2.631)  β=1.0
  [dopt] FDFD forward...
  [dopt] D-optimal gradients (20 episodes, 3 steps)...
  [dopt] FDFD backward...
  [dopt] Done. -logdet(J_N)=-124.479
iter 166/2000  60.6s  -logdet=-124.479  |grad_ε| avg=0.033 max=0.28  |grad_s| [0.0697, 0.0603, 0.0564]  s=(1.989,2.651) (1.997,2.644) (1.991,2.63)  β=1.0
  [dopt] FDFD forward...
  [dopt] D-optimal gradients (20 episodes, 3 steps)...
  [dopt] FDFD backward...
  [dopt] Done. -logdet(J_N)=-124.516
iter 167/2000  60.9s  -logdet=-124.516  |grad_ε| avg=0.0377 max=0.296  |grad_s| [0.0561, 0.0634, 0.0664]  s=(1.988,2.649) (1.996,2.643) (1.991,2.629)  β=1.0
  [dopt] FDFD forward...
  [dopt] D-optimal gradients (20 episodes, 3 steps)...
  [dopt] FDFD backward...
  [dopt] Done. -logdet(J_N)=-124.649
iter 168/2000  60.0s  -logdet=-124.649  |grad_ε| avg=0.0271 max=0.23  |grad_s| [0.0502, 0.0416, 0.0403]  s=(1.988,2.648) (1.996,2.641) (1.99,2.628)  β=1.0
  [dopt] FDFD forward...
  [dopt] D-optimal gradients (20 episodes, 3 steps)...
  [dopt] FDFD backward...
  [dopt] Done. -logdet(J_N)=-124.822
iter 169/2000  60.2s  -logdet=-124.822  |grad_ε| avg=0.00261 max=0.0261  |grad_s| [0.0258, 0.0142, 0.00421]  s=(1.989,2.647) (1.996,2.64) (1.99,2.627)  β=1.0
  [dopt] FDFD forward...
  [dopt] D-optimal gradients (20 episodes, 3 steps)...
  [dopt] FDFD backward...
  [dopt] Done. -logdet(J_N)=-124.77
iter 170/2000  60.1s  -logdet=-124.77  |grad_ε| avg=0.0267 max=0.209  |grad_s| [0.0397, 0.0416, 0.0413]  s=(1.989,2.645) (1.995,2.639) (1.99,2.627)  β=1.0
  saved → /home/zlin/BFIMGaussian/checkpoints_dopt/dopt_step_00170.jls
  [dopt] FDFD forward...
  [dopt] D-optimal gradients (20 episodes, 3 steps)...
  [dopt] FDFD backward...
  [dopt] Done. -logdet(J_N)=-124.758
iter 171/2000  59.8s  -logdet=-124.758  |grad_ε| avg=0.0332 max=0.281  |grad_s| [0.0547, 0.0496, 0.0505]  s=(1.99,2.644) (1.996,2.638) (1.99,2.626)  β=1.0
  [dopt] FDFD forward...
  [dopt] D-optimal gradients (20 episodes, 3 steps)...
  [dopt] FDFD backward...
  [dopt] Done. -logdet(J_N)=-124.939
iter 172/2000  61.0s  -logdet=-124.939  |grad_ε| avg=0.0136 max=0.105  |grad_s| [0.0204, 0.0245, 0.0277]  s=(1.991,2.643) (1.995,2.637) (1.989,2.626)  β=1.0
  [dopt] FDFD forward...
  [dopt] D-optimal gradients (20 episodes, 3 steps)...
  [dopt] FDFD backward...
  [dopt] Done. -logdet(J_N)=-124.982
iter 173/2000  60.6s  -logdet=-124.982  |grad_ε| avg=0.0169 max=0.132  |grad_s| [0.0182, 0.0224, 0.0257]  s=(1.991,2.642) (1.995,2.636) (1.989,2.626)  β=1.0
  [dopt] FDFD forward...
  [dopt] D-optimal gradients (20 episodes, 3 steps)...
  [dopt] FDFD backward...
  [dopt] Done. -logdet(J_N)=-124.891
iter 174/2000  60.7s  -logdet=-124.891  |grad_ε| avg=0.0337 max=0.285  |grad_s| [0.0525, 0.0502, 0.0519]  s=(1.994,2.641) (1.995,2.636) (1.989,2.626)  β=1.0
  [dopt] FDFD forward...
  [dopt] D-optimal gradients (20 episodes, 3 steps)...
  [dopt] FDFD backward...
  [dopt] Done. -logdet(J_N)=-125.03
iter 175/2000  60.1s  -logdet=-125.03  |grad_ε| avg=0.0263 max=0.206  |grad_s| [0.0396, 0.0429, 0.0445]  s=(1.994,2.64) (1.994,2.635) (1.988,2.626)  β=1.0
  [dopt] FDFD forward...
  [dopt] D-optimal gradients (20 episodes, 3 steps)...
  [dopt] FDFD backward...
  [dopt] Done. -logdet(J_N)=-125.171
iter 176/2000  59.7s  -logdet=-125.171  |grad_ε| avg=0.00248 max=0.0284  |grad_s| [0.00666, 0.0109, 0.0176]  s=(1.994,2.639) (1.994,2.635) (1.988,2.626)  β=1.0
  [dopt] FDFD forward...
  [dopt] D-optimal gradients (20 episodes, 3 steps)...
  [dopt] FDFD backward...
  [dopt] Done. -logdet(J_N)=-125.098
iter 177/2000  60.1s  -logdet=-125.098  |grad_ε| avg=0.0238 max=0.202  |grad_s| [0.0432, 0.0416, 0.0421]  s=(1.997,2.639) (1.994,2.635) (1.988,2.626)  β=1.0
  [dopt] FDFD forward...
  [dopt] D-optimal gradients (20 episodes, 3 steps)...
  [dopt] FDFD backward...
  [dopt] Done. -logdet(J_N)=-125.107
iter 178/2000  60.8s  -logdet=-125.107  |grad_ε| avg=0.0313 max=0.246  |grad_s| [0.0448, 0.0455, 0.0457]  s=(1.997,2.638) (1.994,2.634) (1.987,2.627)  β=1.0
  [dopt] FDFD forward...
  [dopt] D-optimal gradients (20 episodes, 3 steps)...
  [dopt] FDFD backward...
  [dopt] Done. -logdet(J_N)=-125.242
iter 179/2000  60.1s  -logdet=-125.242  |grad_ε| avg=0.0147 max=0.127  |grad_s| [0.0266, 0.0284, 0.0323]  s=(1.998,2.638) (1.994,2.634) (1.987,2.628)  β=1.0
  [dopt] FDFD forward...
  [dopt] D-optimal gradients (20 episodes, 3 steps)...
  [dopt] FDFD backward...
  [dopt] Done. -logdet(J_N)=-125.313
iter 180/2000  59.9s  -logdet=-125.313  |grad_ε| avg=0.00969 max=0.0866  |grad_s| [0.0198, 0.0216, 0.0249]  s=(1.999,2.638) (1.994,2.634) (1.987,2.629)  β=1.0
  saved → /home/zlin/BFIMGaussian/checkpoints_dopt/dopt_step_00180.jls
  [dopt] FDFD forward...
  [dopt] D-optimal gradients (20 episodes, 3 steps)...
  [dopt] FDFD backward...
  [dopt] Done. -logdet(J_N)=-125.291
iter 181/2000  59.5s  -logdet=-125.291  |grad_ε| avg=0.0228 max=0.177  |grad_s| [0.0344, 0.0328, 0.0322]  s=(1.999,2.637) (1.993,2.635) (1.987,2.629)  β=1.0
  [dopt] FDFD forward...
  [dopt] D-optimal gradients (20 episodes, 3 steps)...
  [dopt] FDFD backward...
  [dopt] Done. -logdet(J_N)=-125.393
iter 182/2000  60.3s  -logdet=-125.393  |grad_ε| avg=0.0147 max=0.127  |grad_s| [0.0183, 0.0198, 0.0225]  s=(1.999,2.637) (1.993,2.635) (1.987,2.63)  β=1.0
  [dopt] FDFD forward...
  [dopt] D-optimal gradients (20 episodes, 3 steps)...
  [dopt] FDFD backward...
  [dopt] Done. -logdet(J_N)=-125.447
iter 183/2000  60.2s  -logdet=-125.447  |grad_ε| avg=0.00772 max=0.0706  |grad_s| [0.0134, 0.0159, 0.0176]  s=(2.0,2.637) (1.993,2.635) (1.987,2.631)  β=1.0
  [dopt] FDFD forward...
  [dopt] D-optimal gradients (20 episodes, 3 steps)...
  [dopt] FDFD backward...
  [dopt] Done. -logdet(J_N)=-125.408
iter 184/2000  60.3s  -logdet=-125.408  |grad_ε| avg=0.0248 max=0.195  |grad_s| [0.038, 0.0346, 0.0325]  s=(1.999,2.637) (1.993,2.635) (1.987,2.632)  β=1.0
  [dopt] FDFD forward...
  [dopt] D-optimal gradients (20 episodes, 3 steps)...
  [dopt] FDFD backward...
  [dopt] Done. -logdet(J_N)=-125.467
iter 185/2000  61.1s  -logdet=-125.467  |grad_ε| avg=0.022 max=0.188  |grad_s| [0.0359, 0.0376, 0.0396]  s=(2.0,2.637) (1.993,2.636) (1.987,2.633)  β=1.0
  [dopt] FDFD forward...
  [dopt] D-optimal gradients (20 episodes, 3 steps)...
  [dopt] FDFD backward...
  [dopt] Done. -logdet(J_N)=-125.568
iter 186/2000  60.0s  -logdet=-125.568  |grad_ε| avg=0.00184 max=0.0169  |grad_s| [0.00564, 0.0041, 0.00542]  s=(2.0,2.638) (1.993,2.636) (1.987,2.634)  β=1.0
  [dopt] FDFD forward...
  [dopt] D-optimal gradients (20 episodes, 3 steps)...
  [dopt] FDFD backward...
  [dopt] Done. -logdet(J_N)=-125.558
iter 187/2000  60.2s  -logdet=-125.558  |grad_ε| avg=0.0221 max=0.174  |grad_s| [0.0336, 0.0298, 0.0266]  s=(1.999,2.638) (1.993,2.637) (1.987,2.635)  β=1.0
  [dopt] FDFD forward...
  [dopt] D-optimal gradients (20 episodes, 3 steps)...
  [dopt] FDFD backward...
  [dopt] Done. -logdet(J_N)=-125.539
iter 188/2000  60.5s  -logdet=-125.539  |grad_ε| avg=0.0275 max=0.232  |grad_s| [0.0524, 0.0553, 0.0579]  s=(2.001,2.638) (1.994,2.637) (1.988,2.636)  β=1.0
  [dopt] FDFD forward...
  [dopt] D-optimal gradients (20 episodes, 3 steps)...
  [dopt] FDFD backward...
  [dopt] Done. -logdet(J_N)=-125.665
iter 189/2000  60.1s  -logdet=-125.665  |grad_ε| avg=0.0128 max=0.0984  |grad_s| [0.0203, 0.016, 0.0121]  s=(2.001,2.638) (1.994,2.637) (1.988,2.637)  β=1.0
  [dopt] FDFD forward...
  [dopt] D-optimal gradients (20 episodes, 3 steps)...
  [dopt] FDFD backward...
  [dopt] Done. -logdet(J_N)=-125.713
iter 190/2000  60.5s  -logdet=-125.713  |grad_ε| avg=0.00864 max=0.065  |grad_s| [0.0182, 0.0144, 0.0108]  s=(2.001,2.639) (1.994,2.638) (1.988,2.638)  β=1.0
  saved → /home/zlin/BFIMGaussian/checkpoints_dopt/dopt_step_00190.jls
  [dopt] FDFD forward...
  [dopt] D-optimal gradients (20 episodes, 3 steps)...
  [dopt] FDFD backward...
  [dopt] Done. -logdet(J_N)=-125.707
iter 191/2000  60.0s  -logdet=-125.707  |grad_ε| avg=0.0195 max=0.166  |grad_s| [0.029, 0.0309, 0.0331]  s=(2.002,2.639) (1.995,2.638) (1.989,2.639)  β=1.0
  [dopt] FDFD forward...
  [dopt] D-optimal gradients (20 episodes, 3 steps)...
  [dopt] FDFD backward...
  [dopt] Done. -logdet(J_N)=-125.775
iter 192/2000  59.7s  -logdet=-125.775  |grad_ε| avg=0.0125 max=0.0968  |grad_s| [0.0138, 0.0101, 0.00711]  s=(2.002,2.64) (1.996,2.639) (1.99,2.639)  β=1.0
  [dopt] FDFD forward...
  [dopt] D-optimal gradients (20 episodes, 3 steps)...
  [dopt] FDFD backward...
  [dopt] Done. -logdet(J_N)=-125.816
iter 193/2000  60.1s  -logdet=-125.816  |grad_ε| avg=0.00576 max=0.0483  |grad_s| [0.0236, 0.0199, 0.015]  s=(2.002,2.64) (1.996,2.639) (1.99,2.64)  β=1.0
  [dopt] FDFD forward...
  [dopt] D-optimal gradients (20 episodes, 3 steps)...
  [dopt] FDFD backward...
  [dopt] Done. -logdet(J_N)=-125.828
iter 194/2000  60.2s  -logdet=-125.828  |grad_ε| avg=0.0181 max=0.154  |grad_s| [0.0255, 0.0271, 0.0294]  s=(2.002,2.641) (1.997,2.64) (1.991,2.641)  β=1.0
  [dopt] FDFD forward...
  [dopt] D-optimal gradients (20 episodes, 3 steps)...
  [dopt] FDFD backward...
  [dopt] Done. -logdet(J_N)=-125.876
iter 195/2000  60.5s  -logdet=-125.876  |grad_ε| avg=0.0168 max=0.131  |grad_s| [0.015, 0.0123, 0.01]  s=(2.002,2.641) (1.997,2.641) (1.992,2.642)  β=1.0
  [dopt] FDFD forward...
  [dopt] D-optimal gradients (20 episodes, 3 steps)...
  [dopt] FDFD backward...
  [dopt] Done. -logdet(J_N)=-125.95
iter 196/2000  60.3s  -logdet=-125.95  |grad_ε| avg=0.00417 max=0.0414  |grad_s| [0.0139, 0.0157, 0.0189]  s=(2.002,2.642) (1.998,2.641) (1.992,2.642)  β=1.0
  [dopt] FDFD forward...
  [dopt] D-optimal gradients (20 episodes, 3 steps)...
  [dopt] FDFD backward...
  [dopt] Done. -logdet(J_N)=-125.935
iter 197/2000  60.2s  -logdet=-125.935  |grad_ε| avg=0.014 max=0.121  |grad_s| [0.0235, 0.0246, 0.0264]  s=(2.003,2.642) (1.999,2.642) (1.994,2.643)  β=1.0
  [dopt] FDFD forward...
  [dopt] D-optimal gradients (20 episodes, 3 steps)...
  [dopt] FDFD backward...
  [dopt] Done. -logdet(J_N)=-125.912
iter 198/2000  60.7s  -logdet=-125.912  |grad_ε| avg=0.0284 max=0.225  |grad_s| [0.0472, 0.0445, 0.0394]  s=(2.003,2.643) (1.999,2.642) (1.994,2.644)  β=1.0
  [dopt] FDFD forward...
  [dopt] D-optimal gradients (20 episodes, 3 steps)...
  [dopt] FDFD backward...
  [dopt] Done. -logdet(J_N)=-125.95
iter 199/2000  60.0s  -logdet=-125.95  |grad_ε| avg=0.0279 max=0.233  |grad_s| [0.0406, 0.0418, 0.0441]  s=(2.003,2.643) (2.0,2.643) (1.995,2.644)  β=1.0
  [optim] β_proj → 2.0
  [dopt] FDFD forward...
  [dopt] D-optimal gradients (20 episodes, 3 steps)...
  [dopt] FDFD backward...
  [dopt] Done. -logdet(J_N)=-106.839
iter 200/2000  60.5s  -logdet=-106.839  |grad_ε| avg=0.0392 max=0.393  |grad_s| [0.404, 0.408, 0.416]  s=(1.994,2.645) (1.993,2.644) (1.99,2.646)  β=2.0
  saved → /home/zlin/BFIMGaussian/checkpoints_dopt/dopt_step_00200.jls
  [dopt] FDFD forward...
  [dopt] D-optimal gradients (20 episodes, 3 steps)...
  [dopt] FDFD backward...
  [dopt] Done. -logdet(J_N)=-107.871
iter 201/2000  59.8s  -logdet=-107.871  |grad_ε| avg=0.0385 max=0.38  |grad_s| [0.354, 0.355, 0.359]  s=(1.979,2.646) (1.981,2.646) (1.982,2.648)  β=2.0
  [dopt] FDFD forward...
  [dopt] D-optimal gradients (20 episodes, 3 steps)...
  [dopt] FDFD backward...
  [dopt] Done. -logdet(J_N)=-109.896
iter 202/2000  60.0s  -logdet=-109.896  |grad_ε| avg=0.0368 max=0.349  |grad_s| [0.305, 0.302, 0.302]  s=(1.96,2.648) (1.966,2.648) (1.971,2.65)  β=2.0
  [dopt] FDFD forward...
  [dopt] D-optimal gradients (20 episodes, 3 steps)...
  [dopt] FDFD backward...
  [dopt] Done. -logdet(J_N)=-112.014
iter 203/2000  60.0s  -logdet=-112.014  |grad_ε| avg=0.0299 max=0.468  |grad_s| [0.525, 0.517, 0.513]  s=(1.939,2.65) (1.947,2.65) (1.956,2.654)  β=2.0
  [dopt] FDFD forward...
  [dopt] D-optimal gradients (20 episodes, 3 steps)...
  [dopt] FDFD backward...
  [dopt] Done. -logdet(J_N)=-113.38
iter 204/2000  59.8s  -logdet=-113.38  |grad_ε| avg=0.109 max=1.12  |grad_s| [0.609, 0.614, 0.618]  s=(1.92,2.648) (1.93,2.648) (1.942,2.65)  β=2.0
  [dopt] FDFD forward...
  [dopt] D-optimal gradients (20 episodes, 3 steps)...
  [dopt] FDFD backward...
  [dopt] Done. -logdet(J_N)=-119.858
iter 205/2000  59.9s  -logdet=-119.858  |grad_ε| avg=0.0544 max=0.925  |grad_s| [0.995, 0.994, 0.995]  s=(1.9,2.652) (1.912,2.652) (1.928,2.655)  β=2.0
  [dopt] FDFD forward...
  [dopt] D-optimal gradients (20 episodes, 3 steps)...
  [dopt] FDFD backward...
  [dopt] Done. -logdet(J_N)=-110.841
iter 206/2000  60.4s  -logdet=-110.841  |grad_ε| avg=0.128 max=1.28  |grad_s| [0.037, 0.17, 0.389]  s=(1.882,2.656) (1.899,2.656) (1.92,2.659)  β=2.0
  [dopt] FDFD forward...
  [dopt] D-optimal gradients (20 episodes, 3 steps)...
  [dopt] FDFD backward...
  [dopt] Done. -logdet(J_N)=-109.935
iter 207/2000  59.7s  -logdet=-109.935  |grad_ε| avg=0.066 max=0.591  |grad_s| [0.237, 0.423, 0.664]  s=(1.869,2.661) (1.893,2.66) (1.92,2.663)  β=2.0
  [dopt] FDFD forward...
  [dopt] D-optimal gradients (20 episodes, 3 steps)...
  [dopt] FDFD backward...
  [dopt] Done. -logdet(J_N)=-112.813
iter 208/2000  60.9s  -logdet=-112.813  |grad_ε| avg=0.157 max=1.59  |grad_s| [0.214, 0.38, 0.574]  s=(1.86,2.664) (1.892,2.662) (1.925,2.664)  β=2.0
  [dopt] FDFD forward...
  [dopt] D-optimal gradients (20 episodes, 3 steps)...
  [dopt] FDFD backward...
  [dopt] Done. -logdet(J_N)=-120.48
iter 209/2000  60.7s  -logdet=-120.48  |grad_ε| avg=0.0706 max=0.645  |grad_s| [1.03, 1.02, 1.02]  s=(1.85,2.672) (1.889,2.67) (1.927,2.672)  β=2.0
  [dopt] FDFD forward...
  [dopt] D-optimal gradients (20 episodes, 3 steps)...
  [dopt] FDFD backward...
  [dopt] Done. -logdet(J_N)=-116.955
iter 210/2000  59.5s  -logdet=-116.955  |grad_ε| avg=0.0399 max=0.422  |grad_s| [0.617, 0.609, 0.603]  s=(1.837,2.676) (1.883,2.674) (1.927,2.675)  β=2.0
  saved → /home/zlin/BFIMGaussian/checkpoints_dopt/dopt_step_00210.jls
  [dopt] FDFD forward...
  [dopt] D-optimal gradients (20 episodes, 3 steps)...
  [dopt] FDFD backward...
  [dopt] Done. -logdet(J_N)=-114.077
iter 211/2000  60.6s  -logdet=-114.077  |grad_ε| avg=0.0359 max=0.523  |grad_s| [0.969, 0.865, 0.777]  s=(1.82,2.682) (1.871,2.679) (1.921,2.68)  β=2.0
  [dopt] FDFD forward...
  [dopt] D-optimal gradients (20 episodes, 3 steps)...
  [dopt] FDFD backward...
  [dopt] Done. -logdet(J_N)=-112.948
iter 212/2000  60.2s  -logdet=-112.948  |grad_ε| avg=0.0315 max=0.321  |grad_s| [0.349, 0.308, 0.271]  s=(1.801,2.687) (1.858,2.684) (1.914,2.684)  β=2.0
  [dopt] FDFD forward...
  [dopt] D-optimal gradients (20 episodes, 3 steps)...
  [dopt] FDFD backward...
  [dopt] Done. -logdet(J_N)=-110.967
iter 213/2000  60.3s  -logdet=-110.967  |grad_ε| avg=0.0365 max=0.326  |grad_s| [0.369, 0.317, 0.267]  s=(1.781,2.691) (1.843,2.688) (1.905,2.687)  β=2.0
  [dopt] FDFD forward...
  [dopt] D-optimal gradients (20 episodes, 3 steps)...
  [dopt] FDFD backward...
  [dopt] Done. -logdet(J_N)=-109.617
iter 214/2000  60.5s  -logdet=-109.617  |grad_ε| avg=0.0379 max=0.346  |grad_s| [0.442, 0.392, 0.341]  s=(1.759,2.695) (1.826,2.69) (1.895,2.689)  β=2.0
  [dopt] FDFD forward...
  [dopt] D-optimal gradients (20 episodes, 3 steps)...
  [dopt] FDFD backward...
  [dopt] Done. -logdet(J_N)=-108.953
iter 215/2000  60.5s  -logdet=-108.953  |grad_ε| avg=0.0382 max=0.352  |grad_s| [0.505, 0.46, 0.409]  s=(1.737,2.696) (1.808,2.691) (1.883,2.689)  β=2.0
  [dopt] FDFD forward...
  [dopt] D-optimal gradients (20 episodes, 3 steps)...
  [dopt] FDFD backward...
  [dopt] Done. -logdet(J_N)=-108.957
iter 216/2000  60.0s  -logdet=-108.957  |grad_ε| avg=0.0377 max=0.349  |grad_s| [0.518, 0.476, 0.428]  s=(1.713,2.696) (1.789,2.691) (1.87,2.688)  β=2.0
  [dopt] FDFD forward...
  [dopt] D-optimal gradients (20 episodes, 3 steps)...
  [dopt] FDFD backward...
  [dopt] Done. -logdet(J_N)=-109.531
iter 217/2000  60.0s  -logdet=-109.531  |grad_ε| avg=0.0366 max=0.338  |grad_s| [0.479, 0.44, 0.393]  s=(1.689,2.695) (1.769,2.69) (1.856,2.686)  β=2.0
  [dopt] FDFD forward...
  [dopt] D-optimal gradients (20 episodes, 3 steps)...
  [dopt] FDFD backward...
  [dopt] Done. -logdet(J_N)=-110.566
iter 218/2000  61.2s  -logdet=-110.566  |grad_ε| avg=0.0349 max=0.321  |grad_s| [0.412, 0.374, 0.329]  s=(1.664,2.693) (1.748,2.687) (1.841,2.683)  β=2.0
  [dopt] FDFD forward...
  [dopt] D-optimal gradients (20 episodes, 3 steps)...
  [dopt] FDFD backward...
  [dopt] Done. -logdet(J_N)=-111.894
iter 219/2000  60.0s  -logdet=-111.894  |grad_ε| avg=0.0323 max=0.293  |grad_s| [0.342, 0.304, 0.258]  s=(1.64,2.691) (1.727,2.685) (1.826,2.679)  β=2.0
  [dopt] FDFD forward...
  [dopt] D-optimal gradients (20 episodes, 3 steps)...
  [dopt] FDFD backward...
  [dopt] Done. -logdet(J_N)=-113.35
iter 220/2000  59.9s  -logdet=-113.35  |grad_ε| avg=0.0284 max=0.255  |grad_s| [0.287, 0.253, 0.211]  s=(1.616,2.688) (1.707,2.682) (1.811,2.676)  β=2.0
  saved → /home/zlin/BFIMGaussian/checkpoints_dopt/dopt_step_00220.jls
  [dopt] FDFD forward...
  [dopt] D-optimal gradients (20 episodes, 3 steps)...
  [dopt] FDFD backward...
  [dopt] Done. -logdet(J_N)=-114.624
iter 221/2000  60.5s  -logdet=-114.624  |grad_ε| avg=0.023 max=0.253  |grad_s| [0.26, 0.241, 0.215]  s=(1.593,2.686) (1.686,2.679) (1.796,2.673)  β=2.0
  [dopt] FDFD forward...
  [dopt] D-optimal gradients (20 episodes, 3 steps)...
  [dopt] FDFD backward...
  [dopt] Done. -logdet(J_N)=-115.565
iter 222/2000  60.3s  -logdet=-115.565  |grad_ε| avg=0.0204 max=0.291  |grad_s| [0.304, 0.294, 0.284]  s=(1.57,2.685) (1.666,2.677) (1.781,2.67)  β=2.0
  [dopt] FDFD forward...
  [dopt] D-optimal gradients (20 episodes, 3 steps)...
  [dopt] FDFD backward...
  [dopt] Done. -logdet(J_N)=-116.067
iter 223/2000  61.3s  -logdet=-116.067  |grad_ε| avg=0.023 max=0.364  |grad_s| [0.376, 0.34, 0.315]  s=(1.547,2.685) (1.646,2.677) (1.765,2.669)  β=2.0
  [dopt] FDFD forward...
  [dopt] D-optimal gradients (20 episodes, 3 steps)...
  [dopt] FDFD backward...
  [dopt] Done. -logdet(J_N)=-115.898
iter 224/2000  60.3s  -logdet=-115.898  |grad_ε| avg=0.0142 max=0.169  |grad_s| [0.124, 0.136, 0.16]  s=(1.525,2.684) (1.626,2.676) (1.75,2.667)  β=2.0
  [dopt] FDFD forward...
  [dopt] D-optimal gradients (20 episodes, 3 steps)...
  [dopt] FDFD backward...
  [dopt] Done. -logdet(J_N)=-117.388
iter 225/2000  60.9s  -logdet=-117.388  |grad_ε| avg=0.0546 max=0.581  |grad_s| [0.895, 0.786, 0.677]  s=(1.507,2.679) (1.61,2.67) (1.735,2.661)  β=2.0
  [dopt] FDFD forward...
  [dopt] D-optimal gradients (20 episodes, 3 steps)...
  [dopt] FDFD backward...
  [dopt] Done. -logdet(J_N)=-119.459
iter 226/2000  60.6s  -logdet=-119.459  |grad_ε| avg=0.0838 max=1.12  |grad_s| [0.637, 0.685, 0.772]  s=(1.496,2.676) (1.6,2.667) (1.727,2.659)  β=2.0
  [dopt] FDFD forward...
  [dopt] D-optimal gradients (20 episodes, 3 steps)...
  [dopt] FDFD backward...
  [dopt] Done. -logdet(J_N)=-120.477
iter 227/2000  62.1s  -logdet=-120.477  |grad_ε| avg=0.0468 max=0.411  |grad_s| [0.523, 0.567, 0.624]  s=(1.489,2.675) (1.593,2.667) (1.721,2.66)  β=2.0
  [dopt] FDFD forward...
  [dopt] D-optimal gradients (20 episodes, 3 steps)...
  [dopt] FDFD backward...
  [dopt] Done. -logdet(J_N)=-117.953
iter 228/2000  59.9s  -logdet=-117.953  |grad_ε| avg=0.0484 max=0.444  |grad_s| [0.747, 0.764, 0.824]  s=(1.485,2.678) (1.59,2.671) (1.721,2.665)  β=2.0
  [dopt] FDFD forward...
  [dopt] D-optimal gradients (20 episodes, 3 steps)...
  [dopt] FDFD backward...
  [dopt] Done. -logdet(J_N)=-117.354
iter 229/2000  60.8s  -logdet=-117.354  |grad_ε| avg=0.0413 max=0.379  |grad_s| [0.508, 0.74, 1.05]  s=(1.485,2.681) (1.593,2.674) (1.726,2.669)  β=2.0
  [dopt] FDFD forward...
  [dopt] D-optimal gradients (20 episodes, 3 steps)...
  [dopt] FDFD backward...
  [dopt] Done. -logdet(J_N)=-117.19
iter 230/2000  61.3s  -logdet=-117.19  |grad_ε| avg=0.0536 max=0.438  |grad_s| [0.539, 0.825, 1.2]  s=(1.488,2.683) (1.6,2.676) (1.737,2.67)  β=2.0
  saved → /home/zlin/BFIMGaussian/checkpoints_dopt/dopt_step_00230.jls
  [dopt] FDFD forward...
  [dopt] D-optimal gradients (20 episodes, 3 steps)...
  [dopt] FDFD backward...
  [dopt] Done. -logdet(J_N)=-117.993
iter 231/2000  60.1s  -logdet=-117.993  |grad_ε| avg=0.0536 max=0.433  |grad_s| [0.511, 0.749, 1.06]  s=(1.495,2.684) (1.611,2.677) (1.752,2.671)  β=2.0
  [dopt] FDFD forward...
  [dopt] D-optimal gradients (20 episodes, 3 steps)...
  [dopt] FDFD backward...
  [dopt] Done. -logdet(J_N)=-119.691
iter 232/2000  60.8s  -logdet=-119.691  |grad_ε| avg=0.0518 max=0.408  |grad_s| [0.489, 0.622, 0.809]  s=(1.504,2.686) (1.625,2.679) (1.768,2.672)  β=2.0
  [dopt] FDFD forward...
  [dopt] D-optimal gradients (20 episodes, 3 steps)...
  [dopt] FDFD backward...
  [dopt] Done. -logdet(J_N)=-121.83
iter 233/2000  60.4s  -logdet=-121.83  |grad_ε| avg=0.0374 max=0.304  |grad_s| [0.618, 0.631, 0.675]  s=(1.515,2.687) (1.64,2.68) (1.786,2.674)  β=2.0
  [dopt] FDFD forward...
  [dopt] D-optimal gradients (20 episodes, 3 steps)...
  [dopt] FDFD backward...
  [dopt] Done. -logdet(J_N)=-122.697
iter 234/2000  60.6s  -logdet=-122.697  |grad_ε| avg=0.0154 max=0.188  |grad_s| [0.58, 0.503, 0.421]  s=(1.528,2.686) (1.656,2.68) (1.803,2.674)  β=2.0
  [dopt] FDFD forward...
  [dopt] D-optimal gradients (20 episodes, 3 steps)...
  [dopt] FDFD backward...
  [dopt] Done. -logdet(J_N)=-121.716
iter 235/2000  60.8s  -logdet=-121.716  |grad_ε| avg=0.0453 max=0.429  |grad_s| [0.435, 0.345, 0.27]  s=(1.543,2.685) (1.672,2.68) (1.82,2.676)  β=2.0
  [dopt] FDFD forward...
  [dopt] D-optimal gradients (20 episodes, 3 steps)...
  [dopt] FDFD backward...
  [dopt] Done. -logdet(J_N)=-120.188
iter 236/2000  60.1s  -logdet=-120.188  |grad_ε| avg=0.0904 max=0.741  |grad_s| [0.381, 0.351, 0.369]  s=(1.558,2.684) (1.688,2.681) (1.836,2.679)  β=2.0
  [dopt] FDFD forward...
  [dopt] D-optimal gradients (20 episodes, 3 steps)...
  [dopt] FDFD backward...
  [dopt] Done. -logdet(J_N)=-120.935
iter 237/2000  60.6s  -logdet=-120.935  |grad_ε| avg=0.0654 max=0.557  |grad_s| [0.368, 0.308, 0.295]  s=(1.573,2.684) (1.704,2.683) (1.852,2.684)  β=2.0
  [dopt] FDFD forward...
  [dopt] D-optimal gradients (20 episodes, 3 steps)...
  [dopt] FDFD backward...
  [dopt] Done. -logdet(J_N)=-122.144
iter 238/2000  60.5s  -logdet=-122.144  |grad_ε| avg=0.0252 max=0.29  |grad_s| [0.408, 0.312, 0.222]  s=(1.589,2.684) (1.72,2.684) (1.866,2.688)  β=2.0
  [dopt] FDFD forward...
  [dopt] D-optimal gradients (20 episodes, 3 steps)...
  [dopt] FDFD backward...
  [dopt] Done. -logdet(J_N)=-122.542
iter 239/2000  60.3s  -logdet=-122.542  |grad_ε| avg=0.0208 max=0.287  |grad_s| [0.517, 0.434, 0.347]  s=(1.606,2.682) (1.736,2.685) (1.881,2.692)  β=2.0
  [dopt] FDFD forward...
  [dopt] D-optimal gradients (20 episodes, 3 steps)...
  [dopt] FDFD backward...
  [dopt] Done. -logdet(J_N)=-122.651
iter 240/2000  60.2s  -logdet=-122.651  |grad_ε| avg=0.02 max=0.328  |grad_s| [0.578, 0.537, 0.506]  s=(1.624,2.678) (1.754,2.684) (1.896,2.694)  β=2.0
  saved → /home/zlin/BFIMGaussian/checkpoints_dopt/dopt_step_00240.jls
  [dopt] FDFD forward...
  [dopt] D-optimal gradients (20 episodes, 3 steps)...
  [dopt] FDFD backward...
  [dopt] Done. -logdet(J_N)=-122.5
iter 241/2000  62.0s  -logdet=-122.5  |grad_ε| avg=0.0267 max=0.327  |grad_s| [0.577, 0.599, 0.65]  s=(1.643,2.674) (1.772,2.682) (1.913,2.696)  β=2.0
  [control] clear_schedule: false → true
  [control] consumed → /home/zlin/BFIMGaussian/checkpoints_dopt/control.toml.applied.20260417_171404
  [optim] β schedule cleared
  [dopt] FDFD forward...
  [dopt] D-optimal gradients (20 episodes, 3 steps)...
  [dopt] FDFD backward...
  [dopt] Done. -logdet(J_N)=-122.34
iter 242/2000  61.5s  -logdet=-122.34  |grad_ε| avg=0.0369 max=0.331  |grad_s| [0.523, 0.598, 0.715]  s=(1.662,2.669) (1.791,2.679) (1.931,2.696)  β=2.0
  [dopt] FDFD forward...
  [dopt] D-optimal gradients (20 episodes, 3 steps)...
  [dopt] FDFD backward...
  [dopt] Done. -logdet(J_N)=-122.578
iter 243/2000  61.4s  -logdet=-122.578  |grad_ε| avg=0.0412 max=0.344  |grad_s| [0.481, 0.56, 0.684]  s=(1.682,2.664) (1.811,2.676) (1.949,2.696)  β=2.0
  [dopt] FDFD forward...
  [dopt] D-optimal gradients (20 episodes, 3 steps)...
  [dopt] FDFD backward...
  [dopt] Done. -logdet(J_N)=-123.324
iter 244/2000  60.6s  -logdet=-123.324  |grad_ε| avg=0.0385 max=0.349  |grad_s| [0.474, 0.504, 0.564]  s=(1.702,2.658) (1.831,2.673) (1.968,2.696)  β=2.0
  [dopt] FDFD forward...
  [dopt] D-optimal gradients (20 episodes, 3 steps)...
  [dopt] FDFD backward...
  [dopt] Done. -logdet(J_N)=-124.35
iter 245/2000  60.8s  -logdet=-124.35  |grad_ε| avg=0.0221 max=0.263  |grad_s| [0.433, 0.389, 0.362]  s=(1.721,2.652) (1.851,2.669) (1.987,2.695)  β=2.0
  [dopt] FDFD forward...
  [dopt] D-optimal gradients (20 episodes, 3 steps)...
  [dopt] FDFD backward...
  [dopt] Done. -logdet(J_N)=-124.752
iter 246/2000  60.6s  -logdet=-124.752  |grad_ε| avg=0.0157 max=0.165  |grad_s| [0.336, 0.256, 0.192]  s=(1.741,2.645) (1.87,2.665) (2.004,2.694)  β=2.0
  [dopt] FDFD forward...
  [dopt] D-optimal gradients (20 episodes, 3 steps)...
  [dopt] FDFD backward...
  [dopt] Done. -logdet(J_N)=-124.042
iter 247/2000  61.3s  -logdet=-124.042  |grad_ε| avg=0.0668 max=0.549  |grad_s| [0.279, 0.207, 0.183]  s=(1.76,2.639) (1.888,2.662) (2.021,2.695)  β=2.0
  [dopt] FDFD forward...
  [dopt] D-optimal gradients (20 episodes, 3 steps)...
  [dopt] FDFD backward...
  [dopt] Done. -logdet(J_N)=-124.124
iter 248/2000  61.1s  -logdet=-124.124  |grad_ε| avg=0.0714 max=0.629  |grad_s| [0.261, 0.202, 0.195]  s=(1.778,2.634) (1.905,2.66) (2.036,2.696)  β=2.0
  [dopt] FDFD forward...
  [dopt] D-optimal gradients (20 episodes, 3 steps)...
  [dopt] FDFD backward...
  [dopt] Done. -logdet(J_N)=-125.179
iter 249/2000  60.8s  -logdet=-125.179  |grad_ε| avg=0.0163 max=0.167  |grad_s| [0.251, 0.19, 0.158]  s=(1.796,2.629) (1.922,2.658) (2.05,2.697)  β=2.0
  [dopt] FDFD forward...
  [dopt] D-optimal gradients (20 episodes, 3 steps)...
  [dopt] FDFD backward...
  [dopt] Done. -logdet(J_N)=-125.025
iter 250/2000  60.2s  -logdet=-125.025  |grad_ε| avg=0.0318 max=0.272  |grad_s| [0.236, 0.214, 0.212]  s=(1.813,2.625) (1.937,2.656) (2.064,2.699)  β=2.0
  saved → /home/zlin/BFIMGaussian/checkpoints_dopt/dopt_step_00250.jls
  [dopt] FDFD forward...
  [dopt] D-optimal gradients (20 episodes, 3 steps)...
  [dopt] FDFD backward...
  [dopt] Done. -logdet(J_N)=-124.516
iter 251/2000  60.8s  -logdet=-124.516  |grad_ε| avg=0.0531 max=0.46  |grad_s| [0.217, 0.232, 0.256]  s=(1.83,2.621) (1.953,2.655) (2.077,2.702)  β=2.0
  [dopt] FDFD forward...
  [dopt] D-optimal gradients (20 episodes, 3 steps)...
  [dopt] FDFD backward...
  [dopt] Done. -logdet(J_N)=-124.773
iter 252/2000  60.5s  -logdet=-124.773  |grad_ε| avg=0.0494 max=0.43  |grad_s| [0.199, 0.208, 0.225]  s=(1.846,2.618) (1.967,2.656) (2.09,2.705)  β=2.0
  [dopt] FDFD forward...
  [dopt] D-optimal gradients (20 episodes, 3 steps)...
  [dopt] FDFD backward...
  [dopt] Done. -logdet(J_N)=-125.508
iter 253/2000  60.9s  -logdet=-125.508  |grad_ε| avg=0.0164 max=0.157  |grad_s| [0.172, 0.147, 0.141]  s=(1.861,2.616) (1.981,2.656) (2.102,2.709)  β=2.0
  [dopt] FDFD forward...
  [dopt] D-optimal gradients (20 episodes, 3 steps)...
  [dopt] FDFD backward...
  [dopt] Done. -logdet(J_N)=-125.436
iter 254/2000  60.3s  -logdet=-125.436  |grad_ε| avg=0.0369 max=0.391  |grad_s| [0.13, 0.102, 0.109]  s=(1.876,2.614) (1.994,2.657) (2.113,2.713)  β=2.0
  [dopt] FDFD forward...
  [dopt] D-optimal gradients (20 episodes, 3 steps)...
  [dopt] FDFD backward...
  [dopt] Done. -logdet(J_N)=-125.136
iter 255/2000  60.8s  -logdet=-125.136  |grad_ε| avg=0.0627 max=0.604  |grad_s| [0.118, 0.0991, 0.12]  s=(1.889,2.612) (2.006,2.658) (2.123,2.717)  β=2.0
  [dopt] FDFD forward...
  [dopt] D-optimal gradients (20 episodes, 3 steps)...
  [dopt] FDFD backward...
  [dopt] Done. -logdet(J_N)=-125.789
iter 256/2000  60.4s  -logdet=-125.789  |grad_ε| avg=0.0268 max=0.251  |grad_s| [0.0961, 0.0562, 0.0533]  s=(1.902,2.61) (2.017,2.659) (2.132,2.721)  β=2.0
  [dopt] FDFD forward...
  [dopt] D-optimal gradients (20 episodes, 3 steps)...
  [dopt] FDFD backward...
  [dopt] Done. -logdet(J_N)=-125.94
iter 257/2000  60.6s  -logdet=-125.94  |grad_ε| avg=0.0178 max=0.154  |grad_s| [0.107, 0.0799, 0.0675]  s=(1.914,2.609) (2.027,2.66) (2.14,2.725)  β=2.0
  [dopt] FDFD forward...
  [dopt] D-optimal gradients (20 episodes, 3 steps)...
  [dopt] FDFD backward...
