
=== K=4 J=10 phi_max=0.030 ===
  V_train=-5.7690e-07 memo=8643976 148.2s
  MSE_adaptive = 5.4678e-07 ± 2.96e-08
  MSE_pcrb = 6.9988e-05 ± 4.58e-07  sched=[(10, 2), (10, 2), (10, 2), (10, 2)]
  ratio = 128.0005  z=+151.30  prior_var=7.5000e-05

=== K=4 J=10 phi_max=0.050 ===
  V_train=-2.4035e-06 memo=8643976 148.7s
  MSE_adaptive = 2.6491e-06 ± 2.02e-07
  MSE_pcrb = 2.0366e-04 ± 1.28e-06  sched=[(10, 2), (10, 2), (10, 2), (10, 2)]
  ratio = 76.8773  z=+155.00  prior_var=2.0833e-04

=== K=4 J=10 phi_max=0.080 ===
  V_train=-4.4223e-05 memo=8643976 147.2s
  MSE_adaptive = 4.2970e-05 ± 1.71e-06
  MSE_pcrb = 5.3465e-04 ± 3.34e-06  sched=[(10, 2), (10, 2), (10, 2), (10, 2)]
  ratio = 12.4423  z=+130.99  prior_var=5.3333e-04

=== K=3 J=10 phi_max=0.100 ===
  V_train=-2.1925e-04 memo=314556 3.9s
  MSE_adaptive = 2.1770e-04 ± 4.00e-06
  MSE_pcrb = 8.3680e-04 ± 5.31e-06  sched=[(10, 2), (10, 2), (10, 2)]
  ratio = 3.8438  z=+93.11

=== K=5 J=6 phi_max=0.100 ===
  V_train=-5.1721e-04 memo=9717549 230.3s
  MSE_adaptive = 6.7509e-04 ± 6.35e-06
  MSE_pcrb = 8.4467e-04 ± 5.35e-06  sched=[(6, 2), (6, 2), (6, 2), (6, 2), (6, 2)]
  ratio = 1.2512  z=+20.43
