
=== phi_max=0.100 ===
  V_train=-9.9734e-05 memo=8643976 147.8s
  MSE_adaptive = 1.0297e-04 ± 3.29e-06
  PCRB sched = [(10, 2), (10, 2), (10, 2), (10, 2)]
  MSE_pcrb = 8.4429e-04 ± 5.34e-06
  ratio = 8.1991  z = +118.17

=== phi_max=0.150 ===
  V_train=-4.4540e-04 memo=8643976 146.7s
  MSE_adaptive = 5.6889e-04 ± 1.04e-05
  PCRB sched = [(10, 2), (10, 2), (10, 2), (10, 2)]
  MSE_pcrb = 1.8967e-03 ± 1.20e-05
  ratio = 3.3341  z = +83.41

=== phi_max=0.200 ===
  V_train=-1.2104e-03 memo=8643976 146.9s
  MSE_adaptive = 2.3834e-03 ± 2.90e-05
  PCRB sched = [(10, 2), (10, 2), (10, 2), (10, 2)]
  MSE_pcrb = 3.3839e-03 ± 2.16e-05
  ratio = 1.4198  z = +27.69

=== phi_max=0.250 ===
  V_train=-1.8977e-03 memo=8643976 148.6s
  MSE_adaptive = 4.2798e-03 ± 4.75e-05
  PCRB sched = [(10, 2), (10, 2), (10, 2), (10, 2)]
  MSE_pcrb = 5.3316e-03 ± 3.41e-05
  ratio = 1.2458  z = +17.98

=== phi_max=0.300 ===
  V_train=-2.9117e-03 memo=8643976 148.8s
  MSE_adaptive = 7.3292e-03 ± 7.34e-05
  PCRB sched = [(10, 2), (10, 2), (10, 2), (10, 2)]
  MSE_pcrb = 7.7074e-03 ± 4.97e-05
  ratio = 1.0516  z = +4.27

=== phi_max=0.400 ===
  V_train=-5.7235e-03 memo=8643976 147.2s
  MSE_adaptive = 1.5370e-02 ± 1.45e-04
  PCRB sched = [(10, 2), (10, 2), (10, 2), (10, 2)]
  MSE_pcrb = 1.3657e-02 ± 8.77e-05
  ratio = 0.8885  z = -10.12

=== phi_max=0.490 ===
  V_train=-9.3440e-03 memo=8643976 149.4s
  MSE_adaptive = 2.5329e-02 ± 2.20e-04
  PCRB sched = [(10, 2), (10, 2), (10, 2), (10, 2)]
  MSE_pcrb = 2.0428e-02 ± 1.30e-04
  ratio = 0.8065  z = -19.18
