bayesopt_pcrb_widephi.jl  (phi_max = 0.5)
Threads: 4
Config: PHI_MAX=0.40  K_EPOCHS=4  K_PHI=256  N_EVAL=100  N_INIT=10  SEED=42  fixed_schedule=[(10, 2), (10, 2), (10, 2), (10, 2)]

Launching PCRB 5-D BOpt at PHI_MAX=0.4 with 100 evals (10 random init)...
[pcrb_widephi   1] log_JP=+22.268703  c=(4.6875, 0.2281, 4.6937 MHz, 2.6375)  ω_d/(2π)=7.1875 GHz  0.2s
[pcrb_widephi   2] log_JP=+23.783370  c=(9.1875, 0.3531, 2.2437 MHz, 4.7375)  ω_d/(2π)=1.6875 GHz  0.0s
[pcrb_widephi   3] log_JP=+24.095071  c=(11.4375, 0.1656, 3.4688 MHz, 1.5875)  ω_d/(2π)=4.4375 GHz  0.0s
[pcrb_widephi   4] log_JP=+23.252015  c=(6.9375, 0.2906, 1.0188 MHz, 3.6875)  ω_d/(2π)=9.9375 GHz  0.0s
[pcrb_widephi   5] log_JP=+22.778942  c=(5.8125, 0.1969, 1.6313 MHz, 3.1625)  ω_d/(2π)=11.3125 GHz  0.0s
[pcrb_widephi   6] log_JP=+23.861383  c=(10.3125, 0.3219, 4.0812 MHz, 1.0625)  ω_d/(2π)=5.8125 GHz  0.0s
[pcrb_widephi   7] log_JP=+23.499908  c=(8.0625, 0.2594, 0.4062 MHz, 4.2125)  ω_d/(2π)=3.0625 GHz  0.0s
[pcrb_widephi   8] log_JP=+21.598865  c=(3.5625, 0.3844, 2.8563 MHz, 2.1125)  ω_d/(2π)=8.5625 GHz  0.0s
[pcrb_widephi   9] log_JP=+21.738531  c=(3.8438, 0.2672, 2.3969 MHz, 3.5562)  ω_d/(2π)=4.0938 GHz  0.0s
[pcrb_widephi  10] log_JP=+23.560275  c=(8.3438, 0.3922, 4.8469 MHz, 1.4563)  ω_d/(2π)=9.5938 GHz  0.0s
[pcrb_widephi  11] log_JP=+21.088260  c=(3.0000, 0.4000, 0.1000 MHz, 0.8000)  ω_d/(2π)=1.0000 GHz  0.0s
[pcrb_widephi  12] log_JP=+21.024958  c=(3.0000, 0.1500, 5.0000 MHz, 5.0000)  ω_d/(2π)=1.0000 GHz  0.0s
[pcrb_widephi  13] log_JP=+21.088305  c=(3.0000, 0.4000, 0.1000 MHz, 5.0000)  ω_d/(2π)=12.0000 GHz  0.0s
[pcrb_widephi  14] log_JP=+21.019227  c=(3.0000, 0.1500, 5.0000 MHz, 0.8000)  ω_d/(2π)=1.0000 GHz  0.0s
[pcrb_widephi  15] log_JP=+21.087943  c=(3.0000, 0.4000, 5.0000 MHz, 5.0000)  ω_d/(2π)=1.0000 GHz  0.0s
[pcrb_widephi  16] log_JP=+24.247535  c=(12.0000, 0.4000, 0.1000 MHz, 0.8000)  ω_d/(2π)=12.0000 GHz  0.0s
[pcrb_widephi  17] log_JP=+21.024958  c=(3.0000, 0.1500, 5.0000 MHz, 5.0000)  ω_d/(2π)=12.0000 GHz  0.0s
[pcrb_widephi  18] log_JP=+21.025867  c=(3.0000, 0.1500, 0.1000 MHz, 5.0000)  ω_d/(2π)=1.0000 GHz  0.0s
[pcrb_widephi  19] log_JP=+21.025752  c=(3.0000, 0.1500, 0.1000 MHz, 0.8000)  ω_d/(2π)=12.0000 GHz  0.0s
[pcrb_widephi  20] log_JP=+24.159023  c=(12.0000, 0.1500, 0.1000 MHz, 5.0000)  ω_d/(2π)=12.0000 GHz  0.0s
[pcrb_widephi  21] log_JP=+21.085695  c=(3.0000, 0.4000, 5.0000 MHz, 0.8000)  ω_d/(2π)=12.0000 GHz  0.0s
[pcrb_widephi  22] log_JP=+21.085695  c=(3.0000, 0.4000, 5.0000 MHz, 0.8000)  ω_d/(2π)=1.0000 GHz  0.0s
[pcrb_widephi  23] log_JP=+21.087943  c=(3.0000, 0.4000, 5.0000 MHz, 5.0000)  ω_d/(2π)=12.0000 GHz  0.0s
[pcrb_widephi  24] log_JP=+21.019227  c=(3.0000, 0.1500, 5.0000 MHz, 0.8000)  ω_d/(2π)=12.0000 GHz  0.0s
[pcrb_widephi  25] log_JP=+20.996251  c=(3.0000, 0.2798, 0.1000 MHz, 2.9324)  ω_d/(2π)=12.0000 GHz  0.0s
[pcrb_widephi  26] log_JP=+24.119452  c=(12.0000, 0.4000, 5.0000 MHz, 0.8000)  ω_d/(2π)=1.0000 GHz  0.0s
[pcrb_widephi  27] log_JP=+23.862580  c=(12.0000, 0.1500, 5.0000 MHz, 0.8000)  ω_d/(2π)=12.0000 GHz  0.0s
[pcrb_widephi  28] log_JP=+21.025867  c=(3.0000, 0.1500, 0.1000 MHz, 5.0000)  ω_d/(2π)=12.0000 GHz  0.0s
[pcrb_widephi  29] log_JP=+21.025752  c=(3.0000, 0.1500, 0.1000 MHz, 0.8000)  ω_d/(2π)=1.0000 GHz  0.0s
[pcrb_widephi  30] log_JP=+24.242355  c=(12.0000, 0.4000, 5.0000 MHz, 5.0000)  ω_d/(2π)=12.0000 GHz  0.0s
[pcrb_widephi  31] log_JP=+21.088305  c=(3.0000, 0.4000, 0.1000 MHz, 5.0000)  ω_d/(2π)=1.0000 GHz  0.0s
[pcrb_widephi  32] log_JP=+21.080677  c=(3.0000, 0.2877, 2.6743 MHz, 0.8000)  ω_d/(2π)=8.2881 GHz  0.0s
[pcrb_widephi  33] log_JP=+21.088260  c=(3.0000, 0.4000, 0.1000 MHz, 0.8000)  ω_d/(2π)=12.0000 GHz  0.0s
[pcrb_widephi  34] log_JP=+21.081352  c=(3.0000, 0.2810, 2.7555 MHz, 3.1389)  ω_d/(2π)=12.0000 GHz  0.0s
[pcrb_widephi  35] log_JP=+21.076879  c=(3.0000, 0.2738, 5.0000 MHz, 0.8000)  ω_d/(2π)=12.0000 GHz  0.0s
[pcrb_widephi  36] log_JP=+24.151748  c=(12.0000, 0.1500, 0.1000 MHz, 0.8000)  ω_d/(2π)=1.0000 GHz  0.0s
[pcrb_widephi  37] log_JP=+21.121484  c=(3.0000, 0.3136, 5.0000 MHz, 0.8000)  ω_d/(2π)=5.9786 GHz  0.0s
[pcrb_widephi  38] log_JP=+20.986005  c=(3.0000, 0.2803, 3.0916 MHz, 0.8000)  ω_d/(2π)=1.0000 GHz  0.0s
[pcrb_widephi  39] log_JP=+21.069021  c=(3.0000, 0.2730, 0.1000 MHz, 0.8000)  ω_d/(2π)=1.0000 GHz  0.0s
[pcrb_widephi  40] log_JP=+24.139142  c=(12.0000, 0.1500, 5.0000 MHz, 5.0000)  ω_d/(2π)=1.0000 GHz  0.0s
[pcrb_widephi  41] log_JP=+24.250553  c=(12.0000, 0.4000, 0.1000 MHz, 5.0000)  ω_d/(2π)=1.0000 GHz  0.0s
[pcrb_widephi  42] log_JP=+21.025858  c=(3.0000, 0.1500, 0.1000 MHz, 2.9020)  ω_d/(2π)=12.0000 GHz  0.0s
[pcrb_widephi  43] log_JP=+21.086979  c=(3.0000, 0.4000, 2.5448 MHz, 0.8000)  ω_d/(2π)=12.0000 GHz  0.0s
[pcrb_widephi  44] log_JP=+21.079514  c=(3.0000, 0.2738, 0.1000 MHz, 5.0000)  ω_d/(2π)=1.0000 GHz  0.0s
[pcrb_widephi  45] log_JP=+21.088122  c=(3.0000, 0.4000, 2.5740 MHz, 5.0000)  ω_d/(2π)=1.0000 GHz  0.0s
[pcrb_widephi  46] log_JP=+21.076834  c=(3.0000, 0.3129, 2.0040 MHz, 2.5964)  ω_d/(2π)=1.0000 GHz  0.0s
[pcrb_widephi  47] log_JP=+21.075931  c=(3.0000, 0.2739, 5.0000 MHz, 5.0000)  ω_d/(2π)=1.0000 GHz  0.0s
[pcrb_widephi  48] log_JP=+21.068270  c=(3.0000, 0.2688, 5.0000 MHz, 1.9092)  ω_d/(2π)=1.0000 GHz  0.0s
[pcrb_widephi  49] log_JP=+21.088124  c=(3.0000, 0.4000, 2.5514 MHz, 5.0000)  ω_d/(2π)=12.0000 GHz  0.0s
[pcrb_widephi  50] log_JP=+21.088302  c=(3.0000, 0.4000, 0.1000 MHz, 2.9094)  ω_d/(2π)=12.0000 GHz  0.0s
[pcrb_widephi  51] log_JP=+22.060272  c=(4.2614, 0.2516, 5.0000 MHz, 0.8000)  ω_d/(2π)=1.0000 GHz  0.0s
[pcrb_widephi  52] log_JP=+21.024498  c=(3.0000, 0.1500, 5.0000 MHz, 2.9437)  ω_d/(2π)=1.0000 GHz  0.0s
[pcrb_widephi  53] log_JP=+21.028333  c=(3.0000, 0.2121, 0.1000 MHz, 0.8000)  ω_d/(2π)=5.5684 GHz  0.0s
[pcrb_widephi  54] log_JP=+21.094738  c=(3.0000, 0.2702, 5.0000 MHz, 5.0000)  ω_d/(2π)=12.0000 GHz  0.0s
[pcrb_widephi  55] log_JP=+21.024461  c=(3.0000, 0.1500, 5.0000 MHz, 2.8584)  ω_d/(2π)=12.0000 GHz  0.0s
[pcrb_widephi  56] log_JP=+21.025857  c=(3.0000, 0.1500, 0.1000 MHz, 2.8164)  ω_d/(2π)=1.0000 GHz  0.0s
[pcrb_widephi  57] log_JP=+21.021280  c=(3.0000, 0.1500, 5.0000 MHz, 0.8000)  ω_d/(2π)=6.4303 GHz  0.0s
[pcrb_widephi  58] log_JP=+20.964989  c=(3.0000, 0.1500, 0.1000 MHz, 3.0599)  ω_d/(2π)=6.8230 GHz  0.0s
[pcrb_widephi  59] log_JP=+21.035890  c=(3.0000, 0.1500, 2.2359 MHz, 1.5219)  ω_d/(2π)=5.0172 GHz  0.0s
[pcrb_widephi  60] log_JP=+21.087754  c=(3.0000, 0.4000, 5.0000 MHz, 2.8941)  ω_d/(2π)=12.0000 GHz  0.0s
[pcrb_widephi  61] log_JP=+21.104696  c=(3.0000, 0.4000, 2.0419 MHz, 0.8000)  ω_d/(2π)=4.0638 GHz  0.0s
[pcrb_widephi  62] log_JP=+20.987017  c=(3.0000, 0.2074, 2.5322 MHz, 5.0000)  ω_d/(2π)=1.0000 GHz  0.0s
[pcrb_widephi  63] log_JP=+21.025432  c=(3.0000, 0.1500, 2.4457 MHz, 5.0000)  ω_d/(2π)=12.0000 GHz  0.0s
[pcrb_widephi  64] log_JP=+21.098975  c=(3.0000, 0.3330, 0.1000 MHz, 2.2578)  ω_d/(2π)=6.3706 GHz  0.0s
[pcrb_widephi  65] log_JP=+21.053294  c=(3.0000, 0.2594, 0.1000 MHz, 5.0000)  ω_d/(2π)=8.7416 GHz  0.0s
[pcrb_widephi  66] log_JP=+20.961912  c=(3.0000, 0.1500, 2.8909 MHz, 5.0000)  ω_d/(2π)=7.0216 GHz  0.0s
[pcrb_widephi  67] log_JP=+20.994814  c=(3.0000, 0.2790, 5.0000 MHz, 5.0000)  ω_d/(2π)=7.2115 GHz  0.0s
[pcrb_widephi  68] log_JP=+21.918013  c=(4.1166, 0.1500, 0.1000 MHz, 0.8000)  ω_d/(2π)=8.3298 GHz  0.0s
[pcrb_widephi  69] log_JP=+21.108374  c=(3.0000, 0.4000, 1.2086 MHz, 5.0000)  ω_d/(2π)=6.8747 GHz  0.0s
[pcrb_widephi  70] log_JP=+21.088302  c=(3.0000, 0.4000, 0.1000 MHz, 2.9188)  ω_d/(2π)=1.0000 GHz  0.0s
[pcrb_widephi  71] log_JP=+21.022355  c=(3.0000, 0.1500, 2.6454 MHz, 0.8000)  ω_d/(2π)=12.0000 GHz  0.0s
[pcrb_widephi  72] log_JP=+21.150725  c=(3.0000, 0.4000, 5.0000 MHz, 3.0685)  ω_d/(2π)=4.7820 GHz  0.0s
[pcrb_widephi  73] log_JP=+21.693688  c=(3.6774, 0.2658, 0.1000 MHz, 0.8000)  ω_d/(2π)=12.0000 GHz  0.0s
[pcrb_widephi  74] log_JP=+21.878086  c=(3.8236, 0.4000, 5.0000 MHz, 5.0000)  ω_d/(2π)=6.4162 GHz  0.0s
[pcrb_widephi  75] log_JP=+21.993784  c=(4.2286, 0.1500, 1.6867 MHz, 5.0000)  ω_d/(2π)=1.0000 GHz  0.0s
[pcrb_widephi  76] log_JP=+24.119452  c=(12.0000, 0.4000, 5.0000 MHz, 0.8000)  ω_d/(2π)=12.0000 GHz  0.0s
[pcrb_widephi  77] log_JP=+21.851269  c=(3.9317, 0.4000, 1.9815 MHz, 0.8000)  ω_d/(2π)=1.0000 GHz  0.0s
[pcrb_widephi  78] log_JP=+21.406650  c=(3.4092, 0.1500, 2.5294 MHz, 0.8000)  ω_d/(2π)=1.0000 GHz  0.0s
[pcrb_widephi  79] log_JP=+20.957434  c=(3.0000, 0.1500, 5.0000 MHz, 4.0322)  ω_d/(2π)=6.4809 GHz  0.0s
[pcrb_widephi  80] log_JP=+21.087890  c=(3.0000, 0.4000, 3.9272 MHz, 3.0269)  ω_d/(2π)=1.0000 GHz  0.0s
[pcrb_widephi  81] log_JP=+21.607782  c=(3.5777, 0.4000, 0.1000 MHz, 0.8000)  ω_d/(2π)=6.7515 GHz  0.0s
[pcrb_widephi  82] log_JP=+22.067322  c=(4.3883, 0.1500, 5.0000 MHz, 0.8000)  ω_d/(2π)=12.0000 GHz  0.0s
[pcrb_widephi  83] log_JP=+21.986249  c=(4.2254, 0.1500, 0.1000 MHz, 5.0000)  ω_d/(2π)=7.5692 GHz  0.0s
[pcrb_widephi  84] log_JP=+22.026793  c=(4.2092, 0.2561, 0.1000 MHz, 5.0000)  ω_d/(2π)=12.0000 GHz  0.0s
[pcrb_widephi  85] log_JP=+21.905593  c=(4.0567, 0.1500, 5.0000 MHz, 5.0000)  ω_d/(2π)=12.0000 GHz  0.0s
[pcrb_widephi  86] log_JP=+22.080539  c=(4.2642, 0.4000, 0.1000 MHz, 5.0000)  ω_d/(2π)=1.0000 GHz  0.0s
[pcrb_widephi  87] log_JP=+22.239084  c=(4.4636, 0.4000, 1.6474 MHz, 0.8000)  ω_d/(2π)=12.0000 GHz  0.0s
[pcrb_widephi  88] log_JP=+22.137460  c=(4.2043, 0.4000, 5.0000 MHz, 3.0054)  ω_d/(2π)=1.0000 GHz  0.0s
[pcrb_widephi  89] log_JP=+21.962140  c=(4.1670, 0.2074, 0.1000 MHz, 1.8068)  ω_d/(2π)=1.0000 GHz  0.0s
[pcrb_widephi  90] log_JP=+22.126653  c=(4.3409, 0.4000, 5.0000 MHz, 5.0000)  ω_d/(2π)=12.0000 GHz  0.0s
[pcrb_widephi  91] log_JP=+22.048748  c=(4.1765, 0.4000, 4.3157 MHz, 0.8000)  ω_d/(2π)=5.3257 GHz  0.0s
[pcrb_widephi  92] log_JP=+21.879605  c=(3.9444, 0.1860, 5.0000 MHz, 5.0000)  ω_d/(2π)=3.9941 GHz  0.0s
[pcrb_widephi  93] log_JP=+22.031725  c=(4.1810, 0.4000, 0.1000 MHz, 4.0637)  ω_d/(2π)=8.4220 GHz  0.0s
[pcrb_widephi  94] log_JP=+22.190491  c=(4.3756, 0.3276, 4.1855 MHz, 1.7604)  ω_d/(2π)=12.0000 GHz  0.0s
[pcrb_widephi  95] log_JP=+22.307598  c=(4.5491, 0.4000, 0.9619 MHz, 5.0000)  ω_d/(2π)=12.0000 GHz  0.0s
[pcrb_widephi  96] log_JP=+22.292079  c=(4.7600, 0.1500, 0.1000 MHz, 0.8000)  ω_d/(2π)=12.0000 GHz  0.0s
[pcrb_widephi  97] log_JP=+22.235617  c=(4.5503, 0.2573, 2.9237 MHz, 5.0000)  ω_d/(2π)=8.8119 GHz  0.0s
[pcrb_widephi  98] log_JP=+22.187728  c=(4.3932, 0.4000, 0.1000 MHz, 1.8857)  ω_d/(2π)=3.0414 GHz  0.0s
[pcrb_widephi  99] log_JP=+22.185480  c=(4.4757, 0.1500, 5.0000 MHz, 1.5307)  ω_d/(2π)=1.0000 GHz  0.0s
[pcrb_widephi 100] log_JP=+21.949334  c=(4.1074, 0.1500, 3.7116 MHz, 3.8490)  ω_d/(2π)=1.0000 GHz  0.0s

bopt total: 0.15 min

Best log_JP = 24.250553 at eval 41
  c_best:  f_q=12.0000 GHz  E_C=0.4000 GHz  κ=0.1000 MHz  Δ=5.0000 GHz
  ω_d/(2π) = 1.0000 GHz   ω_d = 6.2832e+09 rad/s

Verifying schedule assumption: enumerate at the BOpt winner...
  argmax schedule: [(10, 2), (10, 2), (10, 2), (10, 2)]   log_JP=24.250553   (75.5s)
  fixed assumed:   [(10, 2), (10, 2), (10, 2), (10, 2)]   log_JP=24.250553
  ✓ assumption confirmed at this c+ω_d
  ω_d_fn(c_best)/(2π) = 4.0530 GHz  (Δ from BOpt's ω_d = -3.0530 GHz, -75.3%)
┌ Warning: use values(kwargs) instead of kwargs.data
│   caller = #MAPGPOptimizer#13 at gp.jl:37 [inlined]
└ @ Core ~/.julia/packages/BayesianOptimization/nq1HY/src/models/gp.jl:37
┌ Warning: NLopt returned FORCED_STOP while optimizing the GP.
└ @ BayesianOptimization ~/.julia/packages/BayesianOptimization/nq1HY/src/models/gp.jl:72
[ Info: 2026-04-26T20:15:48.440	iteration: 10	current optimum: 24.095071323242834
[ Info: 2026-04-26T20:15:51.700	iteration: 11	current optimum: 24.095071323242834
[ Info: 2026-04-26T20:15:51.701	iteration: 12	current optimum: 24.095071323242834
[ Info: 2026-04-26T20:15:51.702	iteration: 13	current optimum: 24.095071323242834
[ Info: 2026-04-26T20:15:51.703	iteration: 14	current optimum: 24.095071323242834
[ Info: 2026-04-26T20:15:51.703	iteration: 15	current optimum: 24.095071323242834
[ Info: 2026-04-26T20:15:51.704	iteration: 16	current optimum: 24.247534627438405
[ Info: 2026-04-26T20:15:51.705	iteration: 17	current optimum: 24.247534627438405
[ Info: 2026-04-26T20:15:51.706	iteration: 18	current optimum: 24.247534627438405
[ Info: 2026-04-26T20:15:51.707	iteration: 19	current optimum: 24.247534627438405
┌ Warning: NLopt returned FORCED_STOP while optimizing the GP.
└ @ BayesianOptimization ~/.julia/packages/BayesianOptimization/nq1HY/src/models/gp.jl:72
[ Info: 2026-04-26T20:15:51.708	iteration: 20	current optimum: 24.247534627438405
[ Info: 2026-04-26T20:15:51.708	iteration: 21	current optimum: 24.247534627438405
[ Info: 2026-04-26T20:15:51.709	iteration: 22	current optimum: 24.247534627438405
[ Info: 2026-04-26T20:15:51.710	iteration: 23	current optimum: 24.247534627438405
[ Info: 2026-04-26T20:15:51.711	iteration: 24	current optimum: 24.247534627438405
[ Info: 2026-04-26T20:15:51.712	iteration: 25	current optimum: 24.247534627438405
[ Info: 2026-04-26T20:15:51.713	iteration: 26	current optimum: 24.247534627438405
[ Info: 2026-04-26T20:15:51.714	iteration: 27	current optimum: 24.247534627438405
[ Info: 2026-04-26T20:15:51.715	iteration: 28	current optimum: 24.247534627438405
[ Info: 2026-04-26T20:15:51.716	iteration: 29	current optimum: 24.247534627438405
┌ Warning: NLopt returned FORCED_STOP while optimizing the GP.
└ @ BayesianOptimization ~/.julia/packages/BayesianOptimization/nq1HY/src/models/gp.jl:72
[ Info: 2026-04-26T20:15:51.717	iteration: 30	current optimum: 24.247534627438405
[ Info: 2026-04-26T20:15:51.718	iteration: 31	current optimum: 24.247534627438405
[ Info: 2026-04-26T20:15:51.719	iteration: 32	current optimum: 24.247534627438405
[ Info: 2026-04-26T20:15:51.720	iteration: 33	current optimum: 24.247534627438405
[ Info: 2026-04-26T20:15:51.722	iteration: 34	current optimum: 24.247534627438405
[ Info: 2026-04-26T20:15:51.723	iteration: 35	current optimum: 24.247534627438405
[ Info: 2026-04-26T20:15:51.724	iteration: 36	current optimum: 24.247534627438405
[ Info: 2026-04-26T20:15:51.725	iteration: 37	current optimum: 24.247534627438405
[ Info: 2026-04-26T20:15:51.727	iteration: 38	current optimum: 24.247534627438405
[ Info: 2026-04-26T20:15:51.728	iteration: 39	current optimum: 24.247534627438405
┌ Warning: NLopt returned FORCED_STOP while optimizing the GP.
└ @ BayesianOptimization ~/.julia/packages/BayesianOptimization/nq1HY/src/models/gp.jl:72
[ Info: 2026-04-26T20:15:51.729	iteration: 40	current optimum: 24.247534627438405
[ Info: 2026-04-26T20:15:51.731	iteration: 41	current optimum: 24.25055260651165
[ Info: 2026-04-26T20:15:51.732	iteration: 42	current optimum: 24.25055260651165
[ Info: 2026-04-26T20:15:51.734	iteration: 43	current optimum: 24.25055260651165
[ Info: 2026-04-26T20:15:51.735	iteration: 44	current optimum: 24.25055260651165
[ Info: 2026-04-26T20:15:51.736	iteration: 45	current optimum: 24.25055260651165
[ Info: 2026-04-26T20:15:51.738	iteration: 46	current optimum: 24.25055260651165
[ Info: 2026-04-26T20:15:51.739	iteration: 47	current optimum: 24.25055260651165
[ Info: 2026-04-26T20:15:51.741	iteration: 48	current optimum: 24.25055260651165
[ Info: 2026-04-26T20:15:51.743	iteration: 49	current optimum: 24.25055260651165
┌ Warning: NLopt returned FORCED_STOP while optimizing the GP.
└ @ BayesianOptimization ~/.julia/packages/BayesianOptimization/nq1HY/src/models/gp.jl:72
[ Info: 2026-04-26T20:15:51.744	iteration: 50	current optimum: 24.25055260651165
[ Info: 2026-04-26T20:15:51.746	iteration: 51	current optimum: 24.25055260651165
[ Info: 2026-04-26T20:15:51.748	iteration: 52	current optimum: 24.25055260651165
[ Info: 2026-04-26T20:15:51.848	iteration: 53	current optimum: 24.25055260651165
[ Info: 2026-04-26T20:15:51.850	iteration: 54	current optimum: 24.25055260651165
[ Info: 2026-04-26T20:15:51.852	iteration: 55	current optimum: 24.25055260651165
[ Info: 2026-04-26T20:15:51.853	iteration: 56	current optimum: 24.25055260651165
[ Info: 2026-04-26T20:15:51.855	iteration: 57	current optimum: 24.25055260651165
[ Info: 2026-04-26T20:15:51.857	iteration: 58	current optimum: 24.25055260651165
[ Info: 2026-04-26T20:15:51.858	iteration: 59	current optimum: 24.25055260651165
┌ Warning: NLopt returned FORCED_STOP while optimizing the GP.
└ @ BayesianOptimization ~/.julia/packages/BayesianOptimization/nq1HY/src/models/gp.jl:72
[ Info: 2026-04-26T20:15:51.860	iteration: 60	current optimum: 24.25055260651165
[ Info: 2026-04-26T20:15:51.862	iteration: 61	current optimum: 24.25055260651165
[ Info: 2026-04-26T20:15:51.863	iteration: 62	current optimum: 24.25055260651165
[ Info: 2026-04-26T20:15:51.865	iteration: 63	current optimum: 24.25055260651165
[ Info: 2026-04-26T20:15:51.867	iteration: 64	current optimum: 24.25055260651165
[ Info: 2026-04-26T20:15:51.868	iteration: 65	current optimum: 24.25055260651165
[ Info: 2026-04-26T20:15:51.870	iteration: 66	current optimum: 24.25055260651165
[ Info: 2026-04-26T20:15:51.872	iteration: 67	current optimum: 24.25055260651165
[ Info: 2026-04-26T20:15:51.875	iteration: 68	current optimum: 24.25055260651165
[ Info: 2026-04-26T20:15:51.877	iteration: 69	current optimum: 24.25055260651165
┌ Warning: NLopt returned FORCED_STOP while optimizing the GP.
└ @ BayesianOptimization ~/.julia/packages/BayesianOptimization/nq1HY/src/models/gp.jl:72
[ Info: 2026-04-26T20:15:51.880	iteration: 70	current optimum: 24.25055260651165
[ Info: 2026-04-26T20:15:51.883	iteration: 71	current optimum: 24.25055260651165
[ Info: 2026-04-26T20:15:51.896	iteration: 72	current optimum: 24.25055260651165
[ Info: 2026-04-26T20:15:51.898	iteration: 73	current optimum: 24.25055260651165
[ Info: 2026-04-26T20:15:51.900	iteration: 74	current optimum: 24.25055260651165
[ Info: 2026-04-26T20:15:51.902	iteration: 75	current optimum: 24.25055260651165
[ Info: 2026-04-26T20:15:51.904	iteration: 76	current optimum: 24.25055260651165
[ Info: 2026-04-26T20:15:51.907	iteration: 77	current optimum: 24.25055260651165
[ Info: 2026-04-26T20:15:51.909	iteration: 78	current optimum: 24.25055260651165
[ Info: 2026-04-26T20:15:51.911	iteration: 79	current optimum: 24.25055260651165
┌ Warning: NLopt returned FORCED_STOP while optimizing the GP.
└ @ BayesianOptimization ~/.julia/packages/BayesianOptimization/nq1HY/src/models/gp.jl:72
[ Info: 2026-04-26T20:15:51.913	iteration: 80	current optimum: 24.25055260651165
[ Info: 2026-04-26T20:15:51.915	iteration: 81	current optimum: 24.25055260651165
[ Info: 2026-04-26T20:15:51.917	iteration: 82	current optimum: 24.25055260651165
[ Info: 2026-04-26T20:15:51.928	iteration: 83	current optimum: 24.25055260651165
[ Info: 2026-04-26T20:15:51.930	iteration: 84	current optimum: 24.25055260651165
[ Info: 2026-04-26T20:15:51.933	iteration: 85	current optimum: 24.25055260651165
[ Info: 2026-04-26T20:15:51.936	iteration: 86	current optimum: 24.25055260651165
[ Info: 2026-04-26T20:15:51.938	iteration: 87	current optimum: 24.25055260651165
[ Info: 2026-04-26T20:15:51.941	iteration: 88	current optimum: 24.25055260651165
[ Info: 2026-04-26T20:15:51.949	iteration: 89	current optimum: 24.25055260651165
┌ Warning: NLopt returned FORCED_STOP while optimizing the GP.
└ @ BayesianOptimization ~/.julia/packages/BayesianOptimization/nq1HY/src/models/gp.jl:72
[ Info: 2026-04-26T20:15:51.952	iteration: 90	current optimum: 24.25055260651165
[ Info: 2026-04-26T20:15:51.955	iteration: 91	current optimum: 24.25055260651165
[ Info: 2026-04-26T20:15:51.957	iteration: 92	current optimum: 24.25055260651165
[ Info: 2026-04-26T20:15:51.962	iteration: 93	current optimum: 24.25055260651165
[ Info: 2026-04-26T20:15:51.964	iteration: 94	current optimum: 24.25055260651165
[ Info: 2026-04-26T20:15:51.967	iteration: 95	current optimum: 24.25055260651165
[ Info: 2026-04-26T20:15:51.970	iteration: 96	current optimum: 24.25055260651165
[ Info: 2026-04-26T20:15:51.974	iteration: 97	current optimum: 24.25055260651165
[ Info: 2026-04-26T20:15:51.977	iteration: 98	current optimum: 24.25055260651165
[ Info: 2026-04-26T20:15:51.980	iteration: 99	current optimum: 24.25055260651165
┌ Warning: NLopt returned FORCED_STOP while optimizing the GP.
└ @ BayesianOptimization ~/.julia/packages/BayesianOptimization/nq1HY/src/models/gp.jl:72
┌ Info: ──────────────────────────────────────────────────────────────────────────────────────────────
│                                                      Time                    Allocations      
│                                             ───────────────────────   ────────────────────────
│              Tot / % measured:                   7.17s /  98.8%           1.56GiB /  99.6%    
│ 
│ Section                             ncalls     time    %tot     avg     alloc    %tot      avg
│ ──────────────────────────────────────────────────────────────────────────────────────────────
│ acquisition                             91    5.06s   71.4%  55.6ms   1.40GiB   90.2%  15.8MiB
│ model update                            91    1.33s   18.7%  14.6ms   84.4MiB    5.3%   950KiB
│ function evaluation                    100    357ms    5.0%  3.57ms   19.6MiB    1.2%   200KiB
│ model hyperparameter optimization       91    341ms    4.8%  3.75ms   53.0MiB    3.3%   597KiB
└ ──────────────────────────────────────────────────────────────────────────────────────────────
Saved /home/zlin/BFIMGaussian/doc/scqubit_widephi/results/bayesopt_pcrb_phi40_K4/result.jls
