bayesopt_pcrb_widephi.jl  (phi_max = 0.5)
Threads: 4
Config: PHI_MAX=0.17  K_EPOCHS=4  K_PHI=256  N_EVAL=100  N_INIT=10  SEED=42  fixed_schedule=[(10, 2), (10, 2), (10, 2), (10, 2)]

Launching PCRB 5-D BOpt at PHI_MAX=0.17 with 100 evals (10 random init)...
[pcrb_widephi   1] log_JP=+20.460264  c=(4.6875, 0.2281, 4.6937 MHz, 2.6375)  ω_d/(2π)=7.1875 GHz  0.1s
[pcrb_widephi   2] log_JP=+21.793092  c=(9.1875, 0.3531, 2.2437 MHz, 4.7375)  ω_d/(2π)=1.6875 GHz  0.0s
[pcrb_widephi   3] log_JP=+21.873817  c=(11.4375, 0.1656, 3.4688 MHz, 1.5875)  ω_d/(2π)=4.4375 GHz  0.0s
[pcrb_widephi   4] log_JP=+21.238098  c=(6.9375, 0.2906, 1.0188 MHz, 3.6875)  ω_d/(2π)=9.9375 GHz  0.0s
[pcrb_widephi   5] log_JP=+20.922342  c=(5.8125, 0.1969, 1.6313 MHz, 3.1625)  ω_d/(2π)=11.3125 GHz  0.0s
[pcrb_widephi   6] log_JP=+21.788888  c=(10.3125, 0.3219, 4.0812 MHz, 1.0625)  ω_d/(2π)=5.8125 GHz  0.0s
[pcrb_widephi   7] log_JP=+21.530557  c=(8.0625, 0.2594, 0.4062 MHz, 4.2125)  ω_d/(2π)=3.0625 GHz  0.0s
[pcrb_widephi   8] log_JP=+19.934093  c=(3.5625, 0.3844, 2.8563 MHz, 2.1125)  ω_d/(2π)=8.5625 GHz  0.0s
[pcrb_widephi   9] log_JP=+20.043207  c=(3.8438, 0.2672, 2.3969 MHz, 3.5562)  ω_d/(2π)=4.0938 GHz  0.0s
[pcrb_widephi  10] log_JP=+21.543430  c=(8.3438, 0.3922, 4.8469 MHz, 1.4563)  ω_d/(2π)=9.5938 GHz  0.0s
[pcrb_widephi  11] log_JP=+19.450395  c=(3.0000, 0.4000, 0.1000 MHz, 0.8000)  ω_d/(2π)=1.0000 GHz  0.0s
[pcrb_widephi  12] log_JP=+19.450501  c=(3.0000, 0.4000, 0.1000 MHz, 5.0000)  ω_d/(2π)=12.0000 GHz  0.0s
[pcrb_widephi  13] log_JP=+19.341944  c=(3.0000, 0.1500, 5.0000 MHz, 5.0000)  ω_d/(2π)=1.0000 GHz  0.0s
[pcrb_widephi  14] log_JP=+19.329354  c=(3.0000, 0.1500, 5.0000 MHz, 0.8000)  ω_d/(2π)=1.0000 GHz  0.0s
[pcrb_widephi  15] log_JP=+19.449805  c=(3.0000, 0.4000, 5.0000 MHz, 5.0000)  ω_d/(2π)=1.0000 GHz  0.0s
[pcrb_widephi  16] log_JP=+22.192968  c=(12.0000, 0.4000, 0.1000 MHz, 0.8000)  ω_d/(2π)=12.0000 GHz  0.0s
[pcrb_widephi  17] log_JP=+19.341944  c=(3.0000, 0.1500, 5.0000 MHz, 5.0000)  ω_d/(2π)=12.0000 GHz  0.0s
[pcrb_widephi  18] log_JP=+22.066822  c=(12.0000, 0.1500, 0.1000 MHz, 5.0000)  ω_d/(2π)=12.0000 GHz  0.0s
[pcrb_widephi  19] log_JP=+19.343353  c=(3.0000, 0.1500, 0.1000 MHz, 0.8000)  ω_d/(2π)=12.0000 GHz  0.0s
[pcrb_widephi  20] log_JP=+19.377941  c=(3.0000, 0.3047, 5.0000 MHz, 0.8000)  ω_d/(2π)=12.0000 GHz  0.0s
[pcrb_widephi  21] log_JP=+19.343607  c=(3.0000, 0.1500, 0.1000 MHz, 5.0000)  ω_d/(2π)=1.0000 GHz  0.0s
[pcrb_widephi  22] log_JP=+19.444531  c=(3.0000, 0.4000, 5.0000 MHz, 0.8000)  ω_d/(2π)=1.0000 GHz  0.0s
[pcrb_widephi  23] log_JP=+19.449805  c=(3.0000, 0.4000, 5.0000 MHz, 5.0000)  ω_d/(2π)=12.0000 GHz  0.0s
[pcrb_widephi  24] log_JP=+21.578380  c=(12.0000, 0.1500, 5.0000 MHz, 0.8000)  ω_d/(2π)=1.0000 GHz  0.0s
[pcrb_widephi  25] log_JP=+19.343353  c=(3.0000, 0.1500, 0.1000 MHz, 0.8000)  ω_d/(2π)=1.0000 GHz  0.0s
[pcrb_widephi  26] log_JP=+21.578380  c=(12.0000, 0.1500, 5.0000 MHz, 0.8000)  ω_d/(2π)=12.0000 GHz  0.0s
[pcrb_widephi  27] log_JP=+22.055457  c=(12.0000, 0.1500, 0.1000 MHz, 0.8000)  ω_d/(2π)=1.0000 GHz  0.0s
[pcrb_widephi  28] log_JP=+22.040130  c=(12.0000, 0.1500, 5.0000 MHz, 5.0000)  ω_d/(2π)=1.0000 GHz  0.0s
[pcrb_widephi  29] log_JP=+19.450501  c=(3.0000, 0.4000, 0.1000 MHz, 5.0000)  ω_d/(2π)=1.0000 GHz  0.0s
[pcrb_widephi  30] log_JP=+19.343607  c=(3.0000, 0.1500, 0.1000 MHz, 5.0000)  ω_d/(2π)=12.0000 GHz  0.0s
[pcrb_widephi  31] log_JP=+19.450395  c=(3.0000, 0.4000, 0.1000 MHz, 0.8000)  ω_d/(2π)=12.0000 GHz  0.0s
[pcrb_widephi  32] log_JP=+19.329354  c=(3.0000, 0.1500, 5.0000 MHz, 0.8000)  ω_d/(2π)=12.0000 GHz  0.0s
[pcrb_widephi  33] log_JP=+19.444531  c=(3.0000, 0.4000, 5.0000 MHz, 0.8000)  ω_d/(2π)=12.0000 GHz  0.0s
[pcrb_widephi  34] log_JP=+22.186580  c=(12.0000, 0.4000, 5.0000 MHz, 5.0000)  ω_d/(2π)=12.0000 GHz  0.0s
[pcrb_widephi  35] log_JP=+19.394079  c=(3.0000, 0.1500, 2.6558 MHz, 0.8000)  ω_d/(2π)=6.2637 GHz  0.0s
[pcrb_widephi  36] log_JP=+19.399197  c=(3.0000, 0.2708, 2.3308 MHz, 2.6091)  ω_d/(2π)=12.0000 GHz  0.0s
[pcrb_widephi  37] log_JP=+22.197687  c=(12.0000, 0.4000, 0.1000 MHz, 5.0000)  ω_d/(2π)=1.0000 GHz  0.0s
[pcrb_widephi  38] log_JP=+19.454213  c=(3.0000, 0.2714, 2.3152 MHz, 0.8000)  ω_d/(2π)=8.4086 GHz  0.0s
[pcrb_widephi  39] log_JP=+19.336138  c=(3.0000, 0.1500, 2.6140 MHz, 0.8000)  ω_d/(2π)=1.0000 GHz  0.0s
[pcrb_widephi  40] log_JP=+19.447442  c=(3.0000, 0.4000, 2.5627 MHz, 0.8000)  ω_d/(2π)=12.0000 GHz  0.0s
[pcrb_widephi  41] log_JP=+19.467290  c=(3.0000, 0.2868, 2.5167 MHz, 5.0000)  ω_d/(2π)=12.0000 GHz  0.0s
[pcrb_widephi  42] log_JP=+19.401272  c=(3.0000, 0.2706, 0.1000 MHz, 5.0000)  ω_d/(2π)=12.0000 GHz  0.0s
[pcrb_widephi  43] log_JP=+19.336135  c=(3.0000, 0.1500, 2.6151 MHz, 0.8000)  ω_d/(2π)=12.0000 GHz  0.0s
[pcrb_widephi  44] log_JP=+19.400620  c=(3.0000, 0.2705, 5.0000 MHz, 5.0000)  ω_d/(2π)=12.0000 GHz  0.0s
[pcrb_widephi  45] log_JP=+19.447424  c=(3.0000, 0.4000, 2.5780 MHz, 0.8000)  ω_d/(2π)=1.0000 GHz  0.0s
[pcrb_widephi  46] log_JP=+19.442315  c=(3.0000, 0.2639, 0.1000 MHz, 5.0000)  ω_d/(2π)=1.0000 GHz  0.0s
[pcrb_widephi  47] log_JP=+19.498069  c=(3.0000, 0.3213, 5.0000 MHz, 2.9321)  ω_d/(2π)=12.0000 GHz  0.0s
[pcrb_widephi  48] log_JP=+19.402373  c=(3.0000, 0.2595, 0.1000 MHz, 5.0000)  ω_d/(2π)=7.6584 GHz  0.0s
[pcrb_widephi  49] log_JP=+19.405844  c=(3.0000, 0.2634, 3.1095 MHz, 5.0000)  ω_d/(2π)=6.7744 GHz  0.0s
[pcrb_widephi  50] log_JP=+19.391836  c=(3.0000, 0.1500, 5.0000 MHz, 5.0000)  ω_d/(2π)=6.5149 GHz  0.0s
[pcrb_widephi  51] log_JP=+19.368877  c=(3.0000, 0.1500, 2.3358 MHz, 5.0000)  ω_d/(2π)=6.3983 GHz  0.0s
[pcrb_widephi  52] log_JP=+19.450157  c=(3.0000, 0.4000, 2.5205 MHz, 5.0000)  ω_d/(2π)=1.0000 GHz  0.0s
[pcrb_widephi  53] log_JP=+19.374949  c=(3.0000, 0.2730, 0.1000 MHz, 0.8000)  ω_d/(2π)=12.0000 GHz  0.0s
[pcrb_widephi  54] log_JP=+19.342997  c=(3.0000, 0.1500, 3.5841 MHz, 2.7517)  ω_d/(2π)=7.6078 GHz  0.0s
[pcrb_widephi  55] log_JP=+19.340648  c=(3.0000, 0.1500, 5.0000 MHz, 2.6298)  ω_d/(2π)=1.0000 GHz  0.0s
[pcrb_widephi  56] log_JP=+19.504680  c=(3.0000, 0.4000, 2.1687 MHz, 5.0000)  ω_d/(2π)=6.3763 GHz  0.0s
[pcrb_widephi  57] log_JP=+21.987610  c=(12.0000, 0.4000, 5.0000 MHz, 0.8000)  ω_d/(2π)=1.0000 GHz  0.0s
[pcrb_widephi  58] log_JP=+19.437759  c=(3.0000, 0.4000, 5.0000 MHz, 0.8000)  ω_d/(2π)=6.2016 GHz  0.0s
[pcrb_widephi  59] log_JP=+19.342619  c=(3.0000, 0.1500, 1.7458 MHz, 2.6902)  ω_d/(2π)=1.0000 GHz  0.0s
[pcrb_widephi  60] log_JP=+19.445350  c=(3.0000, 0.4000, 5.0000 MHz, 5.0000)  ω_d/(2π)=6.7328 GHz  0.0s
[pcrb_widephi  61] log_JP=+19.342755  c=(3.0000, 0.1500, 2.6090 MHz, 5.0000)  ω_d/(2π)=1.0000 GHz  0.0s
[pcrb_widephi  62] log_JP=+19.529208  c=(3.0000, 0.4000, 0.1000 MHz, 0.8000)  ω_d/(2π)=6.3150 GHz  0.0s
[pcrb_widephi  63] log_JP=+19.313502  c=(3.0000, 0.1500, 0.1000 MHz, 2.5722)  ω_d/(2π)=6.6694 GHz  0.0s
[pcrb_widephi  64] log_JP=+19.437539  c=(3.0000, 0.3091, 0.1000 MHz, 3.0921)  ω_d/(2π)=9.2433 GHz  0.0s
[pcrb_widephi  65] log_JP=+19.343588  c=(3.0000, 0.1500, 0.1000 MHz, 2.9960)  ω_d/(2π)=12.0000 GHz  0.0s
[pcrb_widephi  66] log_JP=+19.378191  c=(3.0000, 0.2213, 0.1000 MHz, 2.1017)  ω_d/(2π)=1.0000 GHz  0.0s
[pcrb_widephi  67] log_JP=+19.475093  c=(3.0000, 0.2888, 0.1000 MHz, 0.8000)  ω_d/(2π)=1.0000 GHz  0.0s
[pcrb_widephi  68] log_JP=+19.340849  c=(3.0000, 0.1500, 5.0000 MHz, 2.8147)  ω_d/(2π)=12.0000 GHz  0.0s
[pcrb_widephi  69] log_JP=+19.463629  c=(3.0000, 0.2760, 5.0000 MHz, 0.8000)  ω_d/(2π)=5.0115 GHz  0.0s
[pcrb_widephi  70] log_JP=+19.353040  c=(3.0000, 0.2797, 5.0000 MHz, 5.0000)  ω_d/(2π)=1.0000 GHz  0.0s
[pcrb_widephi  71] log_JP=+19.370423  c=(3.0000, 0.3060, 5.0000 MHz, 2.3632)  ω_d/(2π)=1.0000 GHz  0.0s
[pcrb_widephi  72] log_JP=+19.450490  c=(3.0000, 0.4000, 0.1000 MHz, 2.6505)  ω_d/(2π)=1.0000 GHz  0.0s
[pcrb_widephi  73] log_JP=+19.342786  c=(3.0000, 0.1500, 2.5177 MHz, 5.0000)  ω_d/(2π)=12.0000 GHz  0.0s
[pcrb_widephi  74] log_JP=+19.450272  c=(3.0000, 0.4000, 1.2075 MHz, 3.2902)  ω_d/(2π)=12.0000 GHz  0.0s
[pcrb_widephi  75] log_JP=+19.402958  c=(3.0000, 0.2695, 4.0822 MHz, 0.8000)  ω_d/(2π)=1.0000 GHz  0.0s
[pcrb_widephi  76] log_JP=+20.199211  c=(4.1534, 0.1500, 0.1000 MHz, 0.8000)  ω_d/(2π)=12.0000 GHz  0.0s
[pcrb_widephi  77] log_JP=+19.520980  c=(3.0000, 0.4000, 5.0000 MHz, 3.0771)  ω_d/(2π)=3.6902 GHz  0.0s
[pcrb_widephi  78] log_JP=+20.310552  c=(4.4245, 0.1500, 0.1000 MHz, 5.0000)  ω_d/(2π)=1.0000 GHz  0.0s
[pcrb_widephi  79] log_JP=+19.682428  c=(3.4068, 0.2103, 0.1000 MHz, 0.8000)  ω_d/(2π)=6.4457 GHz  0.0s
[pcrb_widephi  80] log_JP=+20.133109  c=(3.8523, 0.4000, 0.1000 MHz, 0.8000)  ω_d/(2π)=1.0000 GHz  0.0s
[pcrb_widephi  81] log_JP=+20.155431  c=(4.0502, 0.1500, 5.0000 MHz, 5.0000)  ω_d/(2π)=12.0000 GHz  0.0s
[pcrb_widephi  82] log_JP=+20.299612  c=(4.3324, 0.2378, 5.0000 MHz, 0.8000)  ω_d/(2π)=12.0000 GHz  0.0s
[pcrb_widephi  83] log_JP=+20.355543  c=(4.2792, 0.4000, 0.1000 MHz, 5.0000)  ω_d/(2π)=12.0000 GHz  0.0s
[pcrb_widephi  84] log_JP=+20.071412  c=(4.0334, 0.1500, 3.7935 MHz, 0.8000)  ω_d/(2π)=1.0000 GHz  0.0s
[pcrb_widephi  85] log_JP=+20.330633  c=(4.1897, 0.4000, 5.0000 MHz, 5.0000)  ω_d/(2π)=1.0000 GHz  0.0s
[pcrb_widephi  86] log_JP=+21.987610  c=(12.0000, 0.4000, 5.0000 MHz, 0.8000)  ω_d/(2π)=12.0000 GHz  0.0s
[pcrb_widephi  87] log_JP=+20.127038  c=(3.8571, 0.4000, 0.1000 MHz, 2.2236)  ω_d/(2π)=12.0000 GHz  0.0s
[pcrb_widephi  88] log_JP=+20.014769  c=(3.7557, 0.4000, 3.2890 MHz, 5.0000)  ω_d/(2π)=12.0000 GHz  0.0s
[pcrb_widephi  89] log_JP=+20.208485  c=(4.2244, 0.1500, 0.1000 MHz, 5.0000)  ω_d/(2π)=8.9647 GHz  0.0s
[pcrb_widephi  90] log_JP=+19.496679  c=(3.0000, 0.3584, 3.7594 MHz, 3.7645)  ω_d/(2π)=1.0000 GHz  0.0s
[pcrb_widephi  91] log_JP=+19.935980  c=(3.8442, 0.1500, 5.0000 MHz, 0.8000)  ω_d/(2π)=7.8549 GHz  0.0s
[pcrb_widephi  92] log_JP=+19.535074  c=(3.0000, 0.4000, 0.1000 MHz, 3.9402)  ω_d/(2π)=6.2852 GHz  0.0s
[pcrb_widephi  93] log_JP=+20.371391  c=(4.3241, 0.4000, 5.0000 MHz, 0.8000)  ω_d/(2π)=3.0112 GHz  0.0s
[pcrb_widephi  94] log_JP=+20.278193  c=(4.2824, 0.1500, 0.1000 MHz, 2.0055)  ω_d/(2π)=1.0000 GHz  0.0s
[pcrb_widephi  95] log_JP=+20.312666  c=(4.2107, 0.4000, 0.1000 MHz, 5.0000)  ω_d/(2π)=1.0000 GHz  0.0s
[pcrb_widephi  96] log_JP=+20.329247  c=(4.2266, 0.3516, 5.0000 MHz, 5.0000)  ω_d/(2π)=12.0000 GHz  0.0s
[pcrb_widephi  97] log_JP=+20.232243  c=(4.1327, 0.3530, 1.4147 MHz, 0.8000)  ω_d/(2π)=12.0000 GHz  0.0s
[pcrb_widephi  98] log_JP=+20.173170  c=(4.1542, 0.1500, 5.0000 MHz, 5.0000)  ω_d/(2π)=1.0000 GHz  0.0s
[pcrb_widephi  99] log_JP=+20.280451  c=(4.3021, 0.2636, 2.2713 MHz, 1.9558)  ω_d/(2π)=1.0000 GHz  0.0s
[pcrb_widephi 100] log_JP=+20.590137  c=(4.8977, 0.2320, 2.4668 MHz, 5.0000)  ω_d/(2π)=7.6973 GHz  0.0s

bopt total: 0.13 min

Best log_JP = 22.197687 at eval 37
  c_best:  f_q=12.0000 GHz  E_C=0.4000 GHz  κ=0.1000 MHz  Δ=5.0000 GHz
  ω_d/(2π) = 1.0000 GHz   ω_d = 6.2832e+09 rad/s

Verifying schedule assumption: enumerate at the BOpt winner...
  argmax schedule: [(10, 2), (10, 2), (10, 2), (10, 2)]   log_JP=22.197687   (71.8s)
  fixed assumed:   [(10, 2), (10, 2), (10, 2), (10, 2)]   log_JP=22.197687
  ✓ assumption confirmed at this c+ω_d
  ω_d_fn(c_best)/(2π) = 4.0530 GHz  (Δ from BOpt's ω_d = -3.0530 GHz, -75.3%)
┌ Warning: use values(kwargs) instead of kwargs.data
│   caller = #MAPGPOptimizer#13 at gp.jl:37 [inlined]
└ @ Core ~/.julia/packages/BayesianOptimization/nq1HY/src/models/gp.jl:37
┌ Warning: NLopt returned FORCED_STOP while optimizing the GP.
└ @ BayesianOptimization ~/.julia/packages/BayesianOptimization/nq1HY/src/models/gp.jl:72
[ Info: 2026-04-26T21:52:07.473	iteration: 10	current optimum: 21.873816888838466
[ Info: 2026-04-26T21:52:10.467	iteration: 11	current optimum: 21.873816888838466
[ Info: 2026-04-26T21:52:10.468	iteration: 12	current optimum: 21.873816888838466
[ Info: 2026-04-26T21:52:10.468	iteration: 13	current optimum: 21.873816888838466
[ Info: 2026-04-26T21:52:10.469	iteration: 14	current optimum: 21.873816888838466
[ Info: 2026-04-26T21:52:10.470	iteration: 15	current optimum: 21.873816888838466
[ Info: 2026-04-26T21:52:10.470	iteration: 16	current optimum: 22.192967520134143
[ Info: 2026-04-26T21:52:10.471	iteration: 17	current optimum: 22.192967520134143
[ Info: 2026-04-26T21:52:10.472	iteration: 18	current optimum: 22.192967520134143
[ Info: 2026-04-26T21:52:10.472	iteration: 19	current optimum: 22.192967520134143
┌ Warning: NLopt returned FORCED_STOP while optimizing the GP.
└ @ BayesianOptimization ~/.julia/packages/BayesianOptimization/nq1HY/src/models/gp.jl:72
[ Info: 2026-04-26T21:52:10.473	iteration: 20	current optimum: 22.192967520134143
[ Info: 2026-04-26T21:52:10.474	iteration: 21	current optimum: 22.192967520134143
[ Info: 2026-04-26T21:52:10.475	iteration: 22	current optimum: 22.192967520134143
[ Info: 2026-04-26T21:52:10.476	iteration: 23	current optimum: 22.192967520134143
[ Info: 2026-04-26T21:52:10.476	iteration: 24	current optimum: 22.192967520134143
[ Info: 2026-04-26T21:52:10.477	iteration: 25	current optimum: 22.192967520134143
[ Info: 2026-04-26T21:52:10.478	iteration: 26	current optimum: 22.192967520134143
[ Info: 2026-04-26T21:52:10.479	iteration: 27	current optimum: 22.192967520134143
[ Info: 2026-04-26T21:52:10.480	iteration: 28	current optimum: 22.192967520134143
[ Info: 2026-04-26T21:52:10.481	iteration: 29	current optimum: 22.192967520134143
┌ Warning: NLopt returned FORCED_STOP while optimizing the GP.
└ @ BayesianOptimization ~/.julia/packages/BayesianOptimization/nq1HY/src/models/gp.jl:72
[ Info: 2026-04-26T21:52:10.482	iteration: 30	current optimum: 22.192967520134143
[ Info: 2026-04-26T21:52:10.482	iteration: 31	current optimum: 22.192967520134143
[ Info: 2026-04-26T21:52:10.483	iteration: 32	current optimum: 22.192967520134143
[ Info: 2026-04-26T21:52:10.484	iteration: 33	current optimum: 22.192967520134143
[ Info: 2026-04-26T21:52:10.485	iteration: 34	current optimum: 22.192967520134143
[ Info: 2026-04-26T21:52:10.486	iteration: 35	current optimum: 22.192967520134143
[ Info: 2026-04-26T21:52:10.487	iteration: 36	current optimum: 22.192967520134143
[ Info: 2026-04-26T21:52:10.488	iteration: 37	current optimum: 22.19768667126825
[ Info: 2026-04-26T21:52:10.490	iteration: 38	current optimum: 22.19768667126825
[ Info: 2026-04-26T21:52:10.503	iteration: 39	current optimum: 22.19768667126825
┌ Warning: NLopt returned FORCED_STOP while optimizing the GP.
└ @ BayesianOptimization ~/.julia/packages/BayesianOptimization/nq1HY/src/models/gp.jl:72
[ Info: 2026-04-26T21:52:10.505	iteration: 40	current optimum: 22.19768667126825
[ Info: 2026-04-26T21:52:10.506	iteration: 41	current optimum: 22.19768667126825
[ Info: 2026-04-26T21:52:10.507	iteration: 42	current optimum: 22.19768667126825
[ Info: 2026-04-26T21:52:10.509	iteration: 43	current optimum: 22.19768667126825
[ Info: 2026-04-26T21:52:10.510	iteration: 44	current optimum: 22.19768667126825
[ Info: 2026-04-26T21:52:10.511	iteration: 45	current optimum: 22.19768667126825
[ Info: 2026-04-26T21:52:10.513	iteration: 46	current optimum: 22.19768667126825
[ Info: 2026-04-26T21:52:10.514	iteration: 47	current optimum: 22.19768667126825
[ Info: 2026-04-26T21:52:10.515	iteration: 48	current optimum: 22.19768667126825
[ Info: 2026-04-26T21:52:10.516	iteration: 49	current optimum: 22.19768667126825
┌ Warning: NLopt returned FORCED_STOP while optimizing the GP.
└ @ BayesianOptimization ~/.julia/packages/BayesianOptimization/nq1HY/src/models/gp.jl:72
[ Info: 2026-04-26T21:52:10.518	iteration: 50	current optimum: 22.19768667126825
[ Info: 2026-04-26T21:52:10.519	iteration: 51	current optimum: 22.19768667126825
[ Info: 2026-04-26T21:52:10.520	iteration: 52	current optimum: 22.19768667126825
[ Info: 2026-04-26T21:52:10.522	iteration: 53	current optimum: 22.19768667126825
[ Info: 2026-04-26T21:52:10.524	iteration: 54	current optimum: 22.19768667126825
[ Info: 2026-04-26T21:52:10.535	iteration: 55	current optimum: 22.19768667126825
[ Info: 2026-04-26T21:52:10.537	iteration: 56	current optimum: 22.19768667126825
[ Info: 2026-04-26T21:52:10.538	iteration: 57	current optimum: 22.19768667126825
[ Info: 2026-04-26T21:52:10.540	iteration: 58	current optimum: 22.19768667126825
[ Info: 2026-04-26T21:52:10.541	iteration: 59	current optimum: 22.19768667126825
┌ Warning: NLopt returned FORCED_STOP while optimizing the GP.
└ @ BayesianOptimization ~/.julia/packages/BayesianOptimization/nq1HY/src/models/gp.jl:72
[ Info: 2026-04-26T21:52:10.543	iteration: 60	current optimum: 22.19768667126825
[ Info: 2026-04-26T21:52:10.545	iteration: 61	current optimum: 22.19768667126825
[ Info: 2026-04-26T21:52:10.546	iteration: 62	current optimum: 22.19768667126825
[ Info: 2026-04-26T21:52:10.548	iteration: 63	current optimum: 22.19768667126825
[ Info: 2026-04-26T21:52:10.550	iteration: 64	current optimum: 22.19768667126825
[ Info: 2026-04-26T21:52:10.557	iteration: 65	current optimum: 22.19768667126825
[ Info: 2026-04-26T21:52:10.558	iteration: 66	current optimum: 22.19768667126825
[ Info: 2026-04-26T21:52:10.560	iteration: 67	current optimum: 22.19768667126825
[ Info: 2026-04-26T21:52:10.562	iteration: 68	current optimum: 22.19768667126825
[ Info: 2026-04-26T21:52:10.564	iteration: 69	current optimum: 22.19768667126825
┌ Warning: NLopt returned FORCED_STOP while optimizing the GP.
└ @ BayesianOptimization ~/.julia/packages/BayesianOptimization/nq1HY/src/models/gp.jl:72
[ Info: 2026-04-26T21:52:10.565	iteration: 70	current optimum: 22.19768667126825
[ Info: 2026-04-26T21:52:10.567	iteration: 71	current optimum: 22.19768667126825
[ Info: 2026-04-26T21:52:10.570	iteration: 72	current optimum: 22.19768667126825
[ Info: 2026-04-26T21:52:10.573	iteration: 73	current optimum: 22.19768667126825
[ Info: 2026-04-26T21:52:10.574	iteration: 74	current optimum: 22.19768667126825
[ Info: 2026-04-26T21:52:10.576	iteration: 75	current optimum: 22.19768667126825
[ Info: 2026-04-26T21:52:10.579	iteration: 76	current optimum: 22.19768667126825
[ Info: 2026-04-26T21:52:10.581	iteration: 77	current optimum: 22.19768667126825
[ Info: 2026-04-26T21:52:10.583	iteration: 78	current optimum: 22.19768667126825
[ Info: 2026-04-26T21:52:10.586	iteration: 79	current optimum: 22.19768667126825
┌ Warning: NLopt returned FORCED_STOP while optimizing the GP.
└ @ BayesianOptimization ~/.julia/packages/BayesianOptimization/nq1HY/src/models/gp.jl:72
[ Info: 2026-04-26T21:52:10.589	iteration: 80	current optimum: 22.19768667126825
[ Info: 2026-04-26T21:52:10.591	iteration: 81	current optimum: 22.19768667126825
[ Info: 2026-04-26T21:52:10.594	iteration: 82	current optimum: 22.19768667126825
[ Info: 2026-04-26T21:52:10.596	iteration: 83	current optimum: 22.19768667126825
[ Info: 2026-04-26T21:52:10.598	iteration: 84	current optimum: 22.19768667126825
[ Info: 2026-04-26T21:52:10.601	iteration: 85	current optimum: 22.19768667126825
[ Info: 2026-04-26T21:52:10.603	iteration: 86	current optimum: 22.19768667126825
[ Info: 2026-04-26T21:52:10.606	iteration: 87	current optimum: 22.19768667126825
[ Info: 2026-04-26T21:52:10.608	iteration: 88	current optimum: 22.19768667126825
[ Info: 2026-04-26T21:52:10.610	iteration: 89	current optimum: 22.19768667126825
┌ Warning: NLopt returned FORCED_STOP while optimizing the GP.
└ @ BayesianOptimization ~/.julia/packages/BayesianOptimization/nq1HY/src/models/gp.jl:72
[ Info: 2026-04-26T21:52:10.614	iteration: 90	current optimum: 22.19768667126825
[ Info: 2026-04-26T21:52:10.616	iteration: 91	current optimum: 22.19768667126825
[ Info: 2026-04-26T21:52:10.619	iteration: 92	current optimum: 22.19768667126825
[ Info: 2026-04-26T21:52:10.622	iteration: 93	current optimum: 22.19768667126825
[ Info: 2026-04-26T21:52:10.626	iteration: 94	current optimum: 22.19768667126825
[ Info: 2026-04-26T21:52:10.629	iteration: 95	current optimum: 22.19768667126825
[ Info: 2026-04-26T21:52:10.632	iteration: 96	current optimum: 22.19768667126825
[ Info: 2026-04-26T21:52:10.635	iteration: 97	current optimum: 22.19768667126825
[ Info: 2026-04-26T21:52:10.638	iteration: 98	current optimum: 22.19768667126825
[ Info: 2026-04-26T21:52:10.641	iteration: 99	current optimum: 22.19768667126825
┌ Warning: NLopt returned FORCED_STOP while optimizing the GP.
└ @ BayesianOptimization ~/.julia/packages/BayesianOptimization/nq1HY/src/models/gp.jl:72
┌ Info: ──────────────────────────────────────────────────────────────────────────────────────────────
│                                                      Time                    Allocations      
│                                             ───────────────────────   ────────────────────────
│              Tot / % measured:                   6.57s /  98.7%           1.56GiB /  99.6%    
│ 
│ Section                             ncalls     time    %tot     avg     alloc    %tot      avg
│ ──────────────────────────────────────────────────────────────────────────────────────────────
│ acquisition                             91    4.68s   72.2%  51.5ms   1.40GiB   90.1%  15.7MiB
│ model update                            91    1.07s   16.4%  11.7ms   84.4MiB    5.3%   950KiB
│ function evaluation                    100    454ms    7.0%  4.54ms   19.6MiB    1.2%   200KiB
│ model hyperparameter optimization       91    285ms    4.4%  3.13ms   53.0MiB    3.3%   597KiB
└ ──────────────────────────────────────────────────────────────────────────────────────────────
Saved /home/zlin/BFIMGaussian/doc/scqubit_widephi/results/bayesopt_pcrb_phi17_K4/result.jls
