bayesopt_pcrb_widephi.jl  (phi_max = 0.5)
Threads: 4
Config: PHI_MAX=0.18  K_EPOCHS=4  K_PHI=256  N_EVAL=100  N_INIT=10  SEED=42  fixed_schedule=[(10, 2), (10, 2), (10, 2), (10, 2)]

Launching PCRB 5-D BOpt at PHI_MAX=0.18 with 100 evals (10 random init)...
[pcrb_widephi   1] log_JP=+20.617991  c=(4.6875, 0.2281, 4.6937 MHz, 2.6375)  ω_d/(2π)=7.1875 GHz  0.2s
[pcrb_widephi   2] log_JP=+21.837711  c=(9.1875, 0.3531, 2.2437 MHz, 4.7375)  ω_d/(2π)=1.6875 GHz  0.0s
[pcrb_widephi   3] log_JP=+21.968508  c=(11.4375, 0.1656, 3.4688 MHz, 1.5875)  ω_d/(2π)=4.4375 GHz  0.0s
[pcrb_widephi   4] log_JP=+21.352712  c=(6.9375, 0.2906, 1.0188 MHz, 3.6875)  ω_d/(2π)=9.9375 GHz  0.0s
[pcrb_widephi   5] log_JP=+21.010418  c=(5.8125, 0.1969, 1.6313 MHz, 3.1625)  ω_d/(2π)=11.3125 GHz  0.0s
[pcrb_widephi   6] log_JP=+21.957399  c=(10.3125, 0.3219, 4.0812 MHz, 1.0625)  ω_d/(2π)=5.8125 GHz  0.0s
[pcrb_widephi   7] log_JP=+21.661056  c=(8.0625, 0.2594, 0.4062 MHz, 4.2125)  ω_d/(2π)=3.0625 GHz  0.0s
[pcrb_widephi   8] log_JP=+19.995133  c=(3.5625, 0.3844, 2.8563 MHz, 2.1125)  ω_d/(2π)=8.5625 GHz  0.0s
[pcrb_widephi   9] log_JP=+20.125573  c=(3.8438, 0.2672, 2.3969 MHz, 3.5562)  ω_d/(2π)=4.0938 GHz  0.0s
[pcrb_widephi  10] log_JP=+21.626583  c=(8.3438, 0.3922, 4.8469 MHz, 1.4563)  ω_d/(2π)=9.5938 GHz  0.0s
[pcrb_widephi  11] log_JP=+19.571766  c=(3.0000, 0.4000, 0.1000 MHz, 0.8000)  ω_d/(2π)=1.0000 GHz  0.0s
[pcrb_widephi  12] log_JP=+19.571867  c=(3.0000, 0.4000, 0.1000 MHz, 5.0000)  ω_d/(2π)=12.0000 GHz  0.0s
[pcrb_widephi  13] log_JP=+19.428318  c=(3.0000, 0.1500, 5.0000 MHz, 5.0000)  ω_d/(2π)=1.0000 GHz  0.0s
[pcrb_widephi  14] log_JP=+19.415818  c=(3.0000, 0.1500, 5.0000 MHz, 0.8000)  ω_d/(2π)=1.0000 GHz  0.0s
[pcrb_widephi  15] log_JP=+19.571195  c=(3.0000, 0.4000, 5.0000 MHz, 5.0000)  ω_d/(2π)=1.0000 GHz  0.0s
[pcrb_widephi  16] log_JP=+22.294257  c=(12.0000, 0.4000, 0.1000 MHz, 0.8000)  ω_d/(2π)=12.0000 GHz  0.0s
[pcrb_widephi  17] log_JP=+22.286905  c=(12.0000, 0.4000, 5.0000 MHz, 5.0000)  ω_d/(2π)=12.0000 GHz  0.0s
[pcrb_widephi  18] log_JP=+22.184918  c=(12.0000, 0.1500, 0.1000 MHz, 5.0000)  ω_d/(2π)=12.0000 GHz  0.0s
[pcrb_widephi  19] log_JP=+19.429726  c=(3.0000, 0.1500, 0.1000 MHz, 0.8000)  ω_d/(2π)=12.0000 GHz  0.0s
[pcrb_widephi  20] log_JP=+19.428318  c=(3.0000, 0.1500, 5.0000 MHz, 5.0000)  ω_d/(2π)=12.0000 GHz  0.0s
[pcrb_widephi  21] log_JP=+19.429979  c=(3.0000, 0.1500, 0.1000 MHz, 5.0000)  ω_d/(2π)=1.0000 GHz  0.0s
[pcrb_widephi  22] log_JP=+19.566123  c=(3.0000, 0.4000, 5.0000 MHz, 0.8000)  ω_d/(2π)=12.0000 GHz  0.0s
[pcrb_widephi  23] log_JP=+19.566123  c=(3.0000, 0.4000, 5.0000 MHz, 0.8000)  ω_d/(2π)=1.0000 GHz  0.0s
[pcrb_widephi  24] log_JP=+19.415818  c=(3.0000, 0.1500, 5.0000 MHz, 0.8000)  ω_d/(2π)=12.0000 GHz  0.0s
[pcrb_widephi  25] log_JP=+19.571867  c=(3.0000, 0.4000, 0.1000 MHz, 5.0000)  ω_d/(2π)=1.0000 GHz  0.0s
[pcrb_widephi  26] log_JP=+22.065199  c=(12.0000, 0.4000, 5.0000 MHz, 0.8000)  ω_d/(2π)=1.0000 GHz  0.0s
[pcrb_widephi  27] log_JP=+21.727517  c=(12.0000, 0.1500, 5.0000 MHz, 0.8000)  ω_d/(2π)=12.0000 GHz  0.0s
[pcrb_widephi  28] log_JP=+19.429979  c=(3.0000, 0.1500, 0.1000 MHz, 5.0000)  ω_d/(2π)=12.0000 GHz  0.0s
[pcrb_widephi  29] log_JP=+19.429726  c=(3.0000, 0.1500, 0.1000 MHz, 0.8000)  ω_d/(2π)=1.0000 GHz  0.0s
[pcrb_widephi  30] log_JP=+19.571766  c=(3.0000, 0.4000, 0.1000 MHz, 0.8000)  ω_d/(2π)=12.0000 GHz  0.0s
[pcrb_widephi  31] log_JP=+19.531492  c=(3.0000, 0.2799, 2.3113 MHz, 3.0256)  ω_d/(2π)=12.0000 GHz  0.0s
[pcrb_widephi  32] log_JP=+19.553332  c=(3.0000, 0.2876, 2.8323 MHz, 0.8000)  ω_d/(2π)=7.4135 GHz  0.0s
[pcrb_widephi  33] log_JP=+22.160250  c=(12.0000, 0.1500, 5.0000 MHz, 5.0000)  ω_d/(2π)=1.0000 GHz  0.0s
[pcrb_widephi  34] log_JP=+22.174447  c=(12.0000, 0.1500, 0.1000 MHz, 0.8000)  ω_d/(2π)=1.0000 GHz  0.0s
[pcrb_widephi  35] log_JP=+19.484030  c=(3.0000, 0.1500, 2.8241 MHz, 0.8000)  ω_d/(2π)=6.8543 GHz  0.0s
[pcrb_widephi  36] log_JP=+19.571195  c=(3.0000, 0.4000, 5.0000 MHz, 5.0000)  ω_d/(2π)=12.0000 GHz  0.0s
[pcrb_widephi  37] log_JP=+19.422667  c=(3.0000, 0.1500, 2.5756 MHz, 0.8000)  ω_d/(2π)=12.0000 GHz  0.0s
[pcrb_widephi  38] log_JP=+19.422604  c=(3.0000, 0.1500, 2.5976 MHz, 0.8000)  ω_d/(2π)=1.0000 GHz  0.0s
[pcrb_widephi  39] log_JP=+22.299661  c=(12.0000, 0.4000, 0.1000 MHz, 5.0000)  ω_d/(2π)=1.0000 GHz  0.0s
[pcrb_widephi  40] log_JP=+19.568926  c=(3.0000, 0.4000, 2.5609 MHz, 0.8000)  ω_d/(2π)=12.0000 GHz  0.0s
[pcrb_widephi  41] log_JP=+19.569917  c=(3.0000, 0.2716, 2.3803 MHz, 5.0000)  ω_d/(2π)=12.0000 GHz  0.0s
[pcrb_widephi  42] log_JP=+19.428542  c=(3.0000, 0.1500, 2.9231 MHz, 3.1236)  ω_d/(2π)=12.0000 GHz  0.0s
[pcrb_widephi  43] log_JP=+19.429149  c=(3.0000, 0.1500, 2.5452 MHz, 5.0000)  ω_d/(2π)=12.0000 GHz  0.0s
[pcrb_widephi  44] log_JP=+19.568895  c=(3.0000, 0.4000, 2.5878 MHz, 0.8000)  ω_d/(2π)=1.0000 GHz  0.0s
[pcrb_widephi  45] log_JP=+19.571530  c=(3.0000, 0.4000, 2.5554 MHz, 5.0000)  ω_d/(2π)=12.0000 GHz  0.0s
[pcrb_widephi  46] log_JP=+19.571529  c=(3.0000, 0.4000, 2.5652 MHz, 5.0000)  ω_d/(2π)=1.0000 GHz  0.0s
[pcrb_widephi  47] log_JP=+19.529738  c=(3.0000, 0.2605, 0.1000 MHz, 5.0000)  ω_d/(2π)=1.0000 GHz  0.0s
[pcrb_widephi  48] log_JP=+19.509157  c=(3.0000, 0.2593, 3.0752 MHz, 5.0000)  ω_d/(2π)=1.0000 GHz  0.0s
[pcrb_widephi  49] log_JP=+19.545373  c=(3.0000, 0.2684, 2.7855 MHz, 0.8000)  ω_d/(2π)=1.0000 GHz  0.0s
[pcrb_widephi  50] log_JP=+19.480518  c=(3.0000, 0.2769, 2.5340 MHz, 5.0000)  ω_d/(2π)=6.4130 GHz  0.0s
[pcrb_widephi  51] log_JP=+19.417372  c=(3.0000, 0.1500, 3.5982 MHz, 5.0000)  ω_d/(2π)=6.2563 GHz  0.0s
[pcrb_widephi  52] log_JP=+19.429956  c=(3.0000, 0.1500, 0.1000 MHz, 2.7791)  ω_d/(2π)=12.0000 GHz  0.0s
[pcrb_widephi  53] log_JP=+19.521762  c=(3.0000, 0.2371, 5.0000 MHz, 5.0000)  ω_d/(2π)=6.2504 GHz  0.0s
[pcrb_widephi  54] log_JP=+19.639401  c=(3.0000, 0.4000, 5.0000 MHz, 0.8000)  ω_d/(2π)=6.4224 GHz  0.0s
[pcrb_widephi  55] log_JP=+19.643921  c=(3.0000, 0.4000, 5.0000 MHz, 5.0000)  ω_d/(2π)=6.7256 GHz  0.0s
[pcrb_widephi  56] log_JP=+19.571859  c=(3.0000, 0.4000, 0.1000 MHz, 2.9167)  ω_d/(2π)=12.0000 GHz  0.0s
[pcrb_widephi  57] log_JP=+19.489935  c=(3.0000, 0.2484, 5.0000 MHz, 0.8000)  ω_d/(2π)=6.4125 GHz  0.0s
[pcrb_widephi  58] log_JP=+20.330702  c=(4.3960, 0.1500, 5.0000 MHz, 0.8000)  ω_d/(2π)=1.0000 GHz  0.0s
[pcrb_widephi  59] log_JP=+19.472061  c=(3.0000, 0.1500, 5.0000 MHz, 2.1325)  ω_d/(2π)=6.8084 GHz  0.0s
[pcrb_widephi  60] log_JP=+19.568989  c=(3.0000, 0.2647, 0.1000 MHz, 2.0469)  ω_d/(2π)=12.0000 GHz  0.0s
[pcrb_widephi  61] log_JP=+19.572019  c=(3.0000, 0.4000, 1.3749 MHz, 0.8000)  ω_d/(2π)=6.1606 GHz  0.0s
[pcrb_widephi  62] log_JP=+19.429287  c=(3.0000, 0.1500, 2.1400 MHz, 5.0000)  ω_d/(2π)=1.0000 GHz  0.0s
[pcrb_widephi  63] log_JP=+19.429932  c=(3.0000, 0.1500, 0.1000 MHz, 2.0056)  ω_d/(2π)=1.0000 GHz  0.0s
[pcrb_widephi  64] log_JP=+19.492277  c=(3.0000, 0.1500, 0.9619 MHz, 2.6340)  ω_d/(2π)=7.2886 GHz  0.0s
[pcrb_widephi  65] log_JP=+19.578934  c=(3.0000, 0.3127, 0.1000 MHz, 2.9382)  ω_d/(2π)=6.9890 GHz  0.0s
[pcrb_widephi  66] log_JP=+19.592374  c=(3.0000, 0.3315, 0.1000 MHz, 2.5192)  ω_d/(2π)=1.0000 GHz  0.0s
[pcrb_widephi  67] log_JP=+19.556476  c=(3.0000, 0.2667, 0.1000 MHz, 0.8000)  ω_d/(2π)=1.0000 GHz  0.0s
[pcrb_widephi  68] log_JP=+19.552830  c=(3.0000, 0.2383, 5.0000 MHz, 2.2099)  ω_d/(2π)=12.0000 GHz  0.0s
[pcrb_widephi  69] log_JP=+19.570691  c=(3.0000, 0.4000, 5.0000 MHz, 2.6667)  ω_d/(2π)=12.0000 GHz  0.0s
[pcrb_widephi  70] log_JP=+19.480029  c=(3.0000, 0.1500, 0.1000 MHz, 5.0000)  ω_d/(2π)=6.3241 GHz  0.0s
[pcrb_widephi  71] log_JP=+19.426828  c=(3.0000, 0.1500, 5.0000 MHz, 2.4713)  ω_d/(2π)=1.0000 GHz  0.0s
[pcrb_widephi  72] log_JP=+19.592622  c=(3.0000, 0.3053, 5.0000 MHz, 2.4995)  ω_d/(2π)=1.0000 GHz  0.0s
[pcrb_widephi  73] log_JP=+19.616475  c=(3.0000, 0.4000, 0.1000 MHz, 5.0000)  ω_d/(2π)=6.6572 GHz  0.0s
[pcrb_widephi  74] log_JP=+19.513612  c=(3.0000, 0.1982, 0.1000 MHz, 0.8000)  ω_d/(2π)=5.9828 GHz  0.0s
[pcrb_widephi  75] log_JP=+20.440907  c=(4.4789, 0.1500, 0.1000 MHz, 5.0000)  ω_d/(2π)=1.0000 GHz  0.0s
[pcrb_widephi  76] log_JP=+19.570788  c=(3.0000, 0.4000, 5.0000 MHz, 2.9016)  ω_d/(2π)=1.0000 GHz  0.0s
[pcrb_widephi  77] log_JP=+20.345679  c=(4.2360, 0.1500, 0.1000 MHz, 0.8000)  ω_d/(2π)=12.0000 GHz  0.0s
[pcrb_widephi  78] log_JP=+19.584942  c=(3.0000, 0.3159, 5.0000 MHz, 4.0540)  ω_d/(2π)=10.0429 GHz  0.0s
[pcrb_widephi  79] log_JP=+20.222890  c=(3.8372, 0.4000, 0.9865 MHz, 0.8000)  ω_d/(2π)=1.0000 GHz  0.0s
[pcrb_widephi  80] log_JP=+20.141704  c=(3.8217, 0.2973, 5.0000 MHz, 0.8000)  ω_d/(2π)=12.0000 GHz  0.0s
[pcrb_widephi  81] log_JP=+20.115541  c=(3.7451, 0.2853, 5.0000 MHz, 5.0000)  ω_d/(2π)=12.0000 GHz  0.0s
[pcrb_widephi  82] log_JP=+22.065199  c=(12.0000, 0.4000, 5.0000 MHz, 0.8000)  ω_d/(2π)=12.0000 GHz  0.0s
[pcrb_widephi  83] log_JP=+20.501003  c=(4.3014, 0.4000, 0.1000 MHz, 5.0000)  ω_d/(2π)=12.0000 GHz  0.0s
[pcrb_widephi  84] log_JP=+19.644635  c=(3.0000, 0.4000, 1.1653 MHz, 3.4570)  ω_d/(2π)=3.6974 GHz  0.0s
[pcrb_widephi  85] log_JP=+20.441301  c=(4.2071, 0.4000, 5.0000 MHz, 5.0000)  ω_d/(2π)=1.0000 GHz  0.0s
[pcrb_widephi  86] log_JP=+20.250536  c=(3.8229, 0.4000, 0.1000 MHz, 1.8958)  ω_d/(2π)=4.8544 GHz  0.0s
[pcrb_widephi  87] log_JP=+20.382270  c=(4.2982, 0.1500, 0.1000 MHz, 5.0000)  ω_d/(2π)=10.3823 GHz  0.0s
[pcrb_widephi  88] log_JP=+20.098330  c=(3.8903, 0.1500, 5.0000 MHz, 5.0000)  ω_d/(2π)=8.6752 GHz  0.0s
[pcrb_widephi  89] log_JP=+20.312370  c=(4.0139, 0.3383, 1.0569 MHz, 0.8000)  ω_d/(2π)=12.0000 GHz  0.0s
[pcrb_widephi  90] log_JP=+20.268240  c=(4.1384, 0.1500, 0.1000 MHz, 0.8000)  ω_d/(2π)=1.0000 GHz  0.0s
[pcrb_widephi  91] log_JP=+19.543284  c=(3.0000, 0.2152, 0.1000 MHz, 4.1673)  ω_d/(2π)=9.8352 GHz  0.0s
[pcrb_widephi  92] log_JP=+20.349283  c=(4.3196, 0.1500, 5.0000 MHz, 0.8000)  ω_d/(2π)=9.2648 GHz  0.0s
[pcrb_widephi  93] log_JP=+20.421179  c=(4.1883, 0.3532, 0.1000 MHz, 5.0000)  ω_d/(2π)=1.0000 GHz  0.0s
[pcrb_widephi  94] log_JP=+21.727517  c=(12.0000, 0.1500, 5.0000 MHz, 0.8000)  ω_d/(2π)=1.0000 GHz  0.0s
[pcrb_widephi  95] log_JP=+20.468097  c=(4.2766, 0.4000, 5.0000 MHz, 4.0851)  ω_d/(2π)=12.0000 GHz  0.0s
[pcrb_widephi  96] log_JP=+20.620434  c=(4.5867, 0.4000, 3.5382 MHz, 0.8000)  ω_d/(2π)=12.0000 GHz  0.0s
[pcrb_widephi  97] log_JP=+20.460259  c=(4.3615, 0.4000, 5.0000 MHz, 0.8000)  ω_d/(2π)=1.0000 GHz  0.0s
[pcrb_widephi  98] log_JP=+20.315976  c=(4.1954, 0.1500, 3.8354 MHz, 5.0000)  ω_d/(2π)=1.0000 GHz  0.0s
[pcrb_widephi  99] log_JP=+20.466880  c=(4.4677, 0.1500, 3.9642 MHz, 5.0000)  ω_d/(2π)=12.0000 GHz  0.0s
[pcrb_widephi 100] log_JP=+20.588891  c=(4.4923, 0.4000, 2.1422 MHz, 5.0000)  ω_d/(2π)=6.9725 GHz  0.0s

bopt total: 0.14 min

Best log_JP = 22.299661 at eval 39
  c_best:  f_q=12.0000 GHz  E_C=0.4000 GHz  κ=0.1000 MHz  Δ=5.0000 GHz
  ω_d/(2π) = 1.0000 GHz   ω_d = 6.2832e+09 rad/s

Verifying schedule assumption: enumerate at the BOpt winner...
  argmax schedule: [(10, 2), (10, 2), (10, 2), (10, 2)]   log_JP=22.299661   (72.6s)
  fixed assumed:   [(10, 2), (10, 2), (10, 2), (10, 2)]   log_JP=22.299661
  ✓ assumption confirmed at this c+ω_d
  ω_d_fn(c_best)/(2π) = 4.0530 GHz  (Δ from BOpt's ω_d = -3.0530 GHz, -75.3%)
┌ Warning: use values(kwargs) instead of kwargs.data
│   caller = #MAPGPOptimizer#13 at gp.jl:37 [inlined]
└ @ Core ~/.julia/packages/BayesianOptimization/nq1HY/src/models/gp.jl:37
┌ Warning: NLopt returned FORCED_STOP while optimizing the GP.
└ @ BayesianOptimization ~/.julia/packages/BayesianOptimization/nq1HY/src/models/gp.jl:72
[ Info: 2026-04-26T21:04:08.078	iteration: 10	current optimum: 21.9685080764602
[ Info: 2026-04-26T21:04:11.036	iteration: 11	current optimum: 21.9685080764602
[ Info: 2026-04-26T21:04:11.037	iteration: 12	current optimum: 21.9685080764602
[ Info: 2026-04-26T21:04:11.037	iteration: 13	current optimum: 21.9685080764602
[ Info: 2026-04-26T21:04:11.038	iteration: 14	current optimum: 21.9685080764602
[ Info: 2026-04-26T21:04:11.039	iteration: 15	current optimum: 21.9685080764602
[ Info: 2026-04-26T21:04:11.039	iteration: 16	current optimum: 22.294257451273307
[ Info: 2026-04-26T21:04:11.040	iteration: 17	current optimum: 22.294257451273307
[ Info: 2026-04-26T21:04:11.041	iteration: 18	current optimum: 22.294257451273307
[ Info: 2026-04-26T21:04:11.041	iteration: 19	current optimum: 22.294257451273307
┌ Warning: NLopt returned FORCED_STOP while optimizing the GP.
└ @ BayesianOptimization ~/.julia/packages/BayesianOptimization/nq1HY/src/models/gp.jl:72
[ Info: 2026-04-26T21:04:11.042	iteration: 20	current optimum: 22.294257451273307
[ Info: 2026-04-26T21:04:11.043	iteration: 21	current optimum: 22.294257451273307
[ Info: 2026-04-26T21:04:11.044	iteration: 22	current optimum: 22.294257451273307
[ Info: 2026-04-26T21:04:11.045	iteration: 23	current optimum: 22.294257451273307
[ Info: 2026-04-26T21:04:11.046	iteration: 24	current optimum: 22.294257451273307
[ Info: 2026-04-26T21:04:11.047	iteration: 25	current optimum: 22.294257451273307
[ Info: 2026-04-26T21:04:11.047	iteration: 26	current optimum: 22.294257451273307
[ Info: 2026-04-26T21:04:11.048	iteration: 27	current optimum: 22.294257451273307
[ Info: 2026-04-26T21:04:11.049	iteration: 28	current optimum: 22.294257451273307
[ Info: 2026-04-26T21:04:11.050	iteration: 29	current optimum: 22.294257451273307
┌ Warning: NLopt returned FORCED_STOP while optimizing the GP.
└ @ BayesianOptimization ~/.julia/packages/BayesianOptimization/nq1HY/src/models/gp.jl:72
[ Info: 2026-04-26T21:04:11.051	iteration: 30	current optimum: 22.294257451273307
[ Info: 2026-04-26T21:04:11.052	iteration: 31	current optimum: 22.294257451273307
[ Info: 2026-04-26T21:04:11.053	iteration: 32	current optimum: 22.294257451273307
[ Info: 2026-04-26T21:04:11.054	iteration: 33	current optimum: 22.294257451273307
[ Info: 2026-04-26T21:04:11.055	iteration: 34	current optimum: 22.294257451273307
[ Info: 2026-04-26T21:04:11.056	iteration: 35	current optimum: 22.294257451273307
[ Info: 2026-04-26T21:04:11.057	iteration: 36	current optimum: 22.294257451273307
[ Info: 2026-04-26T21:04:11.070	iteration: 37	current optimum: 22.294257451273307
[ Info: 2026-04-26T21:04:11.072	iteration: 38	current optimum: 22.294257451273307
[ Info: 2026-04-26T21:04:11.073	iteration: 39	current optimum: 22.29966080116402
┌ Warning: NLopt returned FORCED_STOP while optimizing the GP.
└ @ BayesianOptimization ~/.julia/packages/BayesianOptimization/nq1HY/src/models/gp.jl:72
[ Info: 2026-04-26T21:04:11.074	iteration: 40	current optimum: 22.29966080116402
[ Info: 2026-04-26T21:04:11.075	iteration: 41	current optimum: 22.29966080116402
[ Info: 2026-04-26T21:04:11.077	iteration: 42	current optimum: 22.29966080116402
[ Info: 2026-04-26T21:04:11.078	iteration: 43	current optimum: 22.29966080116402
[ Info: 2026-04-26T21:04:11.079	iteration: 44	current optimum: 22.29966080116402
[ Info: 2026-04-26T21:04:11.080	iteration: 45	current optimum: 22.29966080116402
[ Info: 2026-04-26T21:04:11.082	iteration: 46	current optimum: 22.29966080116402
[ Info: 2026-04-26T21:04:11.083	iteration: 47	current optimum: 22.29966080116402
[ Info: 2026-04-26T21:04:11.084	iteration: 48	current optimum: 22.29966080116402
[ Info: 2026-04-26T21:04:11.086	iteration: 49	current optimum: 22.29966080116402
┌ Warning: NLopt returned FORCED_STOP while optimizing the GP.
└ @ BayesianOptimization ~/.julia/packages/BayesianOptimization/nq1HY/src/models/gp.jl:72
[ Info: 2026-04-26T21:04:11.087	iteration: 50	current optimum: 22.29966080116402
[ Info: 2026-04-26T21:04:11.089	iteration: 51	current optimum: 22.29966080116402
[ Info: 2026-04-26T21:04:11.090	iteration: 52	current optimum: 22.29966080116402
[ Info: 2026-04-26T21:04:11.100	iteration: 53	current optimum: 22.29966080116402
[ Info: 2026-04-26T21:04:11.101	iteration: 54	current optimum: 22.29966080116402
[ Info: 2026-04-26T21:04:11.102	iteration: 55	current optimum: 22.29966080116402
[ Info: 2026-04-26T21:04:11.104	iteration: 56	current optimum: 22.29966080116402
[ Info: 2026-04-26T21:04:11.105	iteration: 57	current optimum: 22.29966080116402
[ Info: 2026-04-26T21:04:11.107	iteration: 58	current optimum: 22.29966080116402
[ Info: 2026-04-26T21:04:11.109	iteration: 59	current optimum: 22.29966080116402
┌ Warning: NLopt returned FORCED_STOP while optimizing the GP.
└ @ BayesianOptimization ~/.julia/packages/BayesianOptimization/nq1HY/src/models/gp.jl:72
[ Info: 2026-04-26T21:04:11.110	iteration: 60	current optimum: 22.29966080116402
[ Info: 2026-04-26T21:04:11.112	iteration: 61	current optimum: 22.29966080116402
[ Info: 2026-04-26T21:04:11.114	iteration: 62	current optimum: 22.29966080116402
[ Info: 2026-04-26T21:04:11.119	iteration: 63	current optimum: 22.29966080116402
[ Info: 2026-04-26T21:04:11.121	iteration: 64	current optimum: 22.29966080116402
[ Info: 2026-04-26T21:04:11.123	iteration: 65	current optimum: 22.29966080116402
[ Info: 2026-04-26T21:04:11.125	iteration: 66	current optimum: 22.29966080116402
[ Info: 2026-04-26T21:04:11.126	iteration: 67	current optimum: 22.29966080116402
[ Info: 2026-04-26T21:04:11.128	iteration: 68	current optimum: 22.29966080116402
[ Info: 2026-04-26T21:04:11.131	iteration: 69	current optimum: 22.29966080116402
┌ Warning: NLopt returned FORCED_STOP while optimizing the GP.
└ @ BayesianOptimization ~/.julia/packages/BayesianOptimization/nq1HY/src/models/gp.jl:72
[ Info: 2026-04-26T21:04:11.133	iteration: 70	current optimum: 22.29966080116402
[ Info: 2026-04-26T21:04:11.135	iteration: 71	current optimum: 22.29966080116402
[ Info: 2026-04-26T21:04:11.137	iteration: 72	current optimum: 22.29966080116402
[ Info: 2026-04-26T21:04:11.138	iteration: 73	current optimum: 22.29966080116402
[ Info: 2026-04-26T21:04:11.141	iteration: 74	current optimum: 22.29966080116402
[ Info: 2026-04-26T21:04:11.143	iteration: 75	current optimum: 22.29966080116402
[ Info: 2026-04-26T21:04:11.145	iteration: 76	current optimum: 22.29966080116402
[ Info: 2026-04-26T21:04:11.147	iteration: 77	current optimum: 22.29966080116402
[ Info: 2026-04-26T21:04:11.149	iteration: 78	current optimum: 22.29966080116402
[ Info: 2026-04-26T21:04:11.152	iteration: 79	current optimum: 22.29966080116402
┌ Warning: NLopt returned FORCED_STOP while optimizing the GP.
└ @ BayesianOptimization ~/.julia/packages/BayesianOptimization/nq1HY/src/models/gp.jl:72
[ Info: 2026-04-26T21:04:11.155	iteration: 80	current optimum: 22.29966080116402
[ Info: 2026-04-26T21:04:11.157	iteration: 81	current optimum: 22.29966080116402
[ Info: 2026-04-26T21:04:11.159	iteration: 82	current optimum: 22.29966080116402
[ Info: 2026-04-26T21:04:11.162	iteration: 83	current optimum: 22.29966080116402
[ Info: 2026-04-26T21:04:11.164	iteration: 84	current optimum: 22.29966080116402
[ Info: 2026-04-26T21:04:11.167	iteration: 85	current optimum: 22.29966080116402
[ Info: 2026-04-26T21:04:11.169	iteration: 86	current optimum: 22.29966080116402
[ Info: 2026-04-26T21:04:11.172	iteration: 87	current optimum: 22.29966080116402
[ Info: 2026-04-26T21:04:11.175	iteration: 88	current optimum: 22.29966080116402
[ Info: 2026-04-26T21:04:11.178	iteration: 89	current optimum: 22.29966080116402
┌ Warning: NLopt returned FORCED_STOP while optimizing the GP.
└ @ BayesianOptimization ~/.julia/packages/BayesianOptimization/nq1HY/src/models/gp.jl:72
[ Info: 2026-04-26T21:04:11.180	iteration: 90	current optimum: 22.29966080116402
[ Info: 2026-04-26T21:04:11.183	iteration: 91	current optimum: 22.29966080116402
[ Info: 2026-04-26T21:04:11.186	iteration: 92	current optimum: 22.29966080116402
[ Info: 2026-04-26T21:04:11.189	iteration: 93	current optimum: 22.29966080116402
[ Info: 2026-04-26T21:04:11.192	iteration: 94	current optimum: 22.29966080116402
[ Info: 2026-04-26T21:04:11.195	iteration: 95	current optimum: 22.29966080116402
[ Info: 2026-04-26T21:04:11.197	iteration: 96	current optimum: 22.29966080116402
[ Info: 2026-04-26T21:04:11.200	iteration: 97	current optimum: 22.29966080116402
[ Info: 2026-04-26T21:04:11.203	iteration: 98	current optimum: 22.29966080116402
[ Info: 2026-04-26T21:04:11.207	iteration: 99	current optimum: 22.29966080116402
┌ Warning: NLopt returned FORCED_STOP while optimizing the GP.
└ @ BayesianOptimization ~/.julia/packages/BayesianOptimization/nq1HY/src/models/gp.jl:72
┌ Info: ──────────────────────────────────────────────────────────────────────────────────────────────
│                                                      Time                    Allocations      
│                                             ───────────────────────   ────────────────────────
│              Tot / % measured:                   6.84s /  98.7%           1.56GiB /  99.6%    
│ 
│ Section                             ncalls     time    %tot     avg     alloc    %tot      avg
│ ──────────────────────────────────────────────────────────────────────────────────────────────
│ acquisition                             91    4.66s   69.0%  51.2ms   1.40GiB   90.1%  15.8MiB
│ model update                            91    1.42s   21.1%  15.6ms   84.4MiB    5.3%   950KiB
│ function evaluation                    100    383ms    5.7%  3.83ms   19.6MiB    1.2%   200KiB
│ model hyperparameter optimization       91    288ms    4.3%  3.17ms   53.0MiB    3.3%   597KiB
└ ──────────────────────────────────────────────────────────────────────────────────────────────
Saved /home/zlin/BFIMGaussian/doc/scqubit_widephi/results/bayesopt_pcrb_phi18_K4/result.jls
