bayesopt_pcrb_widephi.jl  (phi_max = 0.5)
Threads: 4
Config: PHI_MAX=0.16  K_EPOCHS=4  K_PHI=256  N_EVAL=100  N_INIT=10  SEED=42  fixed_schedule=[(10, 2), (10, 2), (10, 2), (10, 2)]

Launching PCRB 5-D BOpt at PHI_MAX=0.16 with 100 evals (10 random init)...
[pcrb_widephi   1] log_JP=+20.379048  c=(4.6875, 0.2281, 4.6937 MHz, 2.6375)  ω_d/(2π)=7.1875 GHz  0.3s
[pcrb_widephi   2] log_JP=+21.656010  c=(9.1875, 0.3531, 2.2437 MHz, 4.7375)  ω_d/(2π)=1.6875 GHz  0.0s
[pcrb_widephi   3] log_JP=+21.792931  c=(11.4375, 0.1656, 3.4688 MHz, 1.5875)  ω_d/(2π)=4.4375 GHz  0.0s
[pcrb_widephi   4] log_JP=+21.161950  c=(6.9375, 0.2906, 1.0188 MHz, 3.6875)  ω_d/(2π)=9.9375 GHz  0.0s
[pcrb_widephi   5] log_JP=+20.790589  c=(5.8125, 0.1969, 1.6313 MHz, 3.1625)  ω_d/(2π)=11.3125 GHz  0.0s
[pcrb_widephi   6] log_JP=+21.732086  c=(10.3125, 0.3219, 4.0812 MHz, 1.0625)  ω_d/(2π)=5.8125 GHz  0.0s
[pcrb_widephi   7] log_JP=+21.387217  c=(8.0625, 0.2594, 0.4062 MHz, 4.2125)  ω_d/(2π)=3.0625 GHz  0.0s
[pcrb_widephi   8] log_JP=+19.821446  c=(3.5625, 0.3844, 2.8563 MHz, 2.1125)  ω_d/(2π)=8.5625 GHz  0.0s
[pcrb_widephi   9] log_JP=+19.946560  c=(3.8438, 0.2672, 2.3969 MHz, 3.5562)  ω_d/(2π)=4.0938 GHz  0.0s
[pcrb_widephi  10] log_JP=+21.476252  c=(8.3438, 0.3922, 4.8469 MHz, 1.4563)  ω_d/(2π)=9.5938 GHz  0.0s
[pcrb_widephi  11] log_JP=+19.417447  c=(3.0000, 0.4000, 0.1000 MHz, 0.8000)  ω_d/(2π)=1.0000 GHz  0.0s
[pcrb_widephi  12] log_JP=+19.417539  c=(3.0000, 0.4000, 0.1000 MHz, 5.0000)  ω_d/(2π)=12.0000 GHz  0.0s
[pcrb_widephi  13] log_JP=+19.279183  c=(3.0000, 0.1500, 5.0000 MHz, 5.0000)  ω_d/(2π)=1.0000 GHz  0.0s
[pcrb_widephi  14] log_JP=+19.267140  c=(3.0000, 0.1500, 5.0000 MHz, 0.8000)  ω_d/(2π)=1.0000 GHz  0.0s
[pcrb_widephi  15] log_JP=+19.416937  c=(3.0000, 0.4000, 5.0000 MHz, 5.0000)  ω_d/(2π)=1.0000 GHz  0.0s
[pcrb_widephi  16] log_JP=+22.022009  c=(12.0000, 0.4000, 0.1000 MHz, 0.8000)  ω_d/(2π)=12.0000 GHz  0.0s
[pcrb_widephi  17] log_JP=+19.279183  c=(3.0000, 0.1500, 5.0000 MHz, 5.0000)  ω_d/(2π)=12.0000 GHz  0.0s
[pcrb_widephi  18] log_JP=+21.891725  c=(12.0000, 0.1500, 0.1000 MHz, 5.0000)  ω_d/(2π)=12.0000 GHz  0.0s
[pcrb_widephi  19] log_JP=+19.280522  c=(3.0000, 0.1500, 0.1000 MHz, 0.8000)  ω_d/(2π)=12.0000 GHz  0.0s
[pcrb_widephi  20] log_JP=+19.402374  c=(3.0000, 0.3086, 5.0000 MHz, 0.8000)  ω_d/(2π)=12.0000 GHz  0.0s
[pcrb_widephi  21] log_JP=+19.280765  c=(3.0000, 0.1500, 0.1000 MHz, 5.0000)  ω_d/(2π)=1.0000 GHz  0.0s
[pcrb_widephi  22] log_JP=+19.412340  c=(3.0000, 0.4000, 5.0000 MHz, 0.8000)  ω_d/(2π)=1.0000 GHz  0.0s
[pcrb_widephi  23] log_JP=+19.416937  c=(3.0000, 0.4000, 5.0000 MHz, 5.0000)  ω_d/(2π)=12.0000 GHz  0.0s
[pcrb_widephi  24] log_JP=+21.406052  c=(12.0000, 0.1500, 5.0000 MHz, 0.8000)  ω_d/(2π)=1.0000 GHz  0.0s
[pcrb_widephi  25] log_JP=+19.280522  c=(3.0000, 0.1500, 0.1000 MHz, 0.8000)  ω_d/(2π)=1.0000 GHz  0.0s
[pcrb_widephi  26] log_JP=+21.406052  c=(12.0000, 0.1500, 5.0000 MHz, 0.8000)  ω_d/(2π)=12.0000 GHz  0.0s
[pcrb_widephi  27] log_JP=+21.880505  c=(12.0000, 0.1500, 0.1000 MHz, 0.8000)  ω_d/(2π)=1.0000 GHz  0.0s
[pcrb_widephi  28] log_JP=+21.865433  c=(12.0000, 0.1500, 5.0000 MHz, 5.0000)  ω_d/(2π)=1.0000 GHz  0.0s
[pcrb_widephi  29] log_JP=+19.417539  c=(3.0000, 0.4000, 0.1000 MHz, 5.0000)  ω_d/(2π)=1.0000 GHz  0.0s
[pcrb_widephi  30] log_JP=+22.027209  c=(12.0000, 0.4000, 0.1000 MHz, 5.0000)  ω_d/(2π)=1.0000 GHz  0.0s
[pcrb_widephi  31] log_JP=+19.417447  c=(3.0000, 0.4000, 0.1000 MHz, 0.8000)  ω_d/(2π)=12.0000 GHz  0.0s
[pcrb_widephi  32] log_JP=+19.267140  c=(3.0000, 0.1500, 5.0000 MHz, 0.8000)  ω_d/(2π)=12.0000 GHz  0.0s
[pcrb_widephi  33] log_JP=+19.412340  c=(3.0000, 0.4000, 5.0000 MHz, 0.8000)  ω_d/(2π)=12.0000 GHz  0.0s
[pcrb_widephi  34] log_JP=+22.015002  c=(12.0000, 0.4000, 5.0000 MHz, 5.0000)  ω_d/(2π)=12.0000 GHz  0.0s
[pcrb_widephi  35] log_JP=+19.280765  c=(3.0000, 0.1500, 0.1000 MHz, 5.0000)  ω_d/(2π)=12.0000 GHz  0.0s
[pcrb_widephi  36] log_JP=+19.170368  c=(3.0000, 0.1500, 2.9010 MHz, 0.8000)  ω_d/(2π)=6.2821 GHz  0.0s
[pcrb_widephi  37] log_JP=+19.214182  c=(3.0000, 0.2670, 2.3956 MHz, 0.8000)  ω_d/(2π)=7.4532 GHz  0.0s
[pcrb_widephi  38] log_JP=+19.249274  c=(3.0000, 0.1500, 0.1000 MHz, 0.8000)  ω_d/(2π)=6.5084 GHz  0.0s
[pcrb_widephi  39] log_JP=+19.280865  c=(3.0000, 0.2583, 2.1740 MHz, 2.4399)  ω_d/(2π)=9.8817 GHz  0.0s
[pcrb_widephi  40] log_JP=+19.144478  c=(3.0000, 0.1500, 5.0000 MHz, 0.8000)  ω_d/(2π)=6.4978 GHz  0.0s
[pcrb_widephi  41] log_JP=+19.101994  c=(3.0000, 0.1500, 0.1000 MHz, 5.0000)  ω_d/(2π)=6.6074 GHz  0.0s
[pcrb_widephi  42] log_JP=+19.273830  c=(3.0000, 0.1500, 0.1000 MHz, 3.0925)  ω_d/(2π)=6.9031 GHz  0.0s
[pcrb_widephi  43] log_JP=+19.354211  c=(3.0000, 0.2560, 0.1000 MHz, 5.0000)  ω_d/(2π)=7.1628 GHz  0.0s
[pcrb_widephi  44] log_JP=+19.160475  c=(3.0000, 0.1500, 2.5391 MHz, 5.0000)  ω_d/(2π)=6.8885 GHz  0.0s
[pcrb_widephi  45] log_JP=+19.362853  c=(3.0000, 0.4000, 2.0710 MHz, 5.0000)  ω_d/(2π)=7.0645 GHz  0.0s
[pcrb_widephi  46] log_JP=+19.411776  c=(3.0000, 0.4000, 0.1000 MHz, 5.0000)  ω_d/(2π)=6.5315 GHz  0.0s
[pcrb_widephi  47] log_JP=+19.277301  c=(3.0000, 0.1500, 5.0000 MHz, 5.0000)  ω_d/(2π)=6.4937 GHz  0.0s
[pcrb_widephi  48] log_JP=+19.279905  c=(3.0000, 0.4000, 5.0000 MHz, 0.8000)  ω_d/(2π)=6.6447 GHz  0.0s
[pcrb_widephi  49] log_JP=+19.280057  c=(3.0000, 0.2691, 3.2088 MHz, 5.0000)  ω_d/(2π)=8.8614 GHz  0.0s
[pcrb_widephi  50] log_JP=+19.349161  c=(3.0000, 0.4000, 5.0000 MHz, 5.0000)  ω_d/(2π)=6.6864 GHz  0.0s
[pcrb_widephi  51] log_JP=+19.373648  c=(3.0000, 0.4000, 0.1000 MHz, 0.8000)  ω_d/(2π)=6.6332 GHz  0.0s
[pcrb_widephi  52] log_JP=+19.208364  c=(3.0000, 0.1500, 3.7817 MHz, 2.8603)  ω_d/(2π)=6.3914 GHz  0.0s
[pcrb_widephi  53] log_JP=+19.364459  c=(3.0000, 0.2879, 2.4850 MHz, 0.8000)  ω_d/(2π)=12.0000 GHz  0.0s
[pcrb_widephi  54] log_JP=+19.191651  c=(3.0000, 0.2708, 0.1000 MHz, 0.8000)  ω_d/(2π)=12.0000 GHz  0.0s
[pcrb_widephi  55] log_JP=+19.387166  c=(3.0000, 0.4000, 2.6576 MHz, 0.8000)  ω_d/(2π)=4.4597 GHz  0.0s
[pcrb_widephi  56] log_JP=+19.279189  c=(3.0000, 0.1500, 2.3721 MHz, 2.2439)  ω_d/(2π)=1.0000 GHz  0.0s
[pcrb_widephi  57] log_JP=+21.797476  c=(12.0000, 0.4000, 5.0000 MHz, 0.8000)  ω_d/(2π)=1.0000 GHz  0.0s
[pcrb_widephi  58] log_JP=+19.299624  c=(3.0000, 0.2776, 0.1000 MHz, 5.0000)  ω_d/(2π)=12.0000 GHz  0.0s
[pcrb_widephi  59] log_JP=+20.425851  c=(4.9037, 0.1500, 0.1000 MHz, 5.0000)  ω_d/(2π)=4.8580 GHz  0.0s
[pcrb_widephi  60] log_JP=+19.368812  c=(3.0000, 0.3454, 2.3447 MHz, 5.0000)  ω_d/(2π)=12.0000 GHz  0.0s
[pcrb_widephi  61] log_JP=+19.162115  c=(3.0000, 0.2738, 5.0000 MHz, 5.0000)  ω_d/(2π)=12.0000 GHz  0.0s
[pcrb_widephi  62] log_JP=+19.278189  c=(3.0000, 0.1500, 5.0000 MHz, 2.8688)  ω_d/(2π)=1.0000 GHz  0.0s
[pcrb_widephi  63] log_JP=+19.326028  c=(3.0000, 0.4000, 5.0000 MHz, 2.5097)  ω_d/(2π)=4.7307 GHz  0.0s
[pcrb_widephi  64] log_JP=+19.280745  c=(3.0000, 0.1500, 0.1000 MHz, 2.8488)  ω_d/(2π)=1.0000 GHz  0.0s
[pcrb_widephi  65] log_JP=+19.417017  c=(3.0000, 0.4000, 2.5333 MHz, 2.7050)  ω_d/(2π)=1.0000 GHz  0.0s
[pcrb_widephi  66] log_JP=+19.232653  c=(3.0000, 0.2811, 0.1000 MHz, 1.8436)  ω_d/(2π)=4.4290 GHz  0.0s
[pcrb_widephi  67] log_JP=+19.417532  c=(3.0000, 0.4000, 0.1000 MHz, 2.8893)  ω_d/(2π)=1.0000 GHz  0.0s
[pcrb_widephi  68] log_JP=+19.305272  c=(3.0000, 0.2778, 5.0000 MHz, 3.2635)  ω_d/(2π)=12.0000 GHz  0.0s
[pcrb_widephi  69] log_JP=+19.281964  c=(3.0000, 0.2662, 0.1000 MHz, 0.8000)  ω_d/(2π)=1.0000 GHz  0.0s
[pcrb_widephi  70] log_JP=+20.142054  c=(4.3165, 0.2624, 0.1000 MHz, 0.8000)  ω_d/(2π)=7.0064 GHz  0.0s
[pcrb_widephi  71] log_JP=+19.146118  c=(3.0000, 0.2653, 5.0000 MHz, 1.7344)  ω_d/(2π)=4.6254 GHz  0.0s
[pcrb_widephi  72] log_JP=+19.234430  c=(3.0000, 0.3300, 0.1000 MHz, 2.9386)  ω_d/(2π)=12.0000 GHz  0.0s
[pcrb_widephi  73] log_JP=+19.342310  c=(3.0000, 0.2795, 3.5792 MHz, 0.8000)  ω_d/(2π)=1.0000 GHz  0.0s
[pcrb_widephi  74] log_JP=+19.322547  c=(3.0000, 0.2080, 2.9133 MHz, 5.0000)  ω_d/(2π)=1.0000 GHz  0.0s
[pcrb_widephi  75] log_JP=+19.190585  c=(3.0000, 0.2998, 0.1000 MHz, 4.0686)  ω_d/(2π)=1.0000 GHz  0.0s
[pcrb_widephi  76] log_JP=+19.382127  c=(3.0000, 0.2833, 5.0000 MHz, 5.0000)  ω_d/(2π)=1.0000 GHz  0.0s
[pcrb_widephi  77] log_JP=+19.279345  c=(3.0000, 0.1500, 2.4829 MHz, 2.5692)  ω_d/(2π)=12.0000 GHz  0.0s
[pcrb_widephi  78] log_JP=+19.394181  c=(3.0000, 0.3360, 5.0000 MHz, 2.9304)  ω_d/(2π)=1.0000 GHz  0.0s
[pcrb_widephi  79] log_JP=+19.372858  c=(3.0000, 0.3439, 2.0831 MHz, 5.0000)  ω_d/(2π)=1.0000 GHz  0.0s
[pcrb_widephi  80] log_JP=+19.976851  c=(4.0951, 0.1500, 2.4506 MHz, 0.8000)  ω_d/(2π)=12.0000 GHz  0.0s
[pcrb_widephi  81] log_JP=+19.259276  c=(3.0000, 0.1869, 2.7048 MHz, 5.0000)  ω_d/(2π)=12.0000 GHz  0.0s
[pcrb_widephi  82] log_JP=+20.109606  c=(4.1453, 0.2642, 5.0000 MHz, 5.0000)  ω_d/(2π)=12.0000 GHz  0.0s
[pcrb_widephi  83] log_JP=+19.277859  c=(3.0000, 0.1500, 5.0000 MHz, 2.5554)  ω_d/(2π)=12.0000 GHz  0.0s
[pcrb_widephi  84] log_JP=+19.865160  c=(3.7521, 0.2528, 5.0000 MHz, 0.8000)  ω_d/(2π)=1.0000 GHz  0.0s
[pcrb_widephi  85] log_JP=+19.923720  c=(3.7998, 0.3292, 1.1969 MHz, 1.7327)  ω_d/(2π)=1.0000 GHz  0.0s
[pcrb_widephi  86] log_JP=+20.164779  c=(4.2811, 0.3189, 0.1000 MHz, 5.0000)  ω_d/(2π)=1.0000 GHz  0.0s
[pcrb_widephi  87] log_JP=+19.417228  c=(3.0000, 0.4000, 1.8485 MHz, 3.2708)  ω_d/(2π)=12.0000 GHz  0.0s
[pcrb_widephi  88] log_JP=+20.115085  c=(4.2231, 0.2254, 5.0000 MHz, 0.8000)  ω_d/(2π)=12.0000 GHz  0.0s
[pcrb_widephi  89] log_JP=+19.924585  c=(3.9357, 0.1500, 3.1915 MHz, 0.8000)  ω_d/(2π)=1.0000 GHz  0.0s
[pcrb_widephi  90] log_JP=+20.117346  c=(4.0206, 0.4000, 0.1000 MHz, 2.5512)  ω_d/(2π)=12.0000 GHz  0.0s
[pcrb_widephi  91] log_JP=+20.226144  c=(4.5033, 0.1500, 0.1000 MHz, 0.8000)  ω_d/(2π)=12.0000 GHz  0.0s
[pcrb_widephi  92] log_JP=+20.120393  c=(4.0721, 0.4000, 5.0000 MHz, 5.0000)  ω_d/(2π)=1.0000 GHz  0.0s
[pcrb_widephi  93] log_JP=+19.896929  c=(3.9959, 0.1500, 3.3714 MHz, 5.0000)  ω_d/(2π)=1.0000 GHz  0.0s
[pcrb_widephi  94] log_JP=+20.073571  c=(3.9376, 0.4000, 3.1796 MHz, 5.0000)  ω_d/(2π)=12.0000 GHz  0.0s
[pcrb_widephi  95] log_JP=+21.891725  c=(12.0000, 0.1500, 0.1000 MHz, 5.0000)  ω_d/(2π)=1.0000 GHz  0.0s
[pcrb_widephi  96] log_JP=+20.143237  c=(4.3159, 0.1500, 0.1000 MHz, 1.9672)  ω_d/(2π)=1.0000 GHz  0.0s
[pcrb_widephi  97] log_JP=+20.195854  c=(4.2199, 0.4000, 5.0000 MHz, 0.8000)  ω_d/(2π)=4.0687 GHz  0.0s
[pcrb_widephi  98] log_JP=+21.797476  c=(12.0000, 0.4000, 5.0000 MHz, 0.8000)  ω_d/(2π)=12.0000 GHz  0.0s
[pcrb_widephi  99] log_JP=+20.190046  c=(4.5253, 0.1500, 5.0000 MHz, 0.8000)  ω_d/(2π)=4.7509 GHz  0.0s
[pcrb_widephi 100] log_JP=+19.961162  c=(3.8481, 0.4000, 1.8368 MHz, 0.8000)  ω_d/(2π)=12.0000 GHz  0.0s

bopt total: 0.15 min

Best log_JP = 22.027209 at eval 30
  c_best:  f_q=12.0000 GHz  E_C=0.4000 GHz  κ=0.1000 MHz  Δ=5.0000 GHz
  ω_d/(2π) = 1.0000 GHz   ω_d = 6.2832e+09 rad/s

Verifying schedule assumption: enumerate at the BOpt winner...
  argmax schedule: [(10, 2), (10, 2), (10, 2), (10, 2)]   log_JP=22.027209   (71.7s)
  fixed assumed:   [(10, 2), (10, 2), (10, 2), (10, 2)]   log_JP=22.027209
  ✓ assumption confirmed at this c+ω_d
  ω_d_fn(c_best)/(2π) = 4.0530 GHz  (Δ from BOpt's ω_d = -3.0530 GHz, -75.3%)
┌ Warning: use values(kwargs) instead of kwargs.data
│   caller = #MAPGPOptimizer#13 at gp.jl:37 [inlined]
└ @ Core ~/.julia/packages/BayesianOptimization/nq1HY/src/models/gp.jl:37
┌ Warning: NLopt returned FORCED_STOP while optimizing the GP.
└ @ BayesianOptimization ~/.julia/packages/BayesianOptimization/nq1HY/src/models/gp.jl:72
[ Info: 2026-04-26T21:52:06.034	iteration: 10	current optimum: 21.792931471648625
[ Info: 2026-04-26T21:52:09.576	iteration: 11	current optimum: 21.792931471648625
[ Info: 2026-04-26T21:52:09.577	iteration: 12	current optimum: 21.792931471648625
[ Info: 2026-04-26T21:52:09.577	iteration: 13	current optimum: 21.792931471648625
[ Info: 2026-04-26T21:52:09.578	iteration: 14	current optimum: 21.792931471648625
[ Info: 2026-04-26T21:52:09.579	iteration: 15	current optimum: 21.792931471648625
[ Info: 2026-04-26T21:52:09.580	iteration: 16	current optimum: 22.022008556304982
[ Info: 2026-04-26T21:52:09.580	iteration: 17	current optimum: 22.022008556304982
[ Info: 2026-04-26T21:52:09.581	iteration: 18	current optimum: 22.022008556304982
[ Info: 2026-04-26T21:52:09.582	iteration: 19	current optimum: 22.022008556304982
┌ Warning: NLopt returned FORCED_STOP while optimizing the GP.
└ @ BayesianOptimization ~/.julia/packages/BayesianOptimization/nq1HY/src/models/gp.jl:72
[ Info: 2026-04-26T21:52:09.583	iteration: 20	current optimum: 22.022008556304982
[ Info: 2026-04-26T21:52:09.584	iteration: 21	current optimum: 22.022008556304982
[ Info: 2026-04-26T21:52:09.585	iteration: 22	current optimum: 22.022008556304982
[ Info: 2026-04-26T21:52:09.586	iteration: 23	current optimum: 22.022008556304982
[ Info: 2026-04-26T21:52:09.586	iteration: 24	current optimum: 22.022008556304982
[ Info: 2026-04-26T21:52:09.587	iteration: 25	current optimum: 22.022008556304982
[ Info: 2026-04-26T21:52:09.588	iteration: 26	current optimum: 22.022008556304982
[ Info: 2026-04-26T21:52:09.589	iteration: 27	current optimum: 22.022008556304982
[ Info: 2026-04-26T21:52:09.590	iteration: 28	current optimum: 22.022008556304982
[ Info: 2026-04-26T21:52:09.591	iteration: 29	current optimum: 22.022008556304982
┌ Warning: NLopt returned FORCED_STOP while optimizing the GP.
└ @ BayesianOptimization ~/.julia/packages/BayesianOptimization/nq1HY/src/models/gp.jl:72
[ Info: 2026-04-26T21:52:09.592	iteration: 30	current optimum: 22.02720895262831
[ Info: 2026-04-26T21:52:09.593	iteration: 31	current optimum: 22.02720895262831
[ Info: 2026-04-26T21:52:09.594	iteration: 32	current optimum: 22.02720895262831
[ Info: 2026-04-26T21:52:09.595	iteration: 33	current optimum: 22.02720895262831
[ Info: 2026-04-26T21:52:09.596	iteration: 34	current optimum: 22.02720895262831
[ Info: 2026-04-26T21:52:09.597	iteration: 35	current optimum: 22.02720895262831
[ Info: 2026-04-26T21:52:09.620	iteration: 36	current optimum: 22.02720895262831
[ Info: 2026-04-26T21:52:09.622	iteration: 37	current optimum: 22.02720895262831
[ Info: 2026-04-26T21:52:09.623	iteration: 38	current optimum: 22.02720895262831
[ Info: 2026-04-26T21:52:09.624	iteration: 39	current optimum: 22.02720895262831
┌ Warning: NLopt returned FORCED_STOP while optimizing the GP.
└ @ BayesianOptimization ~/.julia/packages/BayesianOptimization/nq1HY/src/models/gp.jl:72
[ Info: 2026-04-26T21:52:09.626	iteration: 40	current optimum: 22.02720895262831
[ Info: 2026-04-26T21:52:09.627	iteration: 41	current optimum: 22.02720895262831
[ Info: 2026-04-26T21:52:09.629	iteration: 42	current optimum: 22.02720895262831
[ Info: 2026-04-26T21:52:09.630	iteration: 43	current optimum: 22.02720895262831
[ Info: 2026-04-26T21:52:09.632	iteration: 44	current optimum: 22.02720895262831
[ Info: 2026-04-26T21:52:09.633	iteration: 45	current optimum: 22.02720895262831
[ Info: 2026-04-26T21:52:09.634	iteration: 46	current optimum: 22.02720895262831
[ Info: 2026-04-26T21:52:09.636	iteration: 47	current optimum: 22.02720895262831
[ Info: 2026-04-26T21:52:09.638	iteration: 48	current optimum: 22.02720895262831
[ Info: 2026-04-26T21:52:09.639	iteration: 49	current optimum: 22.02720895262831
┌ Warning: NLopt returned FORCED_STOP while optimizing the GP.
└ @ BayesianOptimization ~/.julia/packages/BayesianOptimization/nq1HY/src/models/gp.jl:72
[ Info: 2026-04-26T21:52:09.641	iteration: 50	current optimum: 22.02720895262831
[ Info: 2026-04-26T21:52:09.642	iteration: 51	current optimum: 22.02720895262831
[ Info: 2026-04-26T21:52:09.644	iteration: 52	current optimum: 22.02720895262831
[ Info: 2026-04-26T21:52:09.661	iteration: 53	current optimum: 22.02720895262831
[ Info: 2026-04-26T21:52:09.663	iteration: 54	current optimum: 22.02720895262831
[ Info: 2026-04-26T21:52:09.665	iteration: 55	current optimum: 22.02720895262831
[ Info: 2026-04-26T21:52:09.667	iteration: 56	current optimum: 22.02720895262831
[ Info: 2026-04-26T21:52:09.668	iteration: 57	current optimum: 22.02720895262831
[ Info: 2026-04-26T21:52:09.670	iteration: 58	current optimum: 22.02720895262831
[ Info: 2026-04-26T21:52:09.672	iteration: 59	current optimum: 22.02720895262831
┌ Warning: NLopt returned FORCED_STOP while optimizing the GP.
└ @ BayesianOptimization ~/.julia/packages/BayesianOptimization/nq1HY/src/models/gp.jl:72
[ Info: 2026-04-26T21:52:09.674	iteration: 60	current optimum: 22.02720895262831
[ Info: 2026-04-26T21:52:09.676	iteration: 61	current optimum: 22.02720895262831
[ Info: 2026-04-26T21:52:09.678	iteration: 62	current optimum: 22.02720895262831
[ Info: 2026-04-26T21:52:09.689	iteration: 63	current optimum: 22.02720895262831
[ Info: 2026-04-26T21:52:09.691	iteration: 64	current optimum: 22.02720895262831
[ Info: 2026-04-26T21:52:09.693	iteration: 65	current optimum: 22.02720895262831
[ Info: 2026-04-26T21:52:09.695	iteration: 66	current optimum: 22.02720895262831
[ Info: 2026-04-26T21:52:09.697	iteration: 67	current optimum: 22.02720895262831
[ Info: 2026-04-26T21:52:09.699	iteration: 68	current optimum: 22.02720895262831
[ Info: 2026-04-26T21:52:09.701	iteration: 69	current optimum: 22.02720895262831
┌ Warning: NLopt returned FORCED_STOP while optimizing the GP.
└ @ BayesianOptimization ~/.julia/packages/BayesianOptimization/nq1HY/src/models/gp.jl:72
[ Info: 2026-04-26T21:52:09.706	iteration: 70	current optimum: 22.02720895262831
[ Info: 2026-04-26T21:52:09.709	iteration: 71	current optimum: 22.02720895262831
[ Info: 2026-04-26T21:52:09.711	iteration: 72	current optimum: 22.02720895262831
[ Info: 2026-04-26T21:52:09.713	iteration: 73	current optimum: 22.02720895262831
[ Info: 2026-04-26T21:52:09.717	iteration: 74	current optimum: 22.02720895262831
[ Info: 2026-04-26T21:52:09.720	iteration: 75	current optimum: 22.02720895262831
[ Info: 2026-04-26T21:52:09.722	iteration: 76	current optimum: 22.02720895262831
[ Info: 2026-04-26T21:52:09.724	iteration: 77	current optimum: 22.02720895262831
[ Info: 2026-04-26T21:52:09.727	iteration: 78	current optimum: 22.02720895262831
[ Info: 2026-04-26T21:52:09.730	iteration: 79	current optimum: 22.02720895262831
┌ Warning: NLopt returned FORCED_STOP while optimizing the GP.
└ @ BayesianOptimization ~/.julia/packages/BayesianOptimization/nq1HY/src/models/gp.jl:72
[ Info: 2026-04-26T21:52:09.732	iteration: 80	current optimum: 22.02720895262831
[ Info: 2026-04-26T21:52:09.736	iteration: 81	current optimum: 22.02720895262831
[ Info: 2026-04-26T21:52:09.739	iteration: 82	current optimum: 22.02720895262831
[ Info: 2026-04-26T21:52:09.742	iteration: 83	current optimum: 22.02720895262831
[ Info: 2026-04-26T21:52:09.745	iteration: 84	current optimum: 22.02720895262831
[ Info: 2026-04-26T21:52:09.747	iteration: 85	current optimum: 22.02720895262831
[ Info: 2026-04-26T21:52:09.751	iteration: 86	current optimum: 22.02720895262831
[ Info: 2026-04-26T21:52:09.753	iteration: 87	current optimum: 22.02720895262831
[ Info: 2026-04-26T21:52:09.757	iteration: 88	current optimum: 22.02720895262831
[ Info: 2026-04-26T21:52:09.760	iteration: 89	current optimum: 22.02720895262831
┌ Warning: NLopt returned FORCED_STOP while optimizing the GP.
└ @ BayesianOptimization ~/.julia/packages/BayesianOptimization/nq1HY/src/models/gp.jl:72
[ Info: 2026-04-26T21:52:09.764	iteration: 90	current optimum: 22.02720895262831
[ Info: 2026-04-26T21:52:09.767	iteration: 91	current optimum: 22.02720895262831
[ Info: 2026-04-26T21:52:09.770	iteration: 92	current optimum: 22.02720895262831
[ Info: 2026-04-26T21:52:09.773	iteration: 93	current optimum: 22.02720895262831
[ Info: 2026-04-26T21:52:09.776	iteration: 94	current optimum: 22.02720895262831
[ Info: 2026-04-26T21:52:09.780	iteration: 95	current optimum: 22.02720895262831
[ Info: 2026-04-26T21:52:09.785	iteration: 96	current optimum: 22.02720895262831
[ Info: 2026-04-26T21:52:09.788	iteration: 97	current optimum: 22.02720895262831
[ Info: 2026-04-26T21:52:09.791	iteration: 98	current optimum: 22.02720895262831
[ Info: 2026-04-26T21:52:09.796	iteration: 99	current optimum: 22.02720895262831
┌ Warning: NLopt returned FORCED_STOP while optimizing the GP.
└ @ BayesianOptimization ~/.julia/packages/BayesianOptimization/nq1HY/src/models/gp.jl:72
┌ Info: ──────────────────────────────────────────────────────────────────────────────────────────────
│                                                      Time                    Allocations      
│                                             ───────────────────────   ────────────────────────
│              Tot / % measured:                   7.60s /  98.8%           1.56GiB /  99.6%    
│ 
│ Section                             ncalls     time    %tot     avg     alloc    %tot      avg
│ ──────────────────────────────────────────────────────────────────────────────────────────────
│ acquisition                             91    5.43s   72.3%  59.7ms   1.40GiB   90.1%  15.8MiB
│ model update                            91    1.25s   16.6%  13.7ms   84.4MiB    5.3%   950KiB
│ function evaluation                    100    482ms    6.4%  4.82ms   19.6MiB    1.2%   200KiB
│ model hyperparameter optimization       91    349ms    4.6%  3.83ms   53.0MiB    3.3%   597KiB
└ ──────────────────────────────────────────────────────────────────────────────────────────────
Saved /home/zlin/BFIMGaussian/doc/scqubit_widephi/results/bayesopt_pcrb_phi16_K4/result.jls
