compare_mse_widephi.jl  (PHI_MAX=0.18; K_EPOCHS=4; 5-D BayesOpt: ω_d free)
Threads: 64
c_joint*  : f_q=3.0000  E_C=0.1500  κ=5.0000 MHz  Δ=4.7616   V_train=-3.8777e-04
ω_d_joint*/(2π) = 7.0952 GHz   (would-be ω_d_fn at c1: 2.0364 GHz)
c_pcrb*   : f_q=12.0000  E_C=0.4000  κ=0.1000 MHz  Δ=5.0000   log_JP=22.2997
ω_d_pcrb*/(2π)  = 1.0000 GHz   (would-be ω_d_fn at c2: 4.0530 GHz)   sched=[(10, 2), (10, 2), (10, 2), (10, 2)]

[Deploy joint-DP at K_PHI=256]
  Re-solve V=-3.8777e-04  29.6s
  Exact Bayes-MMSE from Bellman: 3.8777e-04
  MC MSE_1 = 3.8883e-04 ± 9.28e-06  (6.0s)

[Deploy PCRB at K_PHI=256]
  MC MSE_2 = 2.7453e-03 ± 1.74e-05  (3.6s)

========================================================================
HEADLINE  (PHI_MAX=0.18, K_EPOCHS=4, 5-D BayesOpt with ω_d free, K_PHI=256)
------------------------------------------------------------------------
  -V_adaptive(c_1) (exact Bayes-MMSE) = 3.8777e-04
  MC MSE_1 (joint-DP, redundant)      = 3.8883e-04 ± 9.28e-06
  MC MSE_2 (PCRB)                     = 2.7453e-03 ± 1.74e-05
  CRB lower bound 1/J_P               = 2.0672e-10
  ratio MC: MSE_2 / MSE_1             = 7.060
  ratio exact: MSE_2 / (-V_adaptive)  = 7.080
  z-score                             = +119.24 σ
========================================================================
Saved.
