compare_mse_widephi.jl  (PHI_MAX=0.12; K_EPOCHS=4; 5-D BayesOpt: ω_d free)
Threads: 64
c_joint*  : f_q=3.0000  E_C=0.1500  κ=5.0000 MHz  Δ=2.3324   V_train=-3.3992e-05
ω_d_joint*/(2π) = 5.3826 GHz   (would-be ω_d_fn at c1: 2.0088 GHz)
c_pcrb*   : f_q=12.0000  E_C=0.4000  κ=0.1000 MHz  Δ=5.0000   log_JP=21.4431
ω_d_pcrb*/(2π)  = 1.0000 GHz   (would-be ω_d_fn at c2: 4.0530 GHz)   sched=[(10, 2), (10, 2), (10, 2), (10, 2)]

[Deploy joint-DP at K_PHI=256]
  Re-solve V=-3.3992e-05  30.6s
  Exact Bayes-MMSE from Bellman: 3.3992e-05
  MC MSE_1 = 3.5275e-05 ± 1.63e-06  (6.2s)

[Deploy PCRB at K_PHI=256]
  MC MSE_2 = 1.2374e-03 ± 8.01e-06  (3.6s)

========================================================================
HEADLINE  (PHI_MAX=0.12, K_EPOCHS=4, 5-D BayesOpt with ω_d free, K_PHI=256)
------------------------------------------------------------------------
  -V_adaptive(c_1) (exact Bayes-MMSE) = 3.3992e-05
  MC MSE_1 (joint-DP, redundant)      = 3.5275e-05 ± 1.63e-06
  MC MSE_2 (PCRB)                     = 1.2374e-03 ± 8.01e-06
  CRB lower bound 1/J_P               = 4.8683e-10
  ratio MC: MSE_2 / MSE_1             = 35.078
  ratio exact: MSE_2 / (-V_adaptive)  = 36.402
  z-score                             = +147.09 σ
========================================================================
Saved.
